2017-11-24 16:50:55.912 +02:00 [Fatal] Unable to start Kestrel.
System.AggregateException: Произошла одна или несколько ошибок. ---> Microsoft.AspNetCore.Server.Kestrel.Internal.Networking.UvException: Error -4092 EACCES permission denied
   в Microsoft.AspNetCore.Server.Kestrel.Internal.Networking.Libuv.tcp_bind(UvTcpHandle handle, SockAddr& addr, Int32 flags)
   в Microsoft.AspNetCore.Server.Kestrel.Internal.Networking.UvTcpHandle.Bind(ServerAddress address)
   в Microsoft.AspNetCore.Server.Kestrel.Internal.Http.TcpListenerPrimary.CreateListenSocket()
   в Microsoft.AspNetCore.Server.Kestrel.Internal.Http.Listener.<StartAsync>b__8_0(Object state)
--- Конец трассировка стека из предыдущего расположения, где возникло исключение ---
   в System.Runtime.CompilerServices.TaskAwaiter.ThrowForNonSuccess(Task task)
   в System.Runtime.CompilerServices.TaskAwaiter.HandleNonSuccessAndDebuggerNotification(Task task)
   в Microsoft.AspNetCore.Server.Kestrel.Internal.Http.ListenerPrimary.<StartAsync>d__12.MoveNext()
   --- Конец трассировки внутреннего стека исключений ---
   в System.Threading.Tasks.Task.ThrowIfExceptional(Boolean includeTaskCanceledExceptions)
   в System.Threading.Tasks.Task.Wait(Int32 millisecondsTimeout, CancellationToken cancellationToken)
   в Microsoft.AspNetCore.Server.Kestrel.Internal.KestrelEngine.CreateServer(ServerAddress address)
   в Microsoft.AspNetCore.Server.Kestrel.KestrelServer.Start[TContext](IHttpApplication`1 application)
---> (Внутреннее исключение #0) Microsoft.AspNetCore.Server.Kestrel.Internal.Networking.UvException: Error -4092 EACCES permission denied
   в Microsoft.AspNetCore.Server.Kestrel.Internal.Networking.Libuv.tcp_bind(UvTcpHandle handle, SockAddr& addr, Int32 flags)
   в Microsoft.AspNetCore.Server.Kestrel.Internal.Networking.UvTcpHandle.Bind(ServerAddress address)
   в Microsoft.AspNetCore.Server.Kestrel.Internal.Http.TcpListenerPrimary.CreateListenSocket()
   в Microsoft.AspNetCore.Server.Kestrel.Internal.Http.Listener.<StartAsync>b__8_0(Object state)
--- Конец трассировка стека из предыдущего расположения, где возникло исключение ---
   в System.Runtime.CompilerServices.TaskAwaiter.ThrowForNonSuccess(Task task)
   в System.Runtime.CompilerServices.TaskAwaiter.HandleNonSuccessAndDebuggerNotification(Task task)
   в Microsoft.AspNetCore.Server.Kestrel.Internal.Http.ListenerPrimary.<StartAsync>d__12.MoveNext()<---

2017-11-24 16:55:47.241 +02:00 [Fatal] Unable to start Kestrel.
System.AggregateException: Произошла одна или несколько ошибок. ---> Microsoft.AspNetCore.Server.Kestrel.Internal.Networking.UvException: Error -4092 EACCES permission denied
   в Microsoft.AspNetCore.Server.Kestrel.Internal.Networking.Libuv.tcp_bind(UvTcpHandle handle, SockAddr& addr, Int32 flags)
   в Microsoft.AspNetCore.Server.Kestrel.Internal.Networking.UvTcpHandle.Bind(ServerAddress address)
   в Microsoft.AspNetCore.Server.Kestrel.Internal.Http.TcpListenerPrimary.CreateListenSocket()
   в Microsoft.AspNetCore.Server.Kestrel.Internal.Http.Listener.<StartAsync>b__8_0(Object state)
--- Конец трассировка стека из предыдущего расположения, где возникло исключение ---
   в System.Runtime.CompilerServices.TaskAwaiter.ThrowForNonSuccess(Task task)
   в System.Runtime.CompilerServices.TaskAwaiter.HandleNonSuccessAndDebuggerNotification(Task task)
   в Microsoft.AspNetCore.Server.Kestrel.Internal.Http.ListenerPrimary.<StartAsync>d__12.MoveNext()
   --- Конец трассировки внутреннего стека исключений ---
   в System.Threading.Tasks.Task.ThrowIfExceptional(Boolean includeTaskCanceledExceptions)
   в System.Threading.Tasks.Task.Wait(Int32 millisecondsTimeout, CancellationToken cancellationToken)
   в Microsoft.AspNetCore.Server.Kestrel.Internal.KestrelEngine.CreateServer(ServerAddress address)
   в Microsoft.AspNetCore.Server.Kestrel.KestrelServer.Start[TContext](IHttpApplication`1 application)
---> (Внутреннее исключение #0) Microsoft.AspNetCore.Server.Kestrel.Internal.Networking.UvException: Error -4092 EACCES permission denied
   в Microsoft.AspNetCore.Server.Kestrel.Internal.Networking.Libuv.tcp_bind(UvTcpHandle handle, SockAddr& addr, Int32 flags)
   в Microsoft.AspNetCore.Server.Kestrel.Internal.Networking.UvTcpHandle.Bind(ServerAddress address)
   в Microsoft.AspNetCore.Server.Kestrel.Internal.Http.TcpListenerPrimary.CreateListenSocket()
   в Microsoft.AspNetCore.Server.Kestrel.Internal.Http.Listener.<StartAsync>b__8_0(Object state)
--- Конец трассировка стека из предыдущего расположения, где возникло исключение ---
   в System.Runtime.CompilerServices.TaskAwaiter.ThrowForNonSuccess(Task task)
   в System.Runtime.CompilerServices.TaskAwaiter.HandleNonSuccessAndDebuggerNotification(Task task)
   в Microsoft.AspNetCore.Server.Kestrel.Internal.Http.ListenerPrimary.<StartAsync>d__12.MoveNext()<---

