2017-11-24 15:59:36.200 +02:00 [Information] Request starting HTTP/1.1 GET http://localhost:17000/api.doc/  
2017-11-24 15:59:36.540 +02:00 [Information] Sending file. Request path: '"/index.html"'. Physical path: '"N/A"'
2017-11-24 15:59:36.677 +02:00 [Information] Request finished in 535.6385ms 200 text/html
2017-11-24 15:59:36.719 +02:00 [Information] Request starting HTTP/1.1 GET http://localhost:17000/api.doc/css/typography.css  
2017-11-24 15:59:36.723 +02:00 [Information] Request starting HTTP/1.1 GET http://localhost:17000/api.doc/css/reset.css  
2017-11-24 15:59:36.768 +02:00 [Information] The file "/css/reset.css" was not modified
2017-11-24 15:59:36.790 +02:00 [Information] Request finished in 63.6099ms 304 text/css
2017-11-24 15:59:36.792 +02:00 [Information] Request starting HTTP/1.1 GET http://localhost:17000/api.doc/css/screen.css  
2017-11-24 15:59:36.797 +02:00 [Information] The file "/css/screen.css" was not modified
2017-11-24 15:59:36.801 +02:00 [Information] Request finished in 7.1786ms 304 text/css
2017-11-24 15:59:36.803 +02:00 [Information] Request starting HTTP/1.1 GET http://localhost:17000/api.doc/lib/object-assign-pollyfill.js  
2017-11-24 15:59:36.804 +02:00 [Information] The file "/css/typography.css" was not modified
2017-11-24 15:59:36.806 +02:00 [Information] Request finished in 96.1966ms 304 text/css
2017-11-24 15:59:36.836 +02:00 [Information] The file "/lib/object-assign-pollyfill.js" was not modified
2017-11-24 15:59:36.837 +02:00 [Information] Request finished in 35.0203ms 304 application/javascript
2017-11-24 15:59:36.891 +02:00 [Information] Request starting HTTP/1.1 GET http://localhost:17000/api.doc/lib/jquery-1.8.0.min.js  
2017-11-24 15:59:36.892 +02:00 [Information] Request starting HTTP/1.1 GET http://localhost:17000/api.doc/lib/jquery.slideto.min.js  
2017-11-24 15:59:36.948 +02:00 [Information] The file "/lib/jquery-1.8.0.min.js" was not modified
2017-11-24 15:59:36.954 +02:00 [Information] The file "/lib/jquery.slideto.min.js" was not modified
2017-11-24 15:59:36.955 +02:00 [Information] Request finished in 64.6143ms 304 application/javascript
2017-11-24 15:59:36.956 +02:00 [Information] Request finished in 58.7929ms 304 application/javascript
2017-11-24 15:59:36.956 +02:00 [Information] Request starting HTTP/1.1 GET http://localhost:17000/api.doc/lib/jquery.wiggle.min.js  
2017-11-24 15:59:36.957 +02:00 [Information] The file "/lib/jquery.wiggle.min.js" was not modified
2017-11-24 15:59:36.958 +02:00 [Information] Request finished in 1.4506ms 304 application/javascript
2017-11-24 15:59:37.030 +02:00 [Information] Request starting HTTP/1.1 GET http://localhost:17000/api.doc/lib/jquery.ba-bbq.min.js  
2017-11-24 15:59:37.052 +02:00 [Information] The file "/lib/jquery.ba-bbq.min.js" was not modified
2017-11-24 15:59:37.053 +02:00 [Information] Request finished in 56.081ms 304 application/javascript
2017-11-24 15:59:37.082 +02:00 [Information] Request starting HTTP/1.1 GET http://localhost:17000/api.doc/lib/handlebars-4.0.5.js  
2017-11-24 15:59:37.088 +02:00 [Information] Request starting HTTP/1.1 GET http://localhost:17000/api.doc/swagger-ui.min.js  
2017-11-24 15:59:37.088 +02:00 [Information] Request starting HTTP/1.1 GET http://localhost:17000/api.doc/lib/backbone-min.js  
2017-11-24 15:59:37.090 +02:00 [Information] Request starting HTTP/1.1 GET http://localhost:17000/api.doc/lib/lodash.min.js  
2017-11-24 15:59:37.091 +02:00 [Information] Request starting HTTP/1.1 GET http://localhost:17000/api.doc/lib/highlight.9.1.0.pack.js  
2017-11-24 15:59:37.121 +02:00 [Information] The file "/lib/handlebars-4.0.5.js" was not modified
2017-11-24 15:59:37.123 +02:00 [Information] Request finished in 114.5471ms 304 application/javascript
2017-11-24 15:59:37.124 +02:00 [Information] The file "/lib/backbone-min.js" was not modified
2017-11-24 15:59:37.124 +02:00 [Information] The file "/lib/highlight.9.1.0.pack.js" was not modified
2017-11-24 15:59:37.125 +02:00 [Information] Request starting HTTP/1.1 GET http://localhost:17000/api.doc/lib/jsoneditor.min.js  
2017-11-24 15:59:37.127 +02:00 [Information] Request finished in 66.5851ms 304 application/javascript
2017-11-24 15:59:37.128 +02:00 [Information] Request starting HTTP/1.1 GET http://localhost:17000/api.doc/lib/highlight.9.1.0.pack_extended.js  
2017-11-24 15:59:37.128 +02:00 [Information] The file "/lib/highlight.9.1.0.pack_extended.js" was not modified
2017-11-24 15:59:37.147 +02:00 [Information] Request finished in 114.4485ms 304 application/javascript
2017-11-24 15:59:37.158 +02:00 [Information] The file "/swagger-ui.min.js" was not modified
2017-11-24 15:59:37.196 +02:00 [Information] Request finished in 101.8012ms 304 application/javascript
2017-11-24 15:59:37.198 +02:00 [Information] The file "/lib/lodash.min.js" was not modified
2017-11-24 15:59:37.198 +02:00 [Information] The file "/lib/jsoneditor.min.js" was not modified
2017-11-24 15:59:37.199 +02:00 [Information] Request finished in 1.6571ms 304 application/javascript
2017-11-24 15:59:37.199 +02:00 [Information] Request finished in 75.1235ms 304 application/javascript
2017-11-24 15:59:37.199 +02:00 [Information] Request finished in 191.5002ms 304 application/javascript
2017-11-24 15:59:37.201 +02:00 [Information] Request starting HTTP/1.1 GET http://localhost:17000/api.doc/lib/marked.js  
2017-11-24 15:59:37.201 +02:00 [Information] Request starting HTTP/1.1 GET http://localhost:17000/api.doc/lib/swagger-oauth.js  
2017-11-24 15:59:37.202 +02:00 [Information] The file "/lib/marked.js" was not modified
2017-11-24 15:59:37.203 +02:00 [Information] The file "/lib/swagger-oauth.js" was not modified
2017-11-24 15:59:37.203 +02:00 [Information] Request finished in 6.6734ms 304 application/javascript
2017-11-24 15:59:37.207 +02:00 [Information] Request finished in 53.7275ms 304 application/javascript
2017-11-24 15:59:37.297 +02:00 [Information] Request starting HTTP/1.1 GET http://localhost:17000/api.doc/images/logo_small.png  
2017-11-24 15:59:37.319 +02:00 [Information] The file "/images/logo_small.png" was not modified
2017-11-24 15:59:37.323 +02:00 [Information] Request finished in 24.5064ms 304 image/png
2017-11-24 15:59:37.325 +02:00 [Information] Request starting HTTP/1.1 GET http://localhost:17000/api.doc/css/print.css  
2017-11-24 15:59:37.326 +02:00 [Information] The file "/css/print.css" was not modified
2017-11-24 15:59:37.349 +02:00 [Information] Request finished in 3.4705ms 304 text/css
2017-11-24 15:59:37.790 +02:00 [Information] Request starting HTTP/1.1 GET http://localhost:17000/swagger/v1/swagger.json  
2017-11-24 15:59:42.526 +02:00 [Information] Request finished in 4737.3984ms 200 application/json
2017-11-24 16:02:57.526 +02:00 [Information] Request starting HTTP/1.1 GET http://localhost:17000/api.doc/  
2017-11-24 16:02:57.645 +02:00 [Information] Sending file. Request path: '"/index.html"'. Physical path: '"N/A"'
2017-11-24 16:02:57.764 +02:00 [Information] Request starting HTTP/1.1 GET http://localhost:17000/api.doc/css/reset.css  
2017-11-24 16:02:57.770 +02:00 [Information] Request finished in 279.9826ms 200 text/html
2017-11-24 16:02:57.772 +02:00 [Information] The file "/css/reset.css" was not modified
2017-11-24 16:02:57.780 +02:00 [Information] Request finished in 11.3075ms 304 text/css
2017-11-24 16:02:57.782 +02:00 [Information] Request starting HTTP/1.1 GET http://localhost:17000/api.doc/css/screen.css  
2017-11-24 16:02:57.783 +02:00 [Information] The file "/css/screen.css" was not modified
2017-11-24 16:02:57.804 +02:00 [Information] Request starting HTTP/1.1 GET http://localhost:17000/api.doc/css/typography.css  
2017-11-24 16:02:57.805 +02:00 [Information] Request finished in 2.2007ms 304 text/css
2017-11-24 16:02:57.805 +02:00 [Information] Request starting HTTP/1.1 GET http://localhost:17000/api.doc/lib/object-assign-pollyfill.js  
2017-11-24 16:02:57.806 +02:00 [Information] The file "/lib/object-assign-pollyfill.js" was not modified
2017-11-24 16:02:57.808 +02:00 [Information] Request finished in 1.434ms 304 application/javascript
2017-11-24 16:02:57.809 +02:00 [Information] The file "/css/typography.css" was not modified
2017-11-24 16:02:57.814 +02:00 [Information] Request starting HTTP/1.1 GET http://localhost:17000/api.doc/lib/jquery-1.8.0.min.js  
2017-11-24 16:02:57.815 +02:00 [Information] Request finished in 29.989ms 304 text/css
2017-11-24 16:02:57.816 +02:00 [Information] Request starting HTTP/1.1 GET http://localhost:17000/api.doc/lib/jquery.slideto.min.js  
2017-11-24 16:02:57.816 +02:00 [Information] The file "/lib/jquery.slideto.min.js" was not modified
2017-11-24 16:02:57.817 +02:00 [Information] Request finished in 1.3576ms 304 application/javascript
2017-11-24 16:02:57.818 +02:00 [Information] The file "/lib/jquery-1.8.0.min.js" was not modified
2017-11-24 16:02:57.819 +02:00 [Information] Request finished in 10.6372ms 304 application/javascript
2017-11-24 16:02:57.820 +02:00 [Information] Request starting HTTP/1.1 GET http://localhost:17000/api.doc/lib/jquery.ba-bbq.min.js  
2017-11-24 16:02:57.821 +02:00 [Information] The file "/lib/jquery.ba-bbq.min.js" was not modified
2017-11-24 16:02:57.822 +02:00 [Information] Request finished in 1.8137ms 304 application/javascript
2017-11-24 16:02:57.823 +02:00 [Information] Request starting HTTP/1.1 GET http://localhost:17000/api.doc/lib/handlebars-4.0.5.js  
2017-11-24 16:02:57.824 +02:00 [Information] The file "/lib/handlebars-4.0.5.js" was not modified
2017-11-24 16:02:57.825 +02:00 [Information] Request finished in 1.931ms 304 application/javascript
2017-11-24 16:02:57.826 +02:00 [Information] Request starting HTTP/1.1 GET http://localhost:17000/api.doc/lib/jquery.wiggle.min.js  
2017-11-24 16:02:57.826 +02:00 [Information] The file "/lib/jquery.wiggle.min.js" was not modified
2017-11-24 16:02:57.827 +02:00 [Information] Request finished in 1.5138ms 304 application/javascript
2017-11-24 16:02:57.880 +02:00 [Information] Request starting HTTP/1.1 GET http://localhost:17000/api.doc/lib/lodash.min.js  
2017-11-24 16:02:57.881 +02:00 [Information] The file "/lib/lodash.min.js" was not modified
2017-11-24 16:02:57.882 +02:00 [Information] Request starting HTTP/1.1 GET http://localhost:17000/api.doc/lib/backbone-min.js  
2017-11-24 16:02:57.883 +02:00 [Information] The file "/lib/backbone-min.js" was not modified
2017-11-24 16:02:57.884 +02:00 [Information] Request finished in 5.53ms 304 application/javascript
2017-11-24 16:02:57.885 +02:00 [Information] Request finished in 4.1023ms 304 application/javascript
2017-11-24 16:02:57.889 +02:00 [Information] Request starting HTTP/1.1 GET http://localhost:17000/api.doc/swagger-ui.min.js  
2017-11-24 16:02:57.890 +02:00 [Information] Request starting HTTP/1.1 GET http://localhost:17000/api.doc/lib/highlight.9.1.0.pack.js  
2017-11-24 16:02:57.892 +02:00 [Information] The file "/lib/highlight.9.1.0.pack.js" was not modified
2017-11-24 16:02:57.893 +02:00 [Information] The file "/swagger-ui.min.js" was not modified
2017-11-24 16:02:57.907 +02:00 [Information] Request finished in 3.9202ms 304 application/javascript
2017-11-24 16:02:57.908 +02:00 [Information] Request finished in 4.8546ms 304 application/javascript
2017-11-24 16:02:57.909 +02:00 [Information] Request starting HTTP/1.1 GET http://localhost:17000/api.doc/lib/highlight.9.1.0.pack_extended.js  
2017-11-24 16:02:57.911 +02:00 [Information] Request starting HTTP/1.1 GET http://localhost:17000/api.doc/lib/jsoneditor.min.js  
2017-11-24 16:02:57.916 +02:00 [Information] The file "/lib/highlight.9.1.0.pack_extended.js" was not modified
2017-11-24 16:02:57.919 +02:00 [Information] The file "/lib/jsoneditor.min.js" was not modified
2017-11-24 16:02:57.964 +02:00 [Information] Request finished in 12.4249ms 304 application/javascript
2017-11-24 16:02:57.965 +02:00 [Information] Request starting HTTP/1.1 GET http://localhost:17000/api.doc/lib/swagger-oauth.js  
2017-11-24 16:02:57.967 +02:00 [Information] The file "/lib/swagger-oauth.js" was not modified
2017-11-24 16:02:57.969 +02:00 [Information] Request finished in 9.7702ms 304 application/javascript
2017-11-24 16:02:57.975 +02:00 [Information] Request starting HTTP/1.1 GET http://localhost:17000/api.doc/lib/marked.js  
2017-11-24 16:02:57.976 +02:00 [Information] The file "/lib/marked.js" was not modified
2017-11-24 16:02:57.979 +02:00 [Information] Request finished in 7.4218ms 304 application/javascript
2017-11-24 16:02:57.980 +02:00 [Information] Request finished in 2.7857ms 304 application/javascript
2017-11-24 16:02:57.981 +02:00 [Information] Request starting HTTP/1.1 GET http://localhost:17000/api.doc/images/logo_small.png  
2017-11-24 16:02:57.982 +02:00 [Information] The file "/images/logo_small.png" was not modified
2017-11-24 16:02:57.983 +02:00 [Information] Request finished in 1.2185ms 304 image/png
2017-11-24 16:02:57.984 +02:00 [Information] Request starting HTTP/1.1 GET http://localhost:17000/api.doc/css/print.css  
2017-11-24 16:02:57.985 +02:00 [Information] The file "/css/print.css" was not modified
2017-11-24 16:02:57.985 +02:00 [Information] Request finished in 1.1967ms 304 text/css
2017-11-24 16:02:58.287 +02:00 [Information] Request starting HTTP/1.1 GET http://localhost:17000/swagger/v1/swagger.json  
2017-11-24 16:02:58.635 +02:00 [Information] Request finished in 347.6669ms 200 application/json
2017-11-24 16:48:15.754 +02:00 [Information] Request starting HTTP/1.1 GET http://localhost:17000/  
2017-11-24 16:48:16.068 +02:00 [Information] Request finished in 326.6668ms 404 
2017-11-24 16:49:07.750 +02:00 [Information] Request starting HTTP/1.1 GET http://localhost:17000/  
2017-11-24 16:49:07.768 +02:00 [Information] Request finished in 7.2059ms 404 
2017-11-24 17:12:56.349 +02:00 [Information] Request starting HTTP/1.1 GET http://localhost:17000/api.doc/  
2017-11-24 17:12:56.560 +02:00 [Information] Sending file. Request path: '"/index.html"'. Physical path: '"N/A"'
2017-11-24 17:12:56.626 +02:00 [Information] Request finished in 305.1491ms 200 text/html
2017-11-24 17:12:56.654 +02:00 [Information] Request starting HTTP/1.1 GET http://localhost:17000/api.doc/css/typography.css  
2017-11-24 17:12:56.658 +02:00 [Information] Request starting HTTP/1.1 GET http://localhost:17000/api.doc/css/reset.css  
2017-11-24 17:12:56.687 +02:00 [Information] The file "/css/reset.css" was not modified
2017-11-24 17:12:56.687 +02:00 [Information] The file "/css/typography.css" was not modified
2017-11-24 17:12:56.690 +02:00 [Information] Request finished in 35.8924ms 304 text/css
2017-11-24 17:12:56.711 +02:00 [Information] Request finished in 37.0145ms 304 text/css
2017-11-24 17:12:56.712 +02:00 [Information] Request starting HTTP/1.1 GET http://localhost:17000/api.doc/css/screen.css  
2017-11-24 17:12:56.712 +02:00 [Information] Request starting HTTP/1.1 GET http://localhost:17000/api.doc/lib/object-assign-pollyfill.js  
2017-11-24 17:12:56.714 +02:00 [Information] The file "/lib/object-assign-pollyfill.js" was not modified
2017-11-24 17:12:56.716 +02:00 [Information] Request finished in 2.1909ms 304 application/javascript
2017-11-24 17:12:56.717 +02:00 [Information] Request starting HTTP/1.1 GET http://localhost:17000/api.doc/lib/jquery-1.8.0.min.js  
2017-11-24 17:12:56.719 +02:00 [Information] The file "/lib/jquery-1.8.0.min.js" was not modified
2017-11-24 17:12:56.721 +02:00 [Information] Request finished in 3.2153ms 304 application/javascript
2017-11-24 17:12:56.723 +02:00 [Information] Request starting HTTP/1.1 GET http://localhost:17000/api.doc/lib/jquery.slideto.min.js  
2017-11-24 17:12:56.723 +02:00 [Information] The file "/lib/jquery.slideto.min.js" was not modified
2017-11-24 17:12:56.724 +02:00 [Information] Request finished in 2.3748ms 304 application/javascript
2017-11-24 17:12:56.725 +02:00 [Information] The file "/css/screen.css" was not modified
2017-11-24 17:12:56.726 +02:00 [Information] Request finished in 34.8599ms 304 text/css
2017-11-24 17:12:56.761 +02:00 [Information] Request starting HTTP/1.1 GET http://localhost:17000/api.doc/lib/jquery.wiggle.min.js  
2017-11-24 17:12:56.761 +02:00 [Information] The file "/lib/jquery.wiggle.min.js" was not modified
2017-11-24 17:12:56.762 +02:00 [Information] Request finished in 1.8589ms 304 application/javascript
2017-11-24 17:12:56.765 +02:00 [Information] Request starting HTTP/1.1 GET http://localhost:17000/api.doc/lib/jquery.ba-bbq.min.js  
2017-11-24 17:12:56.766 +02:00 [Information] The file "/lib/jquery.ba-bbq.min.js" was not modified
2017-11-24 17:12:56.767 +02:00 [Information] Request finished in 6.807ms 304 application/javascript
2017-11-24 17:12:56.787 +02:00 [Information] Request starting HTTP/1.1 GET http://localhost:17000/api.doc/lib/handlebars-4.0.5.js  
2017-11-24 17:12:56.788 +02:00 [Information] Request starting HTTP/1.1 GET http://localhost:17000/api.doc/lib/lodash.min.js  
2017-11-24 17:12:56.789 +02:00 [Information] The file "/lib/lodash.min.js" was not modified
2017-11-24 17:12:56.795 +02:00 [Information] Request finished in 3.2157ms 304 application/javascript
2017-11-24 17:12:56.795 +02:00 [Information] Request starting HTTP/1.1 GET http://localhost:17000/api.doc/lib/backbone-min.js  
2017-11-24 17:12:56.798 +02:00 [Information] The file "/lib/handlebars-4.0.5.js" was not modified
2017-11-24 17:12:56.800 +02:00 [Information] Request finished in 12.0238ms 304 application/javascript
2017-11-24 17:12:56.802 +02:00 [Information] The file "/lib/backbone-min.js" was not modified
2017-11-24 17:12:56.803 +02:00 [Information] Request finished in 7.2255ms 304 application/javascript
2017-11-24 17:12:56.837 +02:00 [Information] Request starting HTTP/1.1 GET http://localhost:17000/api.doc/swagger-ui.min.js  
2017-11-24 17:12:56.840 +02:00 [Information] Request starting HTTP/1.1 GET http://localhost:17000/api.doc/lib/highlight.9.1.0.pack.js  
2017-11-24 17:12:56.841 +02:00 [Information] The file "/lib/highlight.9.1.0.pack.js" was not modified
2017-11-24 17:12:56.842 +02:00 [Information] Request finished in 5.3427ms 304 application/javascript
2017-11-24 17:12:56.861 +02:00 [Information] The file "/swagger-ui.min.js" was not modified
2017-11-24 17:12:56.862 +02:00 [Information] Request finished in 26.2468ms 304 application/javascript
2017-11-24 17:12:56.885 +02:00 [Information] Request starting HTTP/1.1 GET http://localhost:17000/api.doc/lib/highlight.9.1.0.pack_extended.js  
2017-11-24 17:12:56.886 +02:00 [Information] Request starting HTTP/1.1 GET http://localhost:17000/api.doc/lib/jsoneditor.min.js  
2017-11-24 17:12:56.887 +02:00 [Information] The file "/lib/jsoneditor.min.js" was not modified
2017-11-24 17:12:56.888 +02:00 [Information] Request finished in 5.3653ms 304 application/javascript
2017-11-24 17:12:56.889 +02:00 [Information] The file "/lib/highlight.9.1.0.pack_extended.js" was not modified
2017-11-24 17:12:56.890 +02:00 [Information] Request finished in 8.0217ms 304 application/javascript
2017-11-24 17:12:56.897 +02:00 [Information] Request starting HTTP/1.1 GET http://localhost:17000/api.doc/lib/marked.js  
2017-11-24 17:12:56.900 +02:00 [Information] The file "/lib/marked.js" was not modified
2017-11-24 17:12:56.901 +02:00 [Information] Request finished in 4.2534ms 304 application/javascript
2017-11-24 17:12:56.903 +02:00 [Information] Request starting HTTP/1.1 GET http://localhost:17000/api.doc/lib/swagger-oauth.js  
2017-11-24 17:12:56.904 +02:00 [Information] The file "/lib/swagger-oauth.js" was not modified
2017-11-24 17:12:56.905 +02:00 [Information] Request finished in 9.0551ms 304 application/javascript
2017-11-24 17:12:56.907 +02:00 [Information] Request starting HTTP/1.1 GET http://localhost:17000/api.doc/images/logo_small.png  
2017-11-24 17:12:56.908 +02:00 [Information] The file "/images/logo_small.png" was not modified
2017-11-24 17:12:56.908 +02:00 [Information] Request finished in 1.7885ms 304 image/png
2017-11-24 17:12:56.926 +02:00 [Information] Request starting HTTP/1.1 GET http://localhost:17000/api.doc/css/print.css  
2017-11-24 17:12:56.927 +02:00 [Information] The file "/css/print.css" was not modified
2017-11-24 17:12:56.927 +02:00 [Information] Request finished in 1.3704ms 304 text/css
2017-11-24 17:12:57.670 +02:00 [Information] Request starting HTTP/1.1 GET http://localhost:17000/swagger/v1/swagger.json  
2017-11-24 17:12:58.419 +02:00 [Information] Request finished in 748.7933ms 200 application/json
2017-11-24 17:13:08.203 +02:00 [Information] Request starting HTTP/1.1 GET http://localhost:17000/api.doc/images/throbber.gif  
2017-11-24 17:13:08.220 +02:00 [Information] The file "/images/throbber.gif" was not modified
2017-11-24 17:13:08.223 +02:00 [Information] Request finished in 18.3978ms 304 image/gif
