2017-11-27 09:27:24.972 +02:00 [Information] Request starting HTTP/1.1 GET http://localhost:17000/api.doc/  
2017-11-27 09:27:25.122 +02:00 [Information] Sending file. Request path: '"/index.html"'. Physical path: '"N/A"'
2017-11-27 09:27:25.364 +02:00 [Information] Request starting HTTP/1.1 GET http://localhost:17000/api.doc/css/reset.css  
2017-11-27 09:27:25.367 +02:00 [Information] Request finished in 412.0368ms 200 text/html
2017-11-27 09:27:25.373 +02:00 [Information] Request starting HTTP/1.1 GET http://localhost:17000/api.doc/css/typography.css  
2017-11-27 09:27:25.404 +02:00 [Information] The file "/css/reset.css" was not modified
2017-11-27 09:27:25.488 +02:00 [Information] Request finished in 50.3035ms 304 text/css
2017-11-27 09:27:25.515 +02:00 [Information] Request starting HTTP/1.1 GET http://localhost:17000/api.doc/css/screen.css  
2017-11-27 09:27:25.517 +02:00 [Information] The file "/css/typography.css" was not modified
2017-11-27 09:27:25.544 +02:00 [Information] Request finished in 145.4933ms 304 text/css
2017-11-27 09:27:25.549 +02:00 [Information] The file "/css/screen.css" was not modified
2017-11-27 09:27:25.559 +02:00 [Information] Request finished in 61.5616ms 304 text/css
2017-11-27 09:27:25.575 +02:00 [Information] Request starting HTTP/1.1 GET http://localhost:17000/api.doc/lib/jquery-1.8.0.min.js  
2017-11-27 09:27:25.580 +02:00 [Information] Request starting HTTP/1.1 GET http://localhost:17000/api.doc/lib/object-assign-pollyfill.js  
2017-11-27 09:27:25.658 +02:00 [Information] Request starting HTTP/1.1 GET http://localhost:17000/api.doc/lib/jquery.slideto.min.js  
2017-11-27 09:27:25.660 +02:00 [Information] Request starting HTTP/1.1 GET http://localhost:17000/api.doc/lib/jquery.wiggle.min.js  
2017-11-27 09:27:25.854 +02:00 [Information] The file "/lib/jquery-1.8.0.min.js" was not modified
2017-11-27 09:27:25.855 +02:00 [Information] Request finished in 295.0226ms 304 application/javascript
2017-11-27 09:27:25.909 +02:00 [Information] The file "/lib/jquery.wiggle.min.js" was not modified
2017-11-27 09:27:25.937 +02:00 [Information] Request finished in 256.7937ms 304 application/javascript
2017-11-27 09:27:25.938 +02:00 [Information] Request starting HTTP/1.1 GET http://localhost:17000/api.doc/lib/jquery.ba-bbq.min.js  
2017-11-27 09:27:25.939 +02:00 [Information] Request starting HTTP/1.1 GET http://localhost:17000/api.doc/lib/backbone-min.js  
2017-11-27 09:27:25.941 +02:00 [Information] The file "/lib/object-assign-pollyfill.js" was not modified
2017-11-27 09:27:25.941 +02:00 [Information] The file "/lib/jquery.slideto.min.js" was not modified
2017-11-27 09:27:25.943 +02:00 [Information] Request finished in 394.7551ms 304 application/javascript
2017-11-27 09:27:25.944 +02:00 [Information] Request starting HTTP/1.1 GET http://localhost:17000/api.doc/swagger-ui.min.js  
2017-11-27 09:27:25.945 +02:00 [Information] Request finished in 291.5205ms 304 application/javascript
2017-11-27 09:27:25.946 +02:00 [Information] Request starting HTTP/1.1 GET http://localhost:17000/api.doc/lib/highlight.9.1.0.pack.js  
2017-11-27 09:27:26.073 +02:00 [Information] The file "/swagger-ui.min.js" was not modified
2017-11-27 09:27:26.073 +02:00 [Information] Request finished in 128.7949ms 304 application/javascript
2017-11-27 09:27:26.074 +02:00 [Information] Request starting HTTP/1.1 GET http://localhost:17000/api.doc/lib/highlight.9.1.0.pack_extended.js  
2017-11-27 09:27:26.076 +02:00 [Information] The file "/lib/backbone-min.js" was not modified
2017-11-27 09:27:26.088 +02:00 [Information] The file "/lib/highlight.9.1.0.pack_extended.js" was not modified
2017-11-27 09:27:26.101 +02:00 [Information] The file "/lib/highlight.9.1.0.pack.js" was not modified
2017-11-27 09:27:26.112 +02:00 [Information] Request finished in 137.2774ms 304 application/javascript
2017-11-27 09:27:26.112 +02:00 [Information] Request finished in 155.4953ms 304 application/javascript
2017-11-27 09:27:26.113 +02:00 [Information] Request starting HTTP/1.1 GET http://localhost:17000/api.doc/lib/handlebars-4.0.5.js  
2017-11-27 09:27:26.129 +02:00 [Information] The file "/lib/jquery.ba-bbq.min.js" was not modified
2017-11-27 09:27:26.130 +02:00 [Information] Request finished in 14.9738ms 304 application/javascript
2017-11-27 09:27:26.130 +02:00 [Information] Request finished in 273.6184ms 304 application/javascript
2017-11-27 09:27:26.131 +02:00 [Information] Request starting HTTP/1.1 GET http://localhost:17000/api.doc/lib/marked.js  
2017-11-27 09:27:26.132 +02:00 [Information] Request starting HTTP/1.1 GET http://localhost:17000/api.doc/lib/jsoneditor.min.js  
2017-11-27 09:27:26.133 +02:00 [Information] The file "/lib/handlebars-4.0.5.js" was not modified
2017-11-27 09:27:26.134 +02:00 [Information] Request finished in 20.7983ms 304 application/javascript
2017-11-27 09:27:26.134 +02:00 [Information] Request starting HTTP/1.1 GET http://localhost:17000/api.doc/lib/lodash.min.js  
2017-11-27 09:27:26.135 +02:00 [Information] Request starting HTTP/1.1 GET http://localhost:17000/api.doc/lib/swagger-oauth.js  
2017-11-27 09:27:26.331 +02:00 [Information] The file "/lib/jsoneditor.min.js" was not modified
2017-11-27 09:27:26.332 +02:00 [Information] Request finished in 201.2587ms 304 application/javascript
2017-11-27 09:27:26.410 +02:00 [Information] The file "/lib/lodash.min.js" was not modified
2017-11-27 09:27:26.419 +02:00 [Information] Request finished in 298.1744ms 304 application/javascript
2017-11-27 09:27:26.420 +02:00 [Information] The file "/lib/marked.js" was not modified
2017-11-27 09:27:26.420 +02:00 [Information] Request finished in 289.4358ms 304 application/javascript
2017-11-27 09:27:26.421 +02:00 [Information] The file "/lib/swagger-oauth.js" was not modified
2017-11-27 09:27:26.422 +02:00 [Information] Request finished in 287.6741ms 304 application/javascript
2017-11-27 09:27:26.456 +02:00 [Information] Request starting HTTP/1.1 GET http://localhost:17000/api.doc/images/logo_small.png  
2017-11-27 09:27:26.598 +02:00 [Information] The file "/images/logo_small.png" was not modified
2017-11-27 09:27:26.621 +02:00 [Information] Request finished in 147.7159ms 304 image/png
2017-11-27 09:27:26.622 +02:00 [Information] Request starting HTTP/1.1 GET http://localhost:17000/api.doc/css/print.css  
2017-11-27 09:27:26.624 +02:00 [Information] The file "/css/print.css" was not modified
2017-11-27 09:27:26.625 +02:00 [Information] Request finished in 3.0148ms 304 text/css
2017-11-27 09:27:26.800 +02:00 [Information] Request starting HTTP/1.1 GET http://localhost:17000/swagger/v1/swagger.json  
2017-11-27 09:27:28.666 +02:00 [Information] Request finished in 1864.8409ms 200 application/json
2017-11-27 13:24:34.314 +02:00 [Information] Request starting HTTP/1.1 GET http://localhost:17000/api.doc/  
2017-11-27 13:24:34.485 +02:00 [Information] Sending file. Request path: '"/index.html"'. Physical path: '"N/A"'
2017-11-27 13:24:34.571 +02:00 [Information] Request starting HTTP/1.1 GET http://localhost:17000/api.doc/css/reset.css  
2017-11-27 13:24:34.573 +02:00 [Information] Request finished in 285.8713ms 200 text/html
2017-11-27 13:24:34.577 +02:00 [Information] Request starting HTTP/1.1 GET http://localhost:17000/api.doc/css/typography.css  
2017-11-27 13:24:34.591 +02:00 [Information] The file "/css/typography.css" was not modified
2017-11-27 13:24:34.591 +02:00 [Information] The file "/css/reset.css" was not modified
2017-11-27 13:24:34.618 +02:00 [Information] Request finished in 17.1852ms 304 text/css
2017-11-27 13:24:34.619 +02:00 [Information] Request finished in 28.0571ms 304 text/css
2017-11-27 13:24:34.620 +02:00 [Information] Request starting HTTP/1.1 GET http://localhost:17000/api.doc/css/screen.css  
2017-11-27 13:24:34.620 +02:00 [Information] The file "/css/screen.css" was not modified
2017-11-27 13:24:34.624 +02:00 [Information] Request finished in 1.8423ms 304 text/css
2017-11-27 13:24:34.626 +02:00 [Information] Request starting HTTP/1.1 GET http://localhost:17000/api.doc/lib/jquery-1.8.0.min.js  
2017-11-27 13:24:34.627 +02:00 [Information] The file "/lib/jquery-1.8.0.min.js" was not modified
2017-11-27 13:24:34.630 +02:00 [Information] Request finished in 2.7426ms 304 application/javascript
2017-11-27 13:24:34.633 +02:00 [Information] Request starting HTTP/1.1 GET http://localhost:17000/api.doc/lib/jquery.slideto.min.js  
2017-11-27 13:24:34.634 +02:00 [Information] Request starting HTTP/1.1 GET http://localhost:17000/api.doc/lib/object-assign-pollyfill.js  
2017-11-27 13:24:34.634 +02:00 [Information] The file "/lib/jquery.slideto.min.js" was not modified
2017-11-27 13:24:34.636 +02:00 [Information] The file "/lib/object-assign-pollyfill.js" was not modified
2017-11-27 13:24:34.639 +02:00 [Information] Request finished in 17.6384ms 304 application/javascript
2017-11-27 13:24:34.640 +02:00 [Information] Request finished in 4.5772ms 304 application/javascript
2017-11-27 13:24:34.656 +02:00 [Information] Request starting HTTP/1.1 GET http://localhost:17000/api.doc/lib/jquery.ba-bbq.min.js  
2017-11-27 13:24:34.658 +02:00 [Information] Request starting HTTP/1.1 GET http://localhost:17000/api.doc/lib/jquery.wiggle.min.js  
2017-11-27 13:24:34.659 +02:00 [Information] The file "/lib/jquery.ba-bbq.min.js" was not modified
2017-11-27 13:24:34.661 +02:00 [Information] The file "/lib/jquery.wiggle.min.js" was not modified
2017-11-27 13:24:34.667 +02:00 [Information] Request finished in 19.979ms 304 application/javascript
2017-11-27 13:24:34.668 +02:00 [Information] Request starting HTTP/1.1 GET http://localhost:17000/api.doc/lib/handlebars-4.0.5.js  
2017-11-27 13:24:34.669 +02:00 [Information] Request finished in 22.5838ms 304 application/javascript
2017-11-27 13:24:34.670 +02:00 [Information] Request starting HTTP/1.1 GET http://localhost:17000/api.doc/lib/lodash.min.js  
2017-11-27 13:24:34.683 +02:00 [Information] The file "/lib/lodash.min.js" was not modified
2017-11-27 13:24:34.684 +02:00 [Information] The file "/lib/handlebars-4.0.5.js" was not modified
2017-11-27 13:24:34.685 +02:00 [Information] Request finished in 17.9601ms 304 application/javascript
2017-11-27 13:24:34.687 +02:00 [Information] Request finished in 14.3287ms 304 application/javascript
2017-11-27 13:24:34.688 +02:00 [Information] Request starting HTTP/1.1 GET http://localhost:17000/api.doc/lib/backbone-min.js  
2017-11-27 13:24:34.689 +02:00 [Information] The file "/lib/backbone-min.js" was not modified
2017-11-27 13:24:34.690 +02:00 [Information] Request finished in 1.8854ms 304 application/javascript
2017-11-27 13:24:34.708 +02:00 [Information] Request starting HTTP/1.1 GET http://localhost:17000/api.doc/swagger-ui.min.js  
2017-11-27 13:24:34.712 +02:00 [Information] Request starting HTTP/1.1 GET http://localhost:17000/api.doc/lib/highlight.9.1.0.pack.js  
2017-11-27 13:24:34.713 +02:00 [Information] The file "/lib/highlight.9.1.0.pack.js" was not modified
2017-11-27 13:24:34.717 +02:00 [Information] Request finished in 6.4017ms 304 application/javascript
2017-11-27 13:24:34.718 +02:00 [Information] Request starting HTTP/1.1 GET http://localhost:17000/api.doc/lib/highlight.9.1.0.pack_extended.js  
2017-11-27 13:24:34.719 +02:00 [Information] The file "/lib/highlight.9.1.0.pack_extended.js" was not modified
2017-11-27 13:24:34.721 +02:00 [Information] Request finished in 1.9281ms 304 application/javascript
2017-11-27 13:24:34.722 +02:00 [Information] Request starting HTTP/1.1 GET http://localhost:17000/api.doc/lib/jsoneditor.min.js  
2017-11-27 13:24:34.723 +02:00 [Information] The file "/lib/jsoneditor.min.js" was not modified
2017-11-27 13:24:34.723 +02:00 [Information] Request finished in 1.7685ms 304 application/javascript
2017-11-27 13:24:34.724 +02:00 [Information] Request starting HTTP/1.1 GET http://localhost:17000/api.doc/lib/marked.js  
2017-11-27 13:24:34.725 +02:00 [Information] The file "/lib/marked.js" was not modified
2017-11-27 13:24:34.726 +02:00 [Information] Request finished in 2.0014ms 304 application/javascript
2017-11-27 13:24:34.727 +02:00 [Information] Request starting HTTP/1.1 GET http://localhost:17000/api.doc/lib/swagger-oauth.js  
2017-11-27 13:24:34.728 +02:00 [Information] The file "/lib/swagger-oauth.js" was not modified
2017-11-27 13:24:34.729 +02:00 [Information] Request finished in 1.7501ms 304 application/javascript
2017-11-27 13:24:34.731 +02:00 [Information] Request starting HTTP/1.1 GET http://localhost:17000/api.doc/images/logo_small.png  
2017-11-27 13:24:34.732 +02:00 [Information] The file "/swagger-ui.min.js" was not modified
2017-11-27 13:24:34.733 +02:00 [Information] Request finished in 25.0141ms 304 application/javascript
2017-11-27 13:24:34.734 +02:00 [Information] The file "/images/logo_small.png" was not modified
2017-11-27 13:24:34.735 +02:00 [Information] Request finished in 4.0371ms 304 image/png
2017-11-27 13:24:34.737 +02:00 [Information] Request starting HTTP/1.1 GET http://localhost:17000/api.doc/css/print.css  
2017-11-27 13:24:34.738 +02:00 [Information] The file "/css/print.css" was not modified
2017-11-27 13:24:34.739 +02:00 [Information] Request finished in 2.1277ms 304 text/css
2017-11-27 13:24:34.955 +02:00 [Information] Request starting HTTP/1.1 GET http://localhost:17000/swagger/v1/swagger.json  
2017-11-27 13:24:35.613 +02:00 [Information] Request finished in 657.7676ms 200 application/json
2017-11-27 13:24:53.349 +02:00 [Information] Request starting HTTP/1.1 GET http://localhost:17000/api.doc/images/throbber.gif  
2017-11-27 13:24:53.409 +02:00 [Information] The file "/images/throbber.gif" was not modified
2017-11-27 13:24:53.410 +02:00 [Information] Request finished in 60.8896ms 304 image/gif
2017-11-27 13:25:08.116 +02:00 [Information] Request starting HTTP/1.1 PUT http://localhost:17000/api/Question/ChangeQuestion application/json 68
2017-11-27 13:25:08.320 +02:00 [Information] Authorization failed for user: null.
2017-11-27 13:25:08.327 +02:00 [Information] Authorization failed for the request at filter '"Microsoft.AspNetCore.Mvc.Authorization.AuthorizeFilter"'.
2017-11-27 13:25:08.333 +02:00 [Information] Executing ChallengeResult with authentication schemes ([]).
2017-11-27 13:25:08.348 +02:00 [Information] AuthenticationScheme: "Bearer" was challenged.
2017-11-27 13:25:08.353 +02:00 [Information] Executed action "WebApi.Controllers.QuestionController.CreateQuestion (WebApi)" in 49.2411ms
2017-11-27 13:25:08.357 +02:00 [Information] Request finished in 241.7783ms 401 
2017-11-27 13:25:21.905 +02:00 [Information] Request starting HTTP/1.1 POST http://localhost:17000/api/Question/CreateQuestion application/json 76
2017-11-27 13:25:21.908 +02:00 [Information] Authorization failed for user: null.
2017-11-27 13:25:21.909 +02:00 [Information] Authorization failed for the request at filter '"Microsoft.AspNetCore.Mvc.Authorization.AuthorizeFilter"'.
2017-11-27 13:25:21.909 +02:00 [Information] Executing ChallengeResult with authentication schemes ([]).
2017-11-27 13:25:21.910 +02:00 [Information] AuthenticationScheme: "Bearer" was challenged.
2017-11-27 13:25:21.911 +02:00 [Information] Executed action "WebApi.Controllers.QuestionController.CreateQuestion (WebApi)" in 3.1833ms
2017-11-27 13:25:21.911 +02:00 [Information] Request finished in 6.4836ms 401 
2017-11-27 13:25:33.400 +02:00 [Information] Request starting HTTP/1.1 POST http://localhost:17000/api/Answer/CreateAnswer application/json 45
2017-11-27 13:25:33.467 +02:00 [Information] Executed action "WebApi.Controllers.AnswerController.CreateAnswer (WebApi)" in 63.261ms
2017-11-27 13:25:33.517 +02:00 [Information] Request finished in 116.736ms 500 
2017-11-27 13:27:13.785 +02:00 [Information] Request starting HTTP/1.1 GET http://localhost:17000/api.doc/  
2017-11-27 13:27:13.877 +02:00 [Information] Sending file. Request path: '"/index.html"'. Physical path: '"N/A"'
2017-11-27 13:27:13.963 +02:00 [Information] Request starting HTTP/1.1 GET http://localhost:17000/api.doc/css/reset.css  
2017-11-27 13:27:13.969 +02:00 [Information] The file "/css/reset.css" was not modified
2017-11-27 13:27:13.975 +02:00 [Information] Request finished in 207.9261ms 200 text/html
2017-11-27 13:27:13.975 +02:00 [Information] Request finished in 10.6274ms 304 text/css
2017-11-27 13:27:13.981 +02:00 [Information] Request starting HTTP/1.1 GET http://localhost:17000/api.doc/css/typography.css  
2017-11-27 13:27:13.982 +02:00 [Information] Request starting HTTP/1.1 GET http://localhost:17000/api.doc/css/screen.css  
2017-11-27 13:27:13.982 +02:00 [Information] The file "/css/typography.css" was not modified
2017-11-27 13:27:13.985 +02:00 [Information] Request finished in 1.3824ms 304 text/css
2017-11-27 13:27:13.986 +02:00 [Information] Request starting HTTP/1.1 GET http://localhost:17000/api.doc/lib/object-assign-pollyfill.js  
2017-11-27 13:27:13.986 +02:00 [Information] The file "/css/screen.css" was not modified
2017-11-27 13:27:13.988 +02:00 [Information] The file "/lib/object-assign-pollyfill.js" was not modified
2017-11-27 13:27:13.991 +02:00 [Information] Request finished in 4.6105ms 304 application/javascript
2017-11-27 13:27:13.992 +02:00 [Information] Request finished in 5.0636ms 304 text/css
2017-11-27 13:27:13.994 +02:00 [Information] Request starting HTTP/1.1 GET http://localhost:17000/api.doc/lib/jquery.slideto.min.js  
2017-11-27 13:27:13.995 +02:00 [Information] The file "/lib/jquery.slideto.min.js" was not modified
2017-11-27 13:27:13.998 +02:00 [Information] Request starting HTTP/1.1 GET http://localhost:17000/api.doc/lib/jquery-1.8.0.min.js  
2017-11-27 13:27:13.999 +02:00 [Information] The file "/lib/jquery-1.8.0.min.js" was not modified
2017-11-27 13:27:14.003 +02:00 [Information] Request finished in 4.7876ms 304 application/javascript
2017-11-27 13:27:14.006 +02:00 [Information] Request starting HTTP/1.1 GET http://localhost:17000/api.doc/lib/jquery.wiggle.min.js  
2017-11-27 13:27:14.009 +02:00 [Information] The file "/lib/jquery.wiggle.min.js" was not modified
2017-11-27 13:27:14.012 +02:00 [Information] Request finished in 7.8199ms 304 application/javascript
2017-11-27 13:27:14.014 +02:00 [Information] Request starting HTTP/1.1 GET http://localhost:17000/api.doc/lib/handlebars-4.0.5.js  
2017-11-27 13:27:14.015 +02:00 [Information] The file "/lib/handlebars-4.0.5.js" was not modified
2017-11-27 13:27:14.020 +02:00 [Information] Request finished in 7.1564ms 304 application/javascript
2017-11-27 13:27:14.022 +02:00 [Information] Request starting HTTP/1.1 GET http://localhost:17000/api.doc/lib/jquery.ba-bbq.min.js  
2017-11-27 13:27:14.024 +02:00 [Information] Request finished in 3.834ms 304 application/javascript
2017-11-27 13:27:14.025 +02:00 [Information] Request starting HTTP/1.1 GET http://localhost:17000/api.doc/lib/lodash.min.js  
2017-11-27 13:27:14.027 +02:00 [Information] The file "/lib/lodash.min.js" was not modified
2017-11-27 13:27:14.030 +02:00 [Information] The file "/lib/jquery.ba-bbq.min.js" was not modified
2017-11-27 13:27:14.032 +02:00 [Information] Request finished in 9.1037ms 304 application/javascript
2017-11-27 13:27:14.043 +02:00 [Information] Request starting HTTP/1.1 GET http://localhost:17000/api.doc/swagger-ui.min.js  
2017-11-27 13:27:14.044 +02:00 [Information] The file "/swagger-ui.min.js" was not modified
2017-11-27 13:27:14.048 +02:00 [Information] Request finished in 13.3802ms 304 application/javascript
2017-11-27 13:27:14.049 +02:00 [Information] Request starting HTTP/1.1 GET http://localhost:17000/api.doc/lib/highlight.9.1.0.pack.js  
2017-11-27 13:27:14.052 +02:00 [Information] The file "/lib/highlight.9.1.0.pack.js" was not modified
2017-11-27 13:27:14.063 +02:00 [Information] Request finished in 5.2484ms 304 application/javascript
2017-11-27 13:27:14.064 +02:00 [Information] Request finished in 3.3911ms 304 application/javascript
2017-11-27 13:27:14.067 +02:00 [Information] Request starting HTTP/1.1 GET http://localhost:17000/api.doc/lib/backbone-min.js  
2017-11-27 13:27:14.071 +02:00 [Information] Request starting HTTP/1.1 GET http://localhost:17000/api.doc/lib/highlight.9.1.0.pack_extended.js  
2017-11-27 13:27:14.072 +02:00 [Information] The file "/lib/highlight.9.1.0.pack_extended.js" was not modified
2017-11-27 13:27:14.075 +02:00 [Information] The file "/lib/backbone-min.js" was not modified
2017-11-27 13:27:14.077 +02:00 [Information] Request finished in 10.426ms 304 application/javascript
2017-11-27 13:27:14.078 +02:00 [Information] Request starting HTTP/1.1 GET http://localhost:17000/api.doc/lib/marked.js  
2017-11-27 13:27:14.080 +02:00 [Information] The file "/lib/marked.js" was not modified
2017-11-27 13:27:14.082 +02:00 [Information] Request finished in 9.2475ms 304 application/javascript
2017-11-27 13:27:14.083 +02:00 [Information] Request starting HTTP/1.1 GET http://localhost:17000/api.doc/lib/jsoneditor.min.js  
2017-11-27 13:27:14.086 +02:00 [Information] Request finished in 2.7037ms 304 application/javascript
2017-11-27 13:27:14.087 +02:00 [Information] Request starting HTTP/1.1 GET http://localhost:17000/api.doc/lib/swagger-oauth.js  
2017-11-27 13:27:14.088 +02:00 [Information] The file "/lib/jsoneditor.min.js" was not modified
2017-11-27 13:27:14.095 +02:00 [Information] The file "/lib/swagger-oauth.js" was not modified
2017-11-27 13:27:14.099 +02:00 [Information] Request finished in 6.3283ms 304 application/javascript
2017-11-27 13:27:14.106 +02:00 [Information] Request starting HTTP/1.1 GET http://localhost:17000/api.doc/images/logo_small.png  
2017-11-27 13:27:14.108 +02:00 [Information] The file "/images/logo_small.png" was not modified
2017-11-27 13:27:14.110 +02:00 [Information] Request finished in 9.5598ms 304 application/javascript
2017-11-27 13:27:14.113 +02:00 [Information] Request finished in 8.9672ms 304 image/png
2017-11-27 13:27:14.113 +02:00 [Information] Request starting HTTP/1.1 GET http://localhost:17000/api.doc/css/print.css  
2017-11-27 13:27:14.114 +02:00 [Information] The file "/css/print.css" was not modified
2017-11-27 13:27:14.117 +02:00 [Information] Request finished in 1.8129ms 304 text/css
2017-11-27 13:27:14.378 +02:00 [Information] Request starting HTTP/1.1 GET http://localhost:17000/swagger/v1/swagger.json  
2017-11-27 13:27:14.840 +02:00 [Information] Request finished in 462.6952ms 200 application/json
2017-11-27 13:27:18.203 +02:00 [Information] Request starting HTTP/1.1 GET http://localhost:17000/api.doc/images/throbber.gif  
2017-11-27 13:27:18.204 +02:00 [Information] The file "/images/throbber.gif" was not modified
2017-11-27 13:27:18.205 +02:00 [Information] Request finished in 1.6388ms 304 image/gif
2017-11-27 13:27:20.556 +02:00 [Information] Request starting HTTP/1.1 GET http://localhost:17000/api/Admin/GetAllUsersInfo  
2017-11-27 13:27:20.690 +02:00 [Information] Authorization failed for user: null.
2017-11-27 13:27:20.695 +02:00 [Information] Authorization failed for the request at filter '"Microsoft.AspNetCore.Mvc.Authorization.AuthorizeFilter"'.
2017-11-27 13:27:20.701 +02:00 [Information] Executing ChallengeResult with authentication schemes ([]).
2017-11-27 13:27:20.717 +02:00 [Information] AuthenticationScheme: "Bearer" was challenged.
2017-11-27 13:27:20.722 +02:00 [Information] Executed action "WebApi.Controllers.AdminController.GetAllUsersInfo (WebApi)" in 53.0858ms
2017-11-27 13:27:20.724 +02:00 [Information] Request finished in 168.3067ms 401 
