2017-11-29 00:27:21.526 +02:00 [Information] Request starting HTTP/1.1 GET http://localhost:17000/api.doc/  
2017-11-29 00:27:21.618 +02:00 [Information] Sending file. Request path: '"/index.html"'. Physical path: '"N/A"'
2017-11-29 00:27:21.717 +02:00 [Information] Request starting HTTP/1.1 GET http://localhost:17000/api.doc/css/reset.css  
2017-11-29 00:27:21.723 +02:00 [Information] Request finished in 215.7618ms 200 text/html
2017-11-29 00:27:21.723 +02:00 [Information] The file "/css/reset.css" was not modified
2017-11-29 00:27:21.728 +02:00 [Information] Request finished in 12.0298ms 304 text/css
2017-11-29 00:27:21.730 +02:00 [Information] Request starting HTTP/1.1 GET http://localhost:17000/api.doc/css/typography.css  
2017-11-29 00:27:21.731 +02:00 [Information] The file "/css/typography.css" was not modified
2017-11-29 00:27:21.733 +02:00 [Information] Request finished in 1.4882ms 304 text/css
2017-11-29 00:27:21.753 +02:00 [Information] Request starting HTTP/1.1 GET http://localhost:17000/api.doc/css/screen.css  
2017-11-29 00:27:21.753 +02:00 [Information] The file "/css/screen.css" was not modified
2017-11-29 00:27:21.754 +02:00 [Information] Request starting HTTP/1.1 GET http://localhost:17000/api.doc/lib/object-assign-pollyfill.js  
2017-11-29 00:27:21.756 +02:00 [Information] The file "/lib/object-assign-pollyfill.js" was not modified
2017-11-29 00:27:21.757 +02:00 [Information] Request finished in 6.3842ms 304 application/javascript
2017-11-29 00:27:21.757 +02:00 [Information] Request finished in 4.1164ms 304 text/css
2017-11-29 00:27:21.758 +02:00 [Information] Request starting HTTP/1.1 GET http://localhost:17000/api.doc/lib/jquery-1.8.0.min.js  
2017-11-29 00:27:21.759 +02:00 [Information] The file "/lib/jquery-1.8.0.min.js" was not modified
2017-11-29 00:27:21.760 +02:00 [Information] Request finished in 1.5854ms 304 application/javascript
2017-11-29 00:27:21.761 +02:00 [Information] Request starting HTTP/1.1 GET http://localhost:17000/api.doc/lib/jquery.slideto.min.js  
2017-11-29 00:27:21.762 +02:00 [Information] The file "/lib/jquery.slideto.min.js" was not modified
2017-11-29 00:27:21.763 +02:00 [Information] Request finished in 5.0504ms 304 application/javascript
2017-11-29 00:27:21.764 +02:00 [Information] Request starting HTTP/1.1 GET http://localhost:17000/api.doc/lib/jquery.ba-bbq.min.js  
2017-11-29 00:27:21.764 +02:00 [Information] Request starting HTTP/1.1 GET http://localhost:17000/api.doc/lib/jquery.wiggle.min.js  
2017-11-29 00:27:21.766 +02:00 [Information] The file "/lib/jquery.wiggle.min.js" was not modified
2017-11-29 00:27:21.766 +02:00 [Information] Request finished in 5.2189ms 304 application/javascript
2017-11-29 00:27:21.768 +02:00 [Information] Request starting HTTP/1.1 GET http://localhost:17000/api.doc/lib/handlebars-4.0.5.js  
2017-11-29 00:27:21.769 +02:00 [Information] The file "/lib/jquery.ba-bbq.min.js" was not modified
2017-11-29 00:27:21.771 +02:00 [Information] The file "/lib/handlebars-4.0.5.js" was not modified
2017-11-29 00:27:21.774 +02:00 [Information] Request finished in 4.6417ms 304 application/javascript
2017-11-29 00:27:21.775 +02:00 [Information] Request finished in 5.9379ms 304 application/javascript
2017-11-29 00:27:21.775 +02:00 [Information] Request starting HTTP/1.1 GET http://localhost:17000/api.doc/lib/lodash.min.js  
2017-11-29 00:27:21.776 +02:00 [Information] The file "/lib/lodash.min.js" was not modified
2017-11-29 00:27:21.779 +02:00 [Information] Request finished in 2.3675ms 304 application/javascript
2017-11-29 00:27:21.780 +02:00 [Information] Request starting HTTP/1.1 GET http://localhost:17000/api.doc/swagger-ui.min.js  
2017-11-29 00:27:21.781 +02:00 [Information] The file "/swagger-ui.min.js" was not modified
2017-11-29 00:27:21.782 +02:00 [Information] Request finished in 1.7356ms 304 application/javascript
2017-11-29 00:27:21.783 +02:00 [Information] Request starting HTTP/1.1 GET http://localhost:17000/api.doc/lib/highlight.9.1.0.pack.js  
2017-11-29 00:27:21.784 +02:00 [Information] The file "/lib/highlight.9.1.0.pack.js" was not modified
2017-11-29 00:27:21.785 +02:00 [Information] Request finished in 2.1439ms 304 application/javascript
2017-11-29 00:27:21.787 +02:00 [Information] Request starting HTTP/1.1 GET http://localhost:17000/api.doc/lib/highlight.9.1.0.pack_extended.js  
2017-11-29 00:27:21.788 +02:00 [Information] The file "/lib/highlight.9.1.0.pack_extended.js" was not modified
2017-11-29 00:27:21.789 +02:00 [Information] Request finished in 2.1375ms 304 application/javascript
2017-11-29 00:27:21.789 +02:00 [Information] Request starting HTTP/1.1 GET http://localhost:17000/api.doc/lib/jsoneditor.min.js  
2017-11-29 00:27:21.790 +02:00 [Information] The file "/lib/jsoneditor.min.js" was not modified
2017-11-29 00:27:21.791 +02:00 [Information] Request finished in 1.5633ms 304 application/javascript
2017-11-29 00:27:21.792 +02:00 [Information] Request starting HTTP/1.1 GET http://localhost:17000/api.doc/lib/marked.js  
2017-11-29 00:27:21.793 +02:00 [Information] The file "/lib/marked.js" was not modified
2017-11-29 00:27:21.795 +02:00 [Information] Request finished in 2.9145ms 304 application/javascript
2017-11-29 00:27:21.795 +02:00 [Information] Request starting HTTP/1.1 GET http://localhost:17000/api.doc/lib/swagger-oauth.js  
2017-11-29 00:27:21.796 +02:00 [Information] The file "/lib/swagger-oauth.js" was not modified
2017-11-29 00:27:21.803 +02:00 [Information] Request starting HTTP/1.1 GET http://localhost:17000/api.doc/lib/backbone-min.js  
2017-11-29 00:27:21.805 +02:00 [Information] The file "/lib/backbone-min.js" was not modified
2017-11-29 00:27:21.807 +02:00 [Information] Request finished in 32.3438ms 304 application/javascript
2017-11-29 00:27:21.808 +02:00 [Information] Request finished in 1.4655ms 304 application/javascript
2017-11-29 00:27:21.809 +02:00 [Information] Request starting HTTP/1.1 GET http://localhost:17000/api.doc/images/logo_small.png  
2017-11-29 00:27:21.813 +02:00 [Information] The file "/images/logo_small.png" was not modified
2017-11-29 00:27:21.816 +02:00 [Information] Request finished in 4.7355ms 304 image/png
2017-11-29 00:27:21.819 +02:00 [Information] Request starting HTTP/1.1 GET http://localhost:17000/api.doc/css/print.css  
2017-11-29 00:27:21.820 +02:00 [Information] The file "/css/print.css" was not modified
2017-11-29 00:27:21.822 +02:00 [Information] Request finished in 4.8665ms 304 text/css
2017-11-29 00:27:22.173 +02:00 [Information] Request starting HTTP/1.1 GET http://localhost:17000/swagger/v1/swagger.json  
2017-11-29 00:27:22.767 +02:00 [Information] Request finished in 576.711ms 200 application/json
2017-11-29 00:27:51.317 +02:00 [Information] Request starting HTTP/1.1 GET http://localhost:17000/swagger/v1/swagger.json  
2017-11-29 00:27:51.387 +02:00 [Information] Successfully validated the token.
2017-11-29 00:27:51.394 +02:00 [Information] HttpContext.User merged via AutomaticAuthentication from authenticationScheme: "Bearer".
2017-11-29 00:27:51.408 +02:00 [Information] Request finished in 91.723ms 200 application/json
2017-11-29 00:27:57.831 +02:00 [Information] Request starting HTTP/1.1 GET http://localhost:17000/api.doc/images/throbber.gif  
2017-11-29 00:27:57.832 +02:00 [Information] The file "/images/throbber.gif" was not modified
2017-11-29 00:27:57.833 +02:00 [Information] Request finished in 1.7548ms 304 image/gif
2017-11-29 00:28:01.127 +02:00 [Information] Request starting HTTP/1.1 GET http://localhost:17000/api/Question/GetQuestionById/7  
2017-11-29 00:28:01.129 +02:00 [Information] Successfully validated the token.
2017-11-29 00:28:01.130 +02:00 [Information] HttpContext.User merged via AutomaticAuthentication from authenticationScheme: "Bearer".
2017-11-29 00:28:01.255 +02:00 [Information] Authorization was successful for user: "241c247c-ac2a-4e9f-aaa4-66be9ddf5ac8".
2017-11-29 00:28:01.357 +02:00 [Information] Executing action method "WebApi.Controllers.QuestionController.GetQuestionById (WebApi)" with arguments (["7"]) - ModelState is Valid
2017-11-29 00:28:01.877 +02:00 [Information] Executed DbCommand (76ms) [Parameters=[@__questionId_0='?'], CommandType='Text', CommandTimeout='30']
SELECT TOP(1) [p].[Id], [p].[Description], [p].[Name]
FROM [Questions] AS [p]
WHERE [p].[Id] = @__questionId_0
2017-11-29 00:28:01.914 +02:00 [Information] Executing ObjectResult, writing value "Microsoft.AspNetCore.Mvc.ControllerContext".
2017-11-29 00:28:01.940 +02:00 [Information] Executed action "WebApi.Controllers.QuestionController.GetQuestionById (WebApi)" in 702.52ms
2017-11-29 00:28:01.943 +02:00 [Information] Request finished in 815.2879ms 200 application/json; charset=utf-8
2017-11-29 00:28:32.469 +02:00 [Information] Request starting HTTP/1.1 GET http://localhost:17000/api/Question/GetQuestionById/6  
2017-11-29 00:28:32.470 +02:00 [Information] Successfully validated the token.
2017-11-29 00:28:32.472 +02:00 [Information] HttpContext.User merged via AutomaticAuthentication from authenticationScheme: "Bearer".
2017-11-29 00:28:32.475 +02:00 [Information] Authorization was successful for user: "241c247c-ac2a-4e9f-aaa4-66be9ddf5ac8".
2017-11-29 00:28:32.478 +02:00 [Information] Executing action method "WebApi.Controllers.QuestionController.GetQuestionById (WebApi)" with arguments (["6"]) - ModelState is Valid
2017-11-29 00:28:32.505 +02:00 [Information] Executed DbCommand (2ms) [Parameters=[@__questionId_0='?'], CommandType='Text', CommandTimeout='30']
SELECT TOP(1) [p].[Id], [p].[Description], [p].[Name]
FROM [Questions] AS [p]
WHERE [p].[Id] = @__questionId_0
2017-11-29 00:28:32.507 +02:00 [Information] Executing ObjectResult, writing value "Microsoft.AspNetCore.Mvc.ControllerContext".
2017-11-29 00:28:32.509 +02:00 [Information] Executed action "WebApi.Controllers.QuestionController.GetQuestionById (WebApi)" in 34.7263ms
2017-11-29 00:28:32.510 +02:00 [Information] Request finished in 40.7321ms 200 application/json; charset=utf-8
2017-11-29 00:29:44.361 +02:00 [Information] Request starting HTTP/1.1 GET http://localhost:17000/api/Question/GetQuestionById/6  
2017-11-29 00:29:44.362 +02:00 [Information] Successfully validated the token.
2017-11-29 00:29:44.363 +02:00 [Information] HttpContext.User merged via AutomaticAuthentication from authenticationScheme: "Bearer".
2017-11-29 00:29:44.363 +02:00 [Information] Authorization was successful for user: "241c247c-ac2a-4e9f-aaa4-66be9ddf5ac8".
2017-11-29 00:29:44.365 +02:00 [Information] Executing action method "WebApi.Controllers.QuestionController.GetQuestionById (WebApi)" with arguments (["6"]) - ModelState is Valid
2017-11-29 00:29:49.208 +02:00 [Information] Executed DbCommand (29ms) [Parameters=[@__questionId_0='?'], CommandType='Text', CommandTimeout='30']
SELECT TOP(1) [p].[Id], [p].[Description], [p].[Name]
FROM [Questions] AS [p]
WHERE [p].[Id] = @__questionId_0
2017-11-29 00:30:17.169 +02:00 [Information] Executing ObjectResult, writing value "Microsoft.AspNetCore.Mvc.ControllerContext".
2017-11-29 00:30:17.171 +02:00 [Information] Executed action "WebApi.Controllers.QuestionController.GetQuestionById (WebApi)" in 32805.8326ms
2017-11-29 00:30:17.173 +02:00 [Information] Request finished in 32814.7977ms 200 application/json; charset=utf-8
2017-11-29 00:30:34.773 +02:00 [Information] Request starting HTTP/1.1 POST http://localhost:17000/api/Answer/AddAnswerToTheQuestion/6/1  0
2017-11-29 00:30:34.774 +02:00 [Information] Successfully validated the token.
2017-11-29 00:30:34.776 +02:00 [Information] HttpContext.User merged via AutomaticAuthentication from authenticationScheme: "Bearer".
2017-11-29 00:30:34.782 +02:00 [Information] Authorization was successful for user: "241c247c-ac2a-4e9f-aaa4-66be9ddf5ac8".
2017-11-29 00:30:39.987 +02:00 [Information] Executing action method "WebApi.Controllers.AnswerController.AddAnswerToTheQuestion (WebApi)" with arguments (["6", "1"]) - ModelState is Valid
2017-11-29 00:30:40.004 +02:00 [Information] Executed DbCommand (1ms) [Parameters=[@__questionId_0='?'], CommandType='Text', CommandTimeout='30']
SELECT TOP(1) [p].[Id], [p].[Description], [p].[Name]
FROM [Questions] AS [p]
WHERE [p].[Id] = @__questionId_0
2017-11-29 00:30:40.126 +02:00 [Information] Executed DbCommand (57ms) [Parameters=[@__answersId_0='?'], CommandType='Text', CommandTimeout='30']
SELECT TOP(1) [p].[Id], [p].[Name], [p].[TrueOrFalse]
FROM [Answers] AS [p]
WHERE [p].[Id] = @__answersId_0
2017-11-29 00:30:40.611 +02:00 [Information] Executed DbCommand (268ms) [Parameters=[@p0='?', @p1='?'], CommandType='Text', CommandTimeout='30']
SET NOCOUNT ON;
INSERT INTO [AnswersForQuestion] ([AnswerId], [QuestionId])
VALUES (@p0, @p1);
SELECT [Id]
FROM [AnswersForQuestion]
WHERE @@ROWCOUNT = 1 AND [Id] = scope_identity();
2017-11-29 00:30:40.682 +02:00 [Information] Executing ObjectResult, writing value "Microsoft.AspNetCore.Mvc.ControllerContext".
2017-11-29 00:30:40.684 +02:00 [Information] Executed action "WebApi.Controllers.AnswerController.AddAnswerToTheQuestion (WebApi)" in 5902.2327ms
2017-11-29 00:30:40.686 +02:00 [Information] Request finished in 5912.3605ms 200 application/json; charset=utf-8
2017-11-29 00:30:49.940 +02:00 [Information] Request starting HTTP/1.1 POST http://localhost:17000/api/Answer/AddAnswerToTheQuestion/6/2  0
2017-11-29 00:30:49.941 +02:00 [Information] Successfully validated the token.
2017-11-29 00:30:49.943 +02:00 [Information] HttpContext.User merged via AutomaticAuthentication from authenticationScheme: "Bearer".
2017-11-29 00:30:49.944 +02:00 [Information] Authorization was successful for user: "241c247c-ac2a-4e9f-aaa4-66be9ddf5ac8".
2017-11-29 00:30:49.946 +02:00 [Information] Executing action method "WebApi.Controllers.AnswerController.AddAnswerToTheQuestion (WebApi)" with arguments (["6", "2"]) - ModelState is Valid
2017-11-29 00:30:49.949 +02:00 [Information] Executed DbCommand (0ms) [Parameters=[@__questionId_0='?'], CommandType='Text', CommandTimeout='30']
SELECT TOP(1) [p].[Id], [p].[Description], [p].[Name]
FROM [Questions] AS [p]
WHERE [p].[Id] = @__questionId_0
2017-11-29 00:30:49.983 +02:00 [Information] Executed DbCommand (5ms) [Parameters=[@__answersId_0='?'], CommandType='Text', CommandTimeout='30']
SELECT TOP(1) [p].[Id], [p].[Name], [p].[TrueOrFalse]
FROM [Answers] AS [p]
WHERE [p].[Id] = @__answersId_0
2017-11-29 00:30:49.987 +02:00 [Information] Executed DbCommand (0ms) [Parameters=[@p0='?', @p1='?'], CommandType='Text', CommandTimeout='30']
SET NOCOUNT ON;
INSERT INTO [AnswersForQuestion] ([AnswerId], [QuestionId])
VALUES (@p0, @p1);
SELECT [Id]
FROM [AnswersForQuestion]
WHERE @@ROWCOUNT = 1 AND [Id] = scope_identity();
2017-11-29 00:30:49.990 +02:00 [Information] Executing ObjectResult, writing value "Microsoft.AspNetCore.Mvc.ControllerContext".
2017-11-29 00:30:49.990 +02:00 [Information] Executed action "WebApi.Controllers.AnswerController.AddAnswerToTheQuestion (WebApi)" in 45.8141ms
2017-11-29 00:30:49.991 +02:00 [Information] Request finished in 51.0331ms 200 application/json; charset=utf-8
2017-11-29 00:30:54.274 +02:00 [Information] Request starting HTTP/1.1 POST http://localhost:17000/api/Answer/AddAnswerToTheQuestion/6/3  0
2017-11-29 00:30:54.275 +02:00 [Information] Successfully validated the token.
2017-11-29 00:30:54.275 +02:00 [Information] HttpContext.User merged via AutomaticAuthentication from authenticationScheme: "Bearer".
2017-11-29 00:30:54.276 +02:00 [Information] Authorization was successful for user: "241c247c-ac2a-4e9f-aaa4-66be9ddf5ac8".
2017-11-29 00:30:54.277 +02:00 [Information] Executing action method "WebApi.Controllers.AnswerController.AddAnswerToTheQuestion (WebApi)" with arguments (["6", "3"]) - ModelState is Valid
2017-11-29 00:30:54.281 +02:00 [Information] Executed DbCommand (0ms) [Parameters=[@__questionId_0='?'], CommandType='Text', CommandTimeout='30']
SELECT TOP(1) [p].[Id], [p].[Description], [p].[Name]
FROM [Questions] AS [p]
WHERE [p].[Id] = @__questionId_0
2017-11-29 00:30:54.284 +02:00 [Information] Executed DbCommand (1ms) [Parameters=[@__answersId_0='?'], CommandType='Text', CommandTimeout='30']
SELECT TOP(1) [p].[Id], [p].[Name], [p].[TrueOrFalse]
FROM [Answers] AS [p]
WHERE [p].[Id] = @__answersId_0
2017-11-29 00:30:54.287 +02:00 [Information] Executed DbCommand (0ms) [Parameters=[@p0='?', @p1='?'], CommandType='Text', CommandTimeout='30']
SET NOCOUNT ON;
INSERT INTO [AnswersForQuestion] ([AnswerId], [QuestionId])
VALUES (@p0, @p1);
SELECT [Id]
FROM [AnswersForQuestion]
WHERE @@ROWCOUNT = 1 AND [Id] = scope_identity();
2017-11-29 00:30:54.289 +02:00 [Information] Executing ObjectResult, writing value "Microsoft.AspNetCore.Mvc.ControllerContext".
2017-11-29 00:30:54.290 +02:00 [Information] Executed action "WebApi.Controllers.AnswerController.AddAnswerToTheQuestion (WebApi)" in 13.8321ms
2017-11-29 00:30:54.290 +02:00 [Information] Request finished in 16.5354ms 200 application/json; charset=utf-8
2017-11-29 00:30:56.783 +02:00 [Information] Request starting HTTP/1.1 POST http://localhost:17000/api/Answer/AddAnswerToTheQuestion/6/4  0
2017-11-29 00:30:56.783 +02:00 [Information] Successfully validated the token.
2017-11-29 00:30:56.784 +02:00 [Information] HttpContext.User merged via AutomaticAuthentication from authenticationScheme: "Bearer".
2017-11-29 00:30:56.786 +02:00 [Information] Authorization was successful for user: "241c247c-ac2a-4e9f-aaa4-66be9ddf5ac8".
2017-11-29 00:30:56.787 +02:00 [Information] Executing action method "WebApi.Controllers.AnswerController.AddAnswerToTheQuestion (WebApi)" with arguments (["6", "4"]) - ModelState is Valid
2017-11-29 00:30:56.790 +02:00 [Information] Executed DbCommand (1ms) [Parameters=[@__questionId_0='?'], CommandType='Text', CommandTimeout='30']
SELECT TOP(1) [p].[Id], [p].[Description], [p].[Name]
FROM [Questions] AS [p]
WHERE [p].[Id] = @__questionId_0
2017-11-29 00:30:56.794 +02:00 [Information] Executed DbCommand (1ms) [Parameters=[@__answersId_0='?'], CommandType='Text', CommandTimeout='30']
SELECT TOP(1) [p].[Id], [p].[Name], [p].[TrueOrFalse]
FROM [Answers] AS [p]
WHERE [p].[Id] = @__answersId_0
2017-11-29 00:30:56.796 +02:00 [Information] Executing ObjectResult, writing value "Microsoft.AspNetCore.Mvc.ControllerContext".
2017-11-29 00:30:56.798 +02:00 [Information] Executed action "WebApi.Controllers.AnswerController.AddAnswerToTheQuestion (WebApi)" in 13.6136ms
2017-11-29 00:30:56.799 +02:00 [Information] Request finished in 16.445ms 404 text/plain; charset=utf-8
2017-11-29 00:31:01.069 +02:00 [Information] Request starting HTTP/1.1 POST http://localhost:17000/api/Answer/AddAnswerToTheQuestion/6/5  0
2017-11-29 00:31:01.070 +02:00 [Information] Successfully validated the token.
2017-11-29 00:31:01.071 +02:00 [Information] HttpContext.User merged via AutomaticAuthentication from authenticationScheme: "Bearer".
2017-11-29 00:31:01.074 +02:00 [Information] Authorization was successful for user: "241c247c-ac2a-4e9f-aaa4-66be9ddf5ac8".
2017-11-29 00:31:01.075 +02:00 [Information] Executing action method "WebApi.Controllers.AnswerController.AddAnswerToTheQuestion (WebApi)" with arguments (["6", "5"]) - ModelState is Valid
2017-11-29 00:31:01.077 +02:00 [Information] Executed DbCommand (0ms) [Parameters=[@__questionId_0='?'], CommandType='Text', CommandTimeout='30']
SELECT TOP(1) [p].[Id], [p].[Description], [p].[Name]
FROM [Questions] AS [p]
WHERE [p].[Id] = @__questionId_0
2017-11-29 00:31:01.081 +02:00 [Information] Executed DbCommand (1ms) [Parameters=[@__answersId_0='?'], CommandType='Text', CommandTimeout='30']
SELECT TOP(1) [p].[Id], [p].[Name], [p].[TrueOrFalse]
FROM [Answers] AS [p]
WHERE [p].[Id] = @__answersId_0
2017-11-29 00:31:01.081 +02:00 [Information] Executing ObjectResult, writing value "Microsoft.AspNetCore.Mvc.ControllerContext".
2017-11-29 00:31:01.082 +02:00 [Information] Executed action "WebApi.Controllers.AnswerController.AddAnswerToTheQuestion (WebApi)" in 9.111ms
2017-11-29 00:31:01.082 +02:00 [Information] Request finished in 13.7672ms 404 text/plain; charset=utf-8
2017-11-29 00:31:02.888 +02:00 [Information] Request starting HTTP/1.1 POST http://localhost:17000/api/Answer/AddAnswerToTheQuestion/6/6  0
2017-11-29 00:31:02.888 +02:00 [Information] Successfully validated the token.
2017-11-29 00:31:02.890 +02:00 [Information] HttpContext.User merged via AutomaticAuthentication from authenticationScheme: "Bearer".
2017-11-29 00:31:02.892 +02:00 [Information] Authorization was successful for user: "241c247c-ac2a-4e9f-aaa4-66be9ddf5ac8".
2017-11-29 00:31:02.893 +02:00 [Information] Executing action method "WebApi.Controllers.AnswerController.AddAnswerToTheQuestion (WebApi)" with arguments (["6", "6"]) - ModelState is Valid
2017-11-29 00:31:02.896 +02:00 [Information] Executed DbCommand (1ms) [Parameters=[@__questionId_0='?'], CommandType='Text', CommandTimeout='30']
SELECT TOP(1) [p].[Id], [p].[Description], [p].[Name]
FROM [Questions] AS [p]
WHERE [p].[Id] = @__questionId_0
2017-11-29 00:31:02.901 +02:00 [Information] Executed DbCommand (0ms) [Parameters=[@__answersId_0='?'], CommandType='Text', CommandTimeout='30']
SELECT TOP(1) [p].[Id], [p].[Name], [p].[TrueOrFalse]
FROM [Answers] AS [p]
WHERE [p].[Id] = @__answersId_0
2017-11-29 00:31:02.902 +02:00 [Information] Executing ObjectResult, writing value "Microsoft.AspNetCore.Mvc.ControllerContext".
2017-11-29 00:31:02.903 +02:00 [Information] Executed action "WebApi.Controllers.AnswerController.AddAnswerToTheQuestion (WebApi)" in 11.2563ms
2017-11-29 00:31:02.904 +02:00 [Information] Request finished in 16.3276ms 404 text/plain; charset=utf-8
2017-11-29 00:31:04.792 +02:00 [Information] Request starting HTTP/1.1 POST http://localhost:17000/api/Answer/AddAnswerToTheQuestion/6/7  0
2017-11-29 00:31:04.793 +02:00 [Information] Successfully validated the token.
2017-11-29 00:31:04.793 +02:00 [Information] HttpContext.User merged via AutomaticAuthentication from authenticationScheme: "Bearer".
2017-11-29 00:31:04.794 +02:00 [Information] Authorization was successful for user: "241c247c-ac2a-4e9f-aaa4-66be9ddf5ac8".
2017-11-29 00:31:04.794 +02:00 [Information] Executing action method "WebApi.Controllers.AnswerController.AddAnswerToTheQuestion (WebApi)" with arguments (["6", "7"]) - ModelState is Valid
2017-11-29 00:31:04.798 +02:00 [Information] Executed DbCommand (1ms) [Parameters=[@__questionId_0='?'], CommandType='Text', CommandTimeout='30']
SELECT TOP(1) [p].[Id], [p].[Description], [p].[Name]
FROM [Questions] AS [p]
WHERE [p].[Id] = @__questionId_0
2017-11-29 00:31:04.801 +02:00 [Information] Executed DbCommand (0ms) [Parameters=[@__answersId_0='?'], CommandType='Text', CommandTimeout='30']
SELECT TOP(1) [p].[Id], [p].[Name], [p].[TrueOrFalse]
FROM [Answers] AS [p]
WHERE [p].[Id] = @__answersId_0
2017-11-29 00:31:04.802 +02:00 [Information] Executing ObjectResult, writing value "Microsoft.AspNetCore.Mvc.ControllerContext".
2017-11-29 00:31:04.802 +02:00 [Information] Executed action "WebApi.Controllers.AnswerController.AddAnswerToTheQuestion (WebApi)" in 8.5862ms
2017-11-29 00:31:04.803 +02:00 [Information] Request finished in 10.5194ms 404 text/plain; charset=utf-8
2017-11-29 00:31:11.644 +02:00 [Information] Request starting HTTP/1.1 GET http://localhost:17000/api/Question/GetQuestionById/6  
2017-11-29 00:31:11.645 +02:00 [Information] Successfully validated the token.
2017-11-29 00:31:11.646 +02:00 [Information] HttpContext.User merged via AutomaticAuthentication from authenticationScheme: "Bearer".
2017-11-29 00:31:11.648 +02:00 [Information] Authorization was successful for user: "241c247c-ac2a-4e9f-aaa4-66be9ddf5ac8".
2017-11-29 00:31:11.649 +02:00 [Information] Executing action method "WebApi.Controllers.QuestionController.GetQuestionById (WebApi)" with arguments (["6"]) - ModelState is Valid
2017-11-29 00:31:16.660 +02:00 [Information] Executed DbCommand (0ms) [Parameters=[@__questionId_0='?'], CommandType='Text', CommandTimeout='30']
SELECT TOP(1) [p].[Id], [p].[Description], [p].[Name]
FROM [Questions] AS [p]
WHERE [p].[Id] = @__questionId_0
2017-11-29 00:32:02.685 +02:00 [Information] Executing ObjectResult, writing value "Microsoft.AspNetCore.Mvc.ControllerContext".
2017-11-29 00:32:02.687 +02:00 [Information] Executed action "WebApi.Controllers.QuestionController.GetQuestionById (WebApi)" in 51036.9569ms
2017-11-29 00:32:02.688 +02:00 [Information] Request finished in 51043.2115ms 200 application/json; charset=utf-8
2017-11-29 00:32:28.661 +02:00 [Information] Request starting HTTP/1.1 POST http://localhost:17000/api/Answer/AddAnswerToTheQuestion/6/2  0
2017-11-29 00:32:28.661 +02:00 [Information] Successfully validated the token.
2017-11-29 00:32:28.662 +02:00 [Information] HttpContext.User merged via AutomaticAuthentication from authenticationScheme: "Bearer".
2017-11-29 00:32:28.663 +02:00 [Information] Authorization was successful for user: "241c247c-ac2a-4e9f-aaa4-66be9ddf5ac8".
2017-11-29 00:32:28.665 +02:00 [Information] Executing action method "WebApi.Controllers.AnswerController.AddAnswerToTheQuestion (WebApi)" with arguments (["6", "2"]) - ModelState is Valid
2017-11-29 00:32:30.677 +02:00 [Information] Executed DbCommand (3ms) [Parameters=[@__questionId_0='?'], CommandType='Text', CommandTimeout='30']
SELECT TOP(1) [p].[Id], [p].[Description], [p].[Name]
FROM [Questions] AS [p]
WHERE [p].[Id] = @__questionId_0
2017-11-29 00:32:30.680 +02:00 [Information] Executed DbCommand (1ms) [Parameters=[@__answersId_0='?'], CommandType='Text', CommandTimeout='30']
SELECT TOP(1) [p].[Id], [p].[Name], [p].[TrueOrFalse]
FROM [Answers] AS [p]
WHERE [p].[Id] = @__answersId_0
2017-11-29 00:33:20.689 +02:00 [Information] Request starting HTTP/1.1 GET http://localhost:17000/api.doc/  
2017-11-29 00:33:20.786 +02:00 [Information] Sending file. Request path: '"/index.html"'. Physical path: '"N/A"'
2017-11-29 00:33:20.858 +02:00 [Information] Request finished in 186.6422ms 200 text/html
2017-11-29 00:33:20.864 +02:00 [Information] Request starting HTTP/1.1 GET http://localhost:17000/api.doc/css/typography.css  
2017-11-29 00:33:20.870 +02:00 [Information] The file "/css/typography.css" was not modified
2017-11-29 00:33:20.874 +02:00 [Information] Request finished in 10.65ms 304 text/css
2017-11-29 00:33:20.879 +02:00 [Information] Request starting HTTP/1.1 GET http://localhost:17000/api.doc/css/reset.css  
2017-11-29 00:33:20.879 +02:00 [Information] Request starting HTTP/1.1 GET http://localhost:17000/api.doc/css/screen.css  
2017-11-29 00:33:20.880 +02:00 [Information] The file "/css/reset.css" was not modified
2017-11-29 00:33:20.881 +02:00 [Information] Request finished in 1.2526ms 304 text/css
2017-11-29 00:33:20.882 +02:00 [Information] Request starting HTTP/1.1 GET http://localhost:17000/api.doc/lib/object-assign-pollyfill.js  
2017-11-29 00:33:20.883 +02:00 [Information] The file "/lib/object-assign-pollyfill.js" was not modified
2017-11-29 00:33:20.884 +02:00 [Information] The file "/css/screen.css" was not modified
2017-11-29 00:33:20.887 +02:00 [Information] Request finished in 1.7582ms 304 application/javascript
2017-11-29 00:33:20.888 +02:00 [Information] Request starting HTTP/1.1 GET http://localhost:17000/api.doc/lib/jquery-1.8.0.min.js  
2017-11-29 00:33:20.889 +02:00 [Information] The file "/lib/jquery-1.8.0.min.js" was not modified
2017-11-29 00:33:20.889 +02:00 [Information] Request finished in 1.3742ms 304 application/javascript
2017-11-29 00:33:20.891 +02:00 [Information] Request starting HTTP/1.1 GET http://localhost:17000/api.doc/lib/jquery.wiggle.min.js  
2017-11-29 00:33:20.891 +02:00 [Information] Request finished in 4.8213ms 304 text/css
2017-11-29 00:33:20.893 +02:00 [Information] Request starting HTTP/1.1 GET http://localhost:17000/api.doc/lib/jquery.slideto.min.js  
2017-11-29 00:33:20.894 +02:00 [Information] The file "/lib/jquery.slideto.min.js" was not modified
2017-11-29 00:33:20.895 +02:00 [Information] Request finished in 2.4895ms 304 application/javascript
2017-11-29 00:33:20.896 +02:00 [Information] The file "/lib/jquery.wiggle.min.js" was not modified
2017-11-29 00:33:20.896 +02:00 [Information] Request finished in 6.3022ms 304 application/javascript
2017-11-29 00:33:20.898 +02:00 [Information] Request starting HTTP/1.1 GET http://localhost:17000/api.doc/lib/jquery.ba-bbq.min.js  
2017-11-29 00:33:20.899 +02:00 [Information] The file "/lib/jquery.ba-bbq.min.js" was not modified
2017-11-29 00:33:20.900 +02:00 [Information] Request finished in 2.4354ms 304 application/javascript
2017-11-29 00:33:20.901 +02:00 [Information] Request starting HTTP/1.1 GET http://localhost:17000/api.doc/lib/lodash.min.js  
2017-11-29 00:33:20.902 +02:00 [Information] The file "/lib/lodash.min.js" was not modified
2017-11-29 00:33:20.908 +02:00 [Information] Request starting HTTP/1.1 GET http://localhost:17000/api.doc/lib/handlebars-4.0.5.js  
2017-11-29 00:33:20.909 +02:00 [Information] Request finished in 1.9583ms 304 application/javascript
2017-11-29 00:33:20.910 +02:00 [Information] Request starting HTTP/1.1 GET http://localhost:17000/api.doc/lib/backbone-min.js  
2017-11-29 00:33:20.911 +02:00 [Information] The file "/lib/backbone-min.js" was not modified
2017-11-29 00:33:20.913 +02:00 [Information] Request finished in 1.6951ms 304 application/javascript
2017-11-29 00:33:20.914 +02:00 [Information] Request starting HTTP/1.1 GET http://localhost:17000/api.doc/swagger-ui.min.js  
2017-11-29 00:33:20.917 +02:00 [Information] The file "/swagger-ui.min.js" was not modified
2017-11-29 00:33:20.919 +02:00 [Information] The file "/lib/handlebars-4.0.5.js" was not modified
2017-11-29 00:33:20.923 +02:00 [Information] Request finished in 18.8292ms 304 application/javascript
2017-11-29 00:33:20.928 +02:00 [Information] Request starting HTTP/1.1 GET http://localhost:17000/api.doc/lib/highlight.9.1.0.pack_extended.js  
2017-11-29 00:33:20.929 +02:00 [Information] Request finished in 4.4808ms 304 application/javascript
2017-11-29 00:33:20.932 +02:00 [Information] Request starting HTTP/1.1 GET http://localhost:17000/api.doc/lib/highlight.9.1.0.pack.js  
2017-11-29 00:33:20.933 +02:00 [Information] The file "/lib/highlight.9.1.0.pack.js" was not modified
2017-11-29 00:33:20.936 +02:00 [Information] Request finished in 3.7316ms 304 application/javascript
2017-11-29 00:33:20.938 +02:00 [Information] Request starting HTTP/1.1 GET http://localhost:17000/api.doc/lib/jsoneditor.min.js  
2017-11-29 00:33:20.939 +02:00 [Information] The file "/lib/jsoneditor.min.js" was not modified
2017-11-29 00:33:20.942 +02:00 [Information] The file "/lib/highlight.9.1.0.pack_extended.js" was not modified
2017-11-29 00:33:20.947 +02:00 [Information] Request finished in 19.5101ms 304 application/javascript
2017-11-29 00:33:20.953 +02:00 [Information] Request finished in 2.9585ms 304 application/javascript
2017-11-29 00:33:20.955 +02:00 [Information] Request starting HTTP/1.1 GET http://localhost:17000/api.doc/lib/marked.js  
2017-11-29 00:33:20.956 +02:00 [Information] The file "/lib/marked.js" was not modified
2017-11-29 00:33:20.960 +02:00 [Information] Request finished in 4.401ms 304 application/javascript
2017-11-29 00:33:20.961 +02:00 [Information] Request starting HTTP/1.1 GET http://localhost:17000/api.doc/lib/swagger-oauth.js  
2017-11-29 00:33:20.963 +02:00 [Information] The file "/lib/swagger-oauth.js" was not modified
2017-11-29 00:33:20.965 +02:00 [Information] Request starting HTTP/1.1 GET http://localhost:17000/api.doc/images/logo_small.png  
2017-11-29 00:33:20.980 +02:00 [Information] The file "/images/logo_small.png" was not modified
2017-11-29 00:33:20.985 +02:00 [Information] Request finished in 20.3387ms 304 image/png
2017-11-29 00:33:20.986 +02:00 [Information] Request starting HTTP/1.1 GET http://localhost:17000/api.doc/css/print.css  
2017-11-29 00:33:20.994 +02:00 [Information] Request finished in 16.1638ms 304 application/javascript
2017-11-29 00:33:20.995 +02:00 [Information] The file "/css/print.css" was not modified
2017-11-29 00:33:20.996 +02:00 [Information] Request finished in 10.5395ms 304 text/css
2017-11-29 00:33:21.230 +02:00 [Information] Request starting HTTP/1.1 GET http://localhost:17000/swagger/v1/swagger.json  
2017-11-29 00:33:21.652 +02:00 [Information] Request finished in 420.3134ms 200 application/json
2017-11-29 00:33:33.572 +02:00 [Information] Request starting HTTP/1.1 GET http://localhost:17000/swagger/v1/swagger.json  
2017-11-29 00:33:33.640 +02:00 [Information] Successfully validated the token.
2017-11-29 00:33:33.647 +02:00 [Information] HttpContext.User merged via AutomaticAuthentication from authenticationScheme: "Bearer".
2017-11-29 00:33:33.654 +02:00 [Information] Request finished in 82.7814ms 200 application/json
2017-11-29 00:33:48.072 +02:00 [Information] Request starting HTTP/1.1 GET http://localhost:17000/api.doc/images/throbber.gif  
2017-11-29 00:33:48.072 +02:00 [Information] The file "/images/throbber.gif" was not modified
2017-11-29 00:33:48.073 +02:00 [Information] Request finished in 1.5295ms 304 image/gif
2017-11-29 00:33:53.478 +02:00 [Information] Request starting HTTP/1.1 POST http://localhost:17000/api/Answer/AddAnswerToTheQuestion/6/1  0
2017-11-29 00:33:53.479 +02:00 [Information] Successfully validated the token.
2017-11-29 00:33:53.480 +02:00 [Information] HttpContext.User merged via AutomaticAuthentication from authenticationScheme: "Bearer".
2017-11-29 00:33:53.613 +02:00 [Information] Authorization was successful for user: "241c247c-ac2a-4e9f-aaa4-66be9ddf5ac8".
2017-11-29 00:33:53.721 +02:00 [Information] Executing action method "WebApi.Controllers.AnswerController.AddAnswerToTheQuestion (WebApi)" with arguments (["6", "1"]) - ModelState is Valid
2017-11-29 00:34:08.084 +02:00 [Information] Executed DbCommand (60ms) [Parameters=[@__questionId_0='?'], CommandType='Text', CommandTimeout='30']
SELECT TOP(1) [p].[Id], [p].[Description], [p].[Name]
FROM [Questions] AS [p]
WHERE [p].[Id] = @__questionId_0
2017-11-29 00:34:09.521 +02:00 [Information] Executed DbCommand (16ms) [Parameters=[@__answersId_0='?'], CommandType='Text', CommandTimeout='30']
SELECT TOP(1) [p].[Id], [p].[Name], [p].[TrueOrFalse]
FROM [Answers] AS [p]
WHERE [p].[Id] = @__answersId_0
2017-11-29 00:34:12.099 +02:00 [Information] Executed DbCommand (53ms) [Parameters=[@p0='?', @p1='?'], CommandType='Text', CommandTimeout='30']
SET NOCOUNT ON;
INSERT INTO [AnswersForQuestion] ([AnswerId], [QuestionId])
VALUES (@p0, @p1);
SELECT [Id]
FROM [AnswersForQuestion]
WHERE @@ROWCOUNT = 1 AND [Id] = scope_identity();
2017-11-29 00:34:15.777 +02:00 [Information] Executing ObjectResult, writing value "Microsoft.AspNetCore.Mvc.ControllerContext".
2017-11-29 00:34:15.803 +02:00 [Information] Executed action "WebApi.Controllers.AnswerController.AddAnswerToTheQuestion (WebApi)" in 22205.6639ms
2017-11-29 00:34:15.806 +02:00 [Information] Request finished in 22333.8968ms 200 application/json; charset=utf-8
2017-11-29 00:34:23.516 +02:00 [Information] Request starting HTTP/1.1 POST http://localhost:17000/api/Answer/AddAnswerToTheQuestion/6/2  0
2017-11-29 00:34:23.516 +02:00 [Information] Successfully validated the token.
2017-11-29 00:34:23.517 +02:00 [Information] HttpContext.User merged via AutomaticAuthentication from authenticationScheme: "Bearer".
2017-11-29 00:34:23.520 +02:00 [Information] Authorization was successful for user: "241c247c-ac2a-4e9f-aaa4-66be9ddf5ac8".
2017-11-29 00:34:23.521 +02:00 [Information] Executing action method "WebApi.Controllers.AnswerController.AddAnswerToTheQuestion (WebApi)" with arguments (["6", "2"]) - ModelState is Valid
2017-11-29 00:34:29.303 +02:00 [Information] Executed DbCommand (0ms) [Parameters=[@__questionId_0='?'], CommandType='Text', CommandTimeout='30']
SELECT TOP(1) [p].[Id], [p].[Description], [p].[Name]
FROM [Questions] AS [p]
WHERE [p].[Id] = @__questionId_0
2017-11-29 00:34:29.669 +02:00 [Information] Executed DbCommand (0ms) [Parameters=[@__answersId_0='?'], CommandType='Text', CommandTimeout='30']
SELECT TOP(1) [p].[Id], [p].[Name], [p].[TrueOrFalse]
FROM [Answers] AS [p]
WHERE [p].[Id] = @__answersId_0
2017-11-29 00:34:32.290 +02:00 [Information] Executed DbCommand (0ms) [Parameters=[@p0='?', @p1='?'], CommandType='Text', CommandTimeout='30']
SET NOCOUNT ON;
INSERT INTO [AnswersForQuestion] ([AnswerId], [QuestionId])
VALUES (@p0, @p1);
SELECT [Id]
FROM [AnswersForQuestion]
WHERE @@ROWCOUNT = 1 AND [Id] = scope_identity();
2017-11-29 00:34:34.053 +02:00 [Information] Executing ObjectResult, writing value "Microsoft.AspNetCore.Mvc.ControllerContext".
2017-11-29 00:34:34.055 +02:00 [Information] Executed action "WebApi.Controllers.AnswerController.AddAnswerToTheQuestion (WebApi)" in 10534.6685ms
2017-11-29 00:34:34.056 +02:00 [Information] Request finished in 10540.1738ms 200 application/json; charset=utf-8
2017-11-29 00:34:45.964 +02:00 [Information] Request starting HTTP/1.1 GET http://localhost:17000/api/Question/GetQuestionById/6  
2017-11-29 00:34:45.965 +02:00 [Information] Successfully validated the token.
2017-11-29 00:34:45.966 +02:00 [Information] HttpContext.User merged via AutomaticAuthentication from authenticationScheme: "Bearer".
2017-11-29 00:34:45.969 +02:00 [Information] Authorization was successful for user: "241c247c-ac2a-4e9f-aaa4-66be9ddf5ac8".
2017-11-29 00:34:45.971 +02:00 [Information] Executing action method "WebApi.Controllers.QuestionController.GetQuestionById (WebApi)" with arguments (["6"]) - ModelState is Valid
2017-11-29 00:34:53.508 +02:00 [Information] Executed DbCommand (1ms) [Parameters=[@__questionId_0='?'], CommandType='Text', CommandTimeout='30']
SELECT TOP(1) [p].[Id], [p].[Description], [p].[Name]
FROM [Questions] AS [p]
WHERE [p].[Id] = @__questionId_0
2017-11-29 00:35:56.661 +02:00 [Information] Request starting HTTP/1.1 GET http://localhost:17000/api.doc/  
2017-11-29 00:35:56.752 +02:00 [Information] Sending file. Request path: '"/index.html"'. Physical path: '"N/A"'
2017-11-29 00:35:56.832 +02:00 [Information] Request finished in 186.7894ms 200 text/html
2017-11-29 00:35:56.842 +02:00 [Information] Request starting HTTP/1.1 GET http://localhost:17000/api.doc/css/reset.css  
2017-11-29 00:35:56.843 +02:00 [Information] Request starting HTTP/1.1 GET http://localhost:17000/api.doc/css/typography.css  
2017-11-29 00:35:56.846 +02:00 [Information] The file "/css/reset.css" was not modified
2017-11-29 00:35:56.846 +02:00 [Information] The file "/css/typography.css" was not modified
2017-11-29 00:35:56.851 +02:00 [Information] Request finished in 7.0822ms 304 text/css
2017-11-29 00:35:56.852 +02:00 [Information] Request starting HTTP/1.1 GET http://localhost:17000/api.doc/lib/object-assign-pollyfill.js  
2017-11-29 00:35:56.852 +02:00 [Information] The file "/lib/object-assign-pollyfill.js" was not modified
2017-11-29 00:35:56.859 +02:00 [Information] Request finished in 1.2172ms 304 application/javascript
2017-11-29 00:35:56.859 +02:00 [Information] Request finished in 6.5105ms 304 text/css
2017-11-29 00:35:56.860 +02:00 [Information] Request starting HTTP/1.1 GET http://localhost:17000/api.doc/lib/jquery-1.8.0.min.js  
2017-11-29 00:35:56.861 +02:00 [Information] The file "/lib/jquery-1.8.0.min.js" was not modified
2017-11-29 00:35:56.864 +02:00 [Information] Request finished in 2.6137ms 304 application/javascript
2017-11-29 00:35:56.866 +02:00 [Information] Request starting HTTP/1.1 GET http://localhost:17000/api.doc/lib/jquery.slideto.min.js  
2017-11-29 00:35:56.867 +02:00 [Information] Request starting HTTP/1.1 GET http://localhost:17000/api.doc/css/screen.css  
2017-11-29 00:35:56.868 +02:00 [Information] The file "/lib/jquery.slideto.min.js" was not modified
2017-11-29 00:35:56.872 +02:00 [Information] Request finished in 4.3665ms 304 application/javascript
2017-11-29 00:35:56.873 +02:00 [Information] Request starting HTTP/1.1 GET http://localhost:17000/api.doc/lib/jquery.wiggle.min.js  
2017-11-29 00:35:56.874 +02:00 [Information] The file "/css/screen.css" was not modified
2017-11-29 00:35:56.877 +02:00 [Information] Request finished in 15.8399ms 304 text/css
2017-11-29 00:35:56.878 +02:00 [Information] The file "/lib/jquery.wiggle.min.js" was not modified
2017-11-29 00:35:56.881 +02:00 [Information] Request finished in 6.0667ms 304 application/javascript
2017-11-29 00:35:56.884 +02:00 [Information] Request starting HTTP/1.1 GET http://localhost:17000/api.doc/lib/handlebars-4.0.5.js  
2017-11-29 00:35:56.885 +02:00 [Information] The file "/lib/handlebars-4.0.5.js" was not modified
2017-11-29 00:35:56.887 +02:00 [Information] Request starting HTTP/1.1 GET http://localhost:17000/api.doc/lib/jquery.ba-bbq.min.js  
2017-11-29 00:35:56.887 +02:00 [Information] Request finished in 3.9108ms 304 application/javascript
2017-11-29 00:35:56.888 +02:00 [Information] The file "/lib/jquery.ba-bbq.min.js" was not modified
2017-11-29 00:35:56.889 +02:00 [Information] Request finished in 10.8727ms 304 application/javascript
2017-11-29 00:35:56.890 +02:00 [Information] Request starting HTTP/1.1 GET http://localhost:17000/api.doc/lib/backbone-min.js  
2017-11-29 00:35:56.891 +02:00 [Information] The file "/lib/backbone-min.js" was not modified
2017-11-29 00:35:56.892 +02:00 [Information] Request starting HTTP/1.1 GET http://localhost:17000/api.doc/lib/lodash.min.js  
2017-11-29 00:35:56.893 +02:00 [Information] The file "/lib/lodash.min.js" was not modified
2017-11-29 00:35:56.894 +02:00 [Information] Request finished in 5.498ms 304 application/javascript
2017-11-29 00:35:56.895 +02:00 [Information] Request starting HTTP/1.1 GET http://localhost:17000/api.doc/lib/highlight.9.1.0.pack.js  
2017-11-29 00:35:56.895 +02:00 [Information] Request finished in 1.7843ms 304 application/javascript
2017-11-29 00:35:56.896 +02:00 [Information] The file "/lib/highlight.9.1.0.pack.js" was not modified
2017-11-29 00:35:56.897 +02:00 [Information] Request finished in 1.7215ms 304 application/javascript
2017-11-29 00:35:56.898 +02:00 [Information] Request starting HTTP/1.1 GET http://localhost:17000/api.doc/lib/highlight.9.1.0.pack_extended.js  
2017-11-29 00:35:56.899 +02:00 [Information] The file "/lib/highlight.9.1.0.pack_extended.js" was not modified
2017-11-29 00:35:56.901 +02:00 [Information] Request finished in 1.6631ms 304 application/javascript
2017-11-29 00:35:56.903 +02:00 [Information] Request starting HTTP/1.1 GET http://localhost:17000/api.doc/swagger-ui.min.js  
2017-11-29 00:35:56.904 +02:00 [Information] The file "/swagger-ui.min.js" was not modified
2017-11-29 00:35:56.907 +02:00 [Information] Request finished in 9.1409ms 304 application/javascript
2017-11-29 00:35:56.909 +02:00 [Information] Request starting HTTP/1.1 GET http://localhost:17000/api.doc/lib/marked.js  
2017-11-29 00:35:56.910 +02:00 [Information] Request starting HTTP/1.1 GET http://localhost:17000/api.doc/lib/jsoneditor.min.js  
2017-11-29 00:35:56.912 +02:00 [Information] The file "/lib/jsoneditor.min.js" was not modified
2017-11-29 00:35:56.917 +02:00 [Information] Request finished in 10.9892ms 304 application/javascript
2017-11-29 00:35:56.918 +02:00 [Information] Request starting HTTP/1.1 GET http://localhost:17000/api.doc/lib/swagger-oauth.js  
2017-11-29 00:35:56.920 +02:00 [Information] The file "/lib/swagger-oauth.js" was not modified
2017-11-29 00:35:56.923 +02:00 [Information] The file "/lib/marked.js" was not modified
2017-11-29 00:35:56.928 +02:00 [Information] Request finished in 16.5512ms 304 application/javascript
2017-11-29 00:35:56.929 +02:00 [Information] Request finished in 3.5451ms 304 application/javascript
2017-11-29 00:35:56.931 +02:00 [Information] Request starting HTTP/1.1 GET http://localhost:17000/api.doc/images/logo_small.png  
2017-11-29 00:35:56.933 +02:00 [Information] The file "/images/logo_small.png" was not modified
2017-11-29 00:35:56.935 +02:00 [Information] Request finished in 3.2588ms 304 image/png
2017-11-29 00:35:56.936 +02:00 [Information] Request starting HTTP/1.1 GET http://localhost:17000/api.doc/css/print.css  
2017-11-29 00:35:56.938 +02:00 [Information] The file "/css/print.css" was not modified
2017-11-29 00:35:56.939 +02:00 [Information] Request finished in 2.5122ms 304 text/css
2017-11-29 00:35:57.219 +02:00 [Information] Request starting HTTP/1.1 GET http://localhost:17000/swagger/v1/swagger.json  
2017-11-29 00:35:57.715 +02:00 [Information] Request finished in 476.2796ms 200 application/json
2017-11-29 00:36:13.373 +02:00 [Information] Request starting HTTP/1.1 GET http://localhost:17000/swagger/v1/swagger.json  
2017-11-29 00:36:13.441 +02:00 [Information] Successfully validated the token.
2017-11-29 00:36:13.448 +02:00 [Information] HttpContext.User merged via AutomaticAuthentication from authenticationScheme: "Bearer".
2017-11-29 00:36:13.454 +02:00 [Information] Request finished in 82.6337ms 200 application/json
2017-11-29 00:36:17.679 +02:00 [Information] Request starting HTTP/1.1 GET http://localhost:17000/api.doc/images/throbber.gif  
2017-11-29 00:36:17.680 +02:00 [Information] The file "/images/throbber.gif" was not modified
2017-11-29 00:36:17.681 +02:00 [Information] Request finished in 2.1781ms 304 image/gif
2017-11-29 00:36:20.286 +02:00 [Information] Request starting HTTP/1.1 GET http://localhost:17000/api/Question/GetQuestionById/6  
2017-11-29 00:36:20.287 +02:00 [Information] Successfully validated the token.
2017-11-29 00:36:20.288 +02:00 [Information] HttpContext.User merged via AutomaticAuthentication from authenticationScheme: "Bearer".
2017-11-29 00:36:20.474 +02:00 [Information] Authorization was successful for user: "241c247c-ac2a-4e9f-aaa4-66be9ddf5ac8".
2017-11-29 00:36:20.588 +02:00 [Information] Executing action method "WebApi.Controllers.QuestionController.GetQuestionById (WebApi)" with arguments (["6"]) - ModelState is Valid
2017-11-29 00:36:28.292 +02:00 [Information] Executed DbCommand (20ms) [Parameters=[@__questionId_0='?'], CommandType='Text', CommandTimeout='30']
SELECT TOP(1) [p].[Id], [p].[Description], [p].[Name]
FROM [Questions] AS [p]
WHERE [p].[Id] = @__questionId_0
ORDER BY [p].[Id]
2017-11-29 00:36:28.353 +02:00 [Information] Executed DbCommand (4ms) [Parameters=[@__questionId_0='?'], CommandType='Text', CommandTimeout='30']
SELECT [a].[Id], [a].[AnswerId], [a].[QuestionId]
FROM [AnswersForQuestion] AS [a]
INNER JOIN (
    SELECT DISTINCT TOP(1) [p].[Id]
    FROM [Questions] AS [p]
    WHERE [p].[Id] = @__questionId_0
    ORDER BY [p].[Id]
) AS [p0] ON [a].[QuestionId] = [p0].[Id]
ORDER BY [p0].[Id]
2017-11-29 00:37:09.423 +02:00 [Information] Executing ObjectResult, writing value "Microsoft.AspNetCore.Mvc.ControllerContext".
2017-11-29 00:37:09.438 +02:00 [Information] Executed action "WebApi.Controllers.QuestionController.GetQuestionById (WebApi)" in 48980.2615ms
2017-11-29 00:37:09.441 +02:00 [Information] Request finished in 49154.5851ms 500 text/plain; charset=utf-8
2017-11-29 00:42:29.337 +02:00 [Information] Request starting HTTP/1.1 GET http://localhost:17000/api.doc/  
2017-11-29 00:42:29.434 +02:00 [Information] Sending file. Request path: '"/index.html"'. Physical path: '"N/A"'
2017-11-29 00:42:29.512 +02:00 [Information] Request finished in 189.4727ms 200 text/html
2017-11-29 00:42:29.520 +02:00 [Information] Request starting HTTP/1.1 GET http://localhost:17000/api.doc/css/typography.css  
2017-11-29 00:42:29.525 +02:00 [Information] The file "/css/typography.css" was not modified
2017-11-29 00:42:29.531 +02:00 [Information] Request finished in 12.1075ms 304 text/css
2017-11-29 00:42:29.532 +02:00 [Information] Request starting HTTP/1.1 GET http://localhost:17000/api.doc/css/reset.css  
2017-11-29 00:42:29.533 +02:00 [Information] The file "/css/reset.css" was not modified
2017-11-29 00:42:29.534 +02:00 [Information] Request finished in 1.2923ms 304 text/css
2017-11-29 00:42:29.535 +02:00 [Information] Request starting HTTP/1.1 GET http://localhost:17000/api.doc/css/screen.css  
2017-11-29 00:42:29.536 +02:00 [Information] The file "/css/screen.css" was not modified
2017-11-29 00:42:29.537 +02:00 [Information] Request starting HTTP/1.1 GET http://localhost:17000/api.doc/lib/object-assign-pollyfill.js  
2017-11-29 00:42:29.539 +02:00 [Information] The file "/lib/object-assign-pollyfill.js" was not modified
2017-11-29 00:42:29.561 +02:00 [Information] Request finished in 4.011ms 304 application/javascript
2017-11-29 00:42:29.562 +02:00 [Information] Request finished in 2.3999ms 304 text/css
2017-11-29 00:42:29.562 +02:00 [Information] Request starting HTTP/1.1 GET http://localhost:17000/api.doc/lib/jquery.slideto.min.js  
2017-11-29 00:42:29.563 +02:00 [Information] The file "/lib/jquery.slideto.min.js" was not modified
2017-11-29 00:42:29.564 +02:00 [Information] Request starting HTTP/1.1 GET http://localhost:17000/api.doc/lib/jquery-1.8.0.min.js  
2017-11-29 00:42:29.565 +02:00 [Information] The file "/lib/jquery-1.8.0.min.js" was not modified
2017-11-29 00:42:29.566 +02:00 [Information] Request finished in 2.9994ms 304 application/javascript
2017-11-29 00:42:29.571 +02:00 [Information] Request finished in 1.5748ms 304 application/javascript
2017-11-29 00:42:29.573 +02:00 [Information] Request starting HTTP/1.1 GET http://localhost:17000/api.doc/lib/jquery.wiggle.min.js  
2017-11-29 00:42:29.577 +02:00 [Information] The file "/lib/jquery.wiggle.min.js" was not modified
2017-11-29 00:42:29.580 +02:00 [Information] Request finished in 5.841ms 304 application/javascript
2017-11-29 00:42:29.580 +02:00 [Information] Request starting HTTP/1.1 GET http://localhost:17000/api.doc/lib/jquery.ba-bbq.min.js  
2017-11-29 00:42:29.581 +02:00 [Information] Request starting HTTP/1.1 GET http://localhost:17000/api.doc/lib/handlebars-4.0.5.js  
2017-11-29 00:42:29.582 +02:00 [Information] The file "/lib/jquery.ba-bbq.min.js" was not modified
2017-11-29 00:42:29.584 +02:00 [Information] Request finished in 16.1228ms 304 application/javascript
2017-11-29 00:42:29.585 +02:00 [Information] Request starting HTTP/1.1 GET http://localhost:17000/api.doc/lib/lodash.min.js  
2017-11-29 00:42:29.587 +02:00 [Information] The file "/lib/handlebars-4.0.5.js" was not modified
2017-11-29 00:42:29.590 +02:00 [Information] Request finished in 8.3037ms 304 application/javascript
2017-11-29 00:42:29.592 +02:00 [Information] Request starting HTTP/1.1 GET http://localhost:17000/api.doc/lib/backbone-min.js  
2017-11-29 00:42:29.594 +02:00 [Information] The file "/lib/backbone-min.js" was not modified
2017-11-29 00:42:29.598 +02:00 [Information] Request finished in 5.4101ms 304 application/javascript
2017-11-29 00:42:29.598 +02:00 [Information] The file "/lib/lodash.min.js" was not modified
2017-11-29 00:42:29.602 +02:00 [Information] Request finished in 14.8381ms 304 application/javascript
2017-11-29 00:42:29.603 +02:00 [Information] Request starting HTTP/1.1 GET http://localhost:17000/api.doc/swagger-ui.min.js  
2017-11-29 00:42:29.605 +02:00 [Information] The file "/swagger-ui.min.js" was not modified
2017-11-29 00:42:29.613 +02:00 [Information] Request starting HTTP/1.1 GET http://localhost:17000/api.doc/lib/highlight.9.1.0.pack.js  
2017-11-29 00:42:29.614 +02:00 [Information] Request finished in 7.441ms 304 application/javascript
2017-11-29 00:42:29.620 +02:00 [Information] Request starting HTTP/1.1 GET http://localhost:17000/api.doc/lib/highlight.9.1.0.pack_extended.js  
2017-11-29 00:42:29.621 +02:00 [Information] The file "/lib/highlight.9.1.0.pack_extended.js" was not modified
2017-11-29 00:42:29.622 +02:00 [Information] Request finished in 6.0966ms 304 application/javascript
2017-11-29 00:42:29.623 +02:00 [Information] The file "/lib/highlight.9.1.0.pack.js" was not modified
2017-11-29 00:42:29.629 +02:00 [Information] Request finished in 21.3589ms 304 application/javascript
2017-11-29 00:42:29.633 +02:00 [Information] Request starting HTTP/1.1 GET http://localhost:17000/api.doc/lib/marked.js  
2017-11-29 00:42:29.634 +02:00 [Information] The file "/lib/marked.js" was not modified
2017-11-29 00:42:29.635 +02:00 [Information] Request finished in 3.5665ms 304 application/javascript
2017-11-29 00:42:29.636 +02:00 [Information] Request starting HTTP/1.1 GET http://localhost:17000/api.doc/lib/swagger-oauth.js  
2017-11-29 00:42:29.636 +02:00 [Information] Request starting HTTP/1.1 GET http://localhost:17000/api.doc/lib/jsoneditor.min.js  
2017-11-29 00:42:29.639 +02:00 [Information] The file "/lib/swagger-oauth.js" was not modified
2017-11-29 00:42:29.641 +02:00 [Information] Request finished in 3.6671ms 304 application/javascript
2017-11-29 00:42:29.642 +02:00 [Information] Request starting HTTP/1.1 GET http://localhost:17000/api.doc/images/logo_small.png  
2017-11-29 00:42:29.644 +02:00 [Information] The file "/images/logo_small.png" was not modified
2017-11-29 00:42:29.646 +02:00 [Information] The file "/lib/jsoneditor.min.js" was not modified
2017-11-29 00:42:29.653 +02:00 [Information] Request finished in 22.7771ms 304 application/javascript
2017-11-29 00:42:29.654 +02:00 [Information] Request finished in 3.2968ms 304 image/png
2017-11-29 00:42:29.660 +02:00 [Information] Request starting HTTP/1.1 GET http://localhost:17000/api.doc/css/print.css  
2017-11-29 00:42:29.661 +02:00 [Information] The file "/css/print.css" was not modified
2017-11-29 00:42:29.663 +02:00 [Information] Request finished in 7.0468ms 304 text/css
2017-11-29 00:42:29.945 +02:00 [Information] Request starting HTTP/1.1 GET http://localhost:17000/swagger/v1/swagger.json  
2017-11-29 00:42:30.345 +02:00 [Information] Request finished in 419.8688ms 200 application/json
2017-11-29 00:42:47.756 +02:00 [Information] Request starting HTTP/1.1 GET http://localhost:17000/swagger/v1/swagger.json  
2017-11-29 00:42:47.822 +02:00 [Information] Successfully validated the token.
2017-11-29 00:42:47.828 +02:00 [Information] HttpContext.User merged via AutomaticAuthentication from authenticationScheme: "Bearer".
2017-11-29 00:42:47.836 +02:00 [Information] Request finished in 80.3259ms 200 application/json
2017-11-29 00:42:52.048 +02:00 [Information] Request starting HTTP/1.1 GET http://localhost:17000/api.doc/images/throbber.gif  
2017-11-29 00:42:52.049 +02:00 [Information] The file "/images/throbber.gif" was not modified
2017-11-29 00:42:52.050 +02:00 [Information] Request finished in 1.8291ms 304 image/gif
2017-11-29 00:42:54.966 +02:00 [Information] Request starting HTTP/1.1 GET http://localhost:17000/api/Question/GetQuestionById/6  
2017-11-29 00:42:54.967 +02:00 [Information] Successfully validated the token.
2017-11-29 00:42:54.968 +02:00 [Information] HttpContext.User merged via AutomaticAuthentication from authenticationScheme: "Bearer".
2017-11-29 00:42:55.098 +02:00 [Information] Authorization was successful for user: "241c247c-ac2a-4e9f-aaa4-66be9ddf5ac8".
2017-11-29 00:42:55.203 +02:00 [Information] Executing action method "WebApi.Controllers.QuestionController.GetQuestionById (WebApi)" with arguments (["6"]) - ModelState is Valid
2017-11-29 00:43:02.027 +02:00 [Information] Executed DbCommand (21ms) [Parameters=[@__questionId_0='?'], CommandType='Text', CommandTimeout='30']
SELECT TOP(1) [p].[Id], [p].[Description], [p].[Name]
FROM [Questions] AS [p]
WHERE [p].[Id] = @__questionId_0
ORDER BY [p].[Id]
2017-11-29 00:43:02.318 +02:00 [Information] Executed DbCommand (230ms) [Parameters=[@__questionId_0='?'], CommandType='Text', CommandTimeout='30']
SELECT [a].[Id], [a].[AnswerId], [a].[QuestionId], [a0].[Id], [a0].[Name], [a0].[TrueOrFalse]
FROM [AnswersForQuestion] AS [a]
INNER JOIN (
    SELECT DISTINCT TOP(1) [p].[Id]
    FROM [Questions] AS [p]
    WHERE [p].[Id] = @__questionId_0
    ORDER BY [p].[Id]
) AS [p0] ON [a].[QuestionId] = [p0].[Id]
LEFT JOIN [Answers] AS [a0] ON [a].[AnswerId] = [a0].[Id]
ORDER BY [p0].[Id]
2017-11-29 00:43:39.022 +02:00 [Information] Executing ObjectResult, writing value "Microsoft.AspNetCore.Mvc.ControllerContext".
2017-11-29 00:43:39.054 +02:00 [Information] Executed action "WebApi.Controllers.QuestionController.GetQuestionById (WebApi)" in 43973.585ms
2017-11-29 00:43:39.057 +02:00 [Information] Request finished in 44090.1051ms 200 application/json; charset=utf-8
