2017-11-22 01:48:39.014 +02:00 [Information] Request starting HTTP/1.1 GET http://localhost:17000/api.doc/  
2017-11-22 01:48:39.298 +02:00 [Information] Sending file. Request path: '"/index.html"'. Physical path: '"N/A"'
2017-11-22 01:48:39.540 +02:00 [Information] Request starting HTTP/1.1 GET http://localhost:17000/api.doc/lib/jquery-1.8.0.min.js  
2017-11-22 01:48:39.544 +02:00 [Information] Request starting HTTP/1.1 GET http://localhost:17000/api.doc/lib/object-assign-pollyfill.js  
2017-11-22 01:48:39.551 +02:00 [Information] Request finished in 560.0493ms 200 text/html
2017-11-22 01:48:39.556 +02:00 [Information] Request starting HTTP/1.1 GET http://localhost:17000/api.doc/css/typography.css  
2017-11-22 01:48:39.560 +02:00 [Information] Request starting HTTP/1.1 GET http://localhost:17000/api.doc/css/screen.css  
2017-11-22 01:48:39.562 +02:00 [Information] The file "/lib/jquery-1.8.0.min.js" was not modified
2017-11-22 01:48:39.568 +02:00 [Information] Request finished in 28.0465ms 304 application/javascript
2017-11-22 01:48:39.577 +02:00 [Information] Request starting HTTP/1.1 GET http://localhost:17000/api.doc/css/reset.css  
2017-11-22 01:48:39.578 +02:00 [Information] The file "/css/screen.css" was not modified
2017-11-22 01:48:39.578 +02:00 [Information] The file "/lib/object-assign-pollyfill.js" was not modified
2017-11-22 01:48:39.579 +02:00 [Information] Request finished in 34.3846ms 304 application/javascript
2017-11-22 01:48:39.579 +02:00 [Information] Request finished in 19.0378ms 304 text/css
2017-11-22 01:48:39.581 +02:00 [Information] Request starting HTTP/1.1 GET http://localhost:17000/api.doc/lib/jquery.slideto.min.js  
2017-11-22 01:48:39.587 +02:00 [Information] The file "/css/typography.css" was not modified
2017-11-22 01:48:39.592 +02:00 [Information] The file "/css/reset.css" was not modified
2017-11-22 01:48:39.600 +02:00 [Information] Request finished in 23.8844ms 304 text/css
2017-11-22 01:48:39.601 +02:00 [Information] The file "/lib/jquery.slideto.min.js" was not modified
2017-11-22 01:48:39.601 +02:00 [Information] Request finished in 20.2133ms 304 application/javascript
2017-11-22 01:48:39.606 +02:00 [Information] Request finished in 50.685ms 304 text/css
2017-11-22 01:48:39.635 +02:00 [Information] Request starting HTTP/1.1 GET http://localhost:17000/api.doc/lib/jquery.ba-bbq.min.js  
2017-11-22 01:48:39.637 +02:00 [Information] Request starting HTTP/1.1 GET http://localhost:17000/api.doc/lib/handlebars-4.0.5.js  
2017-11-22 01:48:39.637 +02:00 [Information] Request starting HTTP/1.1 GET http://localhost:17000/api.doc/lib/jquery.wiggle.min.js  
2017-11-22 01:48:39.638 +02:00 [Information] The file "/lib/jquery.wiggle.min.js" was not modified
2017-11-22 01:48:39.638 +02:00 [Information] Request finished in 0.5085ms 304 application/javascript
2017-11-22 01:48:39.654 +02:00 [Information] Request starting HTTP/1.1 GET http://localhost:17000/api.doc/swagger-ui.min.js  
2017-11-22 01:48:39.733 +02:00 [Information] The file "/lib/handlebars-4.0.5.js" was not modified
2017-11-22 01:48:39.733 +02:00 [Information] The file "/lib/jquery.ba-bbq.min.js" was not modified
2017-11-22 01:48:39.733 +02:00 [Information] Request finished in 95.5679ms 304 application/javascript
2017-11-22 01:48:39.733 +02:00 [Information] Request finished in 98.2862ms 304 application/javascript
2017-11-22 01:48:39.746 +02:00 [Information] Request starting HTTP/1.1 GET http://localhost:17000/api.doc/lib/highlight.9.1.0.pack.js  
2017-11-22 01:48:39.746 +02:00 [Information] Request starting HTTP/1.1 GET http://localhost:17000/api.doc/lib/lodash.min.js  
2017-11-22 01:48:39.747 +02:00 [Information] The file "/lib/highlight.9.1.0.pack.js" was not modified
2017-11-22 01:48:39.747 +02:00 [Information] The file "/lib/lodash.min.js" was not modified
2017-11-22 01:48:39.747 +02:00 [Information] Request finished in 0.5909ms 304 application/javascript
2017-11-22 01:48:39.747 +02:00 [Information] Request finished in 0.6182ms 304 application/javascript
2017-11-22 01:48:39.751 +02:00 [Information] Request starting HTTP/1.1 GET http://localhost:17000/api.doc/lib/highlight.9.1.0.pack_extended.js  
2017-11-22 01:48:39.751 +02:00 [Information] The file "/lib/highlight.9.1.0.pack_extended.js" was not modified
2017-11-22 01:48:39.751 +02:00 [Information] Request finished in 0.4595ms 304 application/javascript
2017-11-22 01:48:39.760 +02:00 [Information] Request starting HTTP/1.1 GET http://localhost:17000/api.doc/lib/jsoneditor.min.js  
2017-11-22 01:48:39.761 +02:00 [Information] Request starting HTTP/1.1 GET http://localhost:17000/api.doc/lib/backbone-min.js  
2017-11-22 01:48:39.761 +02:00 [Information] Request starting HTTP/1.1 GET http://localhost:17000/api.doc/lib/swagger-oauth.js  
2017-11-22 01:48:39.761 +02:00 [Information] The file "/swagger-ui.min.js" was not modified
2017-11-22 01:48:39.761 +02:00 [Information] Request finished in 107.1386ms 304 application/javascript
2017-11-22 01:48:39.775 +02:00 [Information] Request starting HTTP/1.1 GET http://localhost:17000/api.doc/lib/marked.js  
2017-11-22 01:48:39.777 +02:00 [Information] The file "/lib/jsoneditor.min.js" was not modified
2017-11-22 01:48:39.778 +02:00 [Information] Request finished in 18.0151ms 304 application/javascript
2017-11-22 01:48:39.784 +02:00 [Information] The file "/lib/backbone-min.js" was not modified
2017-11-22 01:48:39.784 +02:00 [Information] Request finished in 85.3061ms 304 application/javascript
2017-11-22 01:48:39.795 +02:00 [Information] The file "/lib/swagger-oauth.js" was not modified
2017-11-22 01:48:39.795 +02:00 [Information] Request finished in 34.5092ms 304 application/javascript
2017-11-22 01:48:39.812 +02:00 [Information] The file "/lib/marked.js" was not modified
2017-11-22 01:48:39.812 +02:00 [Information] Request finished in 36.535ms 304 application/javascript
2017-11-22 01:48:39.885 +02:00 [Information] Request starting HTTP/1.1 GET http://localhost:17000/api.doc/images/logo_small.png  
2017-11-22 01:48:39.886 +02:00 [Information] The file "/images/logo_small.png" was not modified
2017-11-22 01:48:39.886 +02:00 [Information] Request finished in 0.832ms 304 image/png
2017-11-22 01:48:39.918 +02:00 [Information] Request starting HTTP/1.1 GET http://localhost:17000/api.doc/css/print.css  
2017-11-22 01:48:39.919 +02:00 [Information] The file "/css/print.css" was not modified
2017-11-22 01:48:39.919 +02:00 [Information] Request finished in 0.8017ms 304 text/css
2017-11-22 01:48:40.341 +02:00 [Information] Request starting HTTP/1.1 GET http://localhost:17000/swagger/v1/swagger.json  
2017-11-22 01:48:41.701 +02:00 [Information] Request finished in 1360.5299ms 200 application/json
2017-11-22 01:53:43.862 +02:00 [Information] Request starting HTTP/1.1 GET http://localhost:17000/api.doc/  
2017-11-22 01:53:43.864 +02:00 [Information] Sending file. Request path: '"/index.html"'. Physical path: '"N/A"'
2017-11-22 01:53:43.865 +02:00 [Information] Request finished in 3.1466ms 200 text/html
2017-11-22 01:53:43.915 +02:00 [Information] Request starting HTTP/1.1 GET http://localhost:17000/api.doc/lib/object-assign-pollyfill.js  
2017-11-22 01:53:43.917 +02:00 [Information] Sending file. Request path: '"/lib/object-assign-pollyfill.js"'. Physical path: '"N/A"'
2017-11-22 01:53:43.918 +02:00 [Information] Request starting HTTP/1.1 GET http://localhost:17000/api.doc/css/screen.css  
2017-11-22 01:53:43.918 +02:00 [Information] Request finished in 3.5882ms 200 application/javascript
2017-11-22 01:53:43.918 +02:00 [Information] Sending file. Request path: '"/css/screen.css"'. Physical path: '"N/A"'
2017-11-22 01:53:43.920 +02:00 [Information] Request starting HTTP/1.1 GET http://localhost:17000/api.doc/css/typography.css  
2017-11-22 01:53:43.920 +02:00 [Information] Sending file. Request path: '"/css/typography.css"'. Physical path: '"N/A"'
2017-11-22 01:53:43.920 +02:00 [Information] Request finished in 0.407ms 200 text/css
2017-11-22 01:53:43.922 +02:00 [Information] Request starting HTTP/1.1 GET http://localhost:17000/api.doc/css/reset.css  
2017-11-22 01:53:43.923 +02:00 [Information] Sending file. Request path: '"/css/reset.css"'. Physical path: '"N/A"'
2017-11-22 01:53:43.923 +02:00 [Information] Request starting HTTP/1.1 GET http://localhost:17000/api.doc/lib/jquery-1.8.0.min.js  
2017-11-22 01:53:43.923 +02:00 [Information] Sending file. Request path: '"/lib/jquery-1.8.0.min.js"'. Physical path: '"N/A"'
2017-11-22 01:53:43.923 +02:00 [Information] Request starting HTTP/1.1 GET http://localhost:17000/api.doc/lib/jquery.slideto.min.js  
2017-11-22 01:53:43.923 +02:00 [Information] Request finished in 1.0628ms 200 text/css
2017-11-22 01:53:43.924 +02:00 [Information] Sending file. Request path: '"/lib/jquery.slideto.min.js"'. Physical path: '"N/A"'
2017-11-22 01:53:43.924 +02:00 [Information] Request finished in 0.4821ms 200 application/javascript
2017-11-22 01:53:43.974 +02:00 [Information] Request finished in 56.1105ms 200 text/css
2017-11-22 01:53:43.988 +02:00 [Information] Request starting HTTP/1.1 GET http://localhost:17000/api.doc/lib/jquery.wiggle.min.js  
2017-11-22 01:53:43.989 +02:00 [Information] Sending file. Request path: '"/lib/jquery.wiggle.min.js"'. Physical path: '"N/A"'
2017-11-22 01:53:43.989 +02:00 [Information] Request finished in 0.7398ms 200 application/javascript
2017-11-22 01:53:43.996 +02:00 [Information] Request starting HTTP/1.1 GET http://localhost:17000/api.doc/lib/jquery.ba-bbq.min.js  
2017-11-22 01:53:43.996 +02:00 [Information] Sending file. Request path: '"/lib/jquery.ba-bbq.min.js"'. Physical path: '"N/A"'
2017-11-22 01:53:43.996 +02:00 [Information] Request finished in 0.5166ms 200 application/javascript
2017-11-22 01:53:44.005 +02:00 [Information] Request starting HTTP/1.1 GET http://localhost:17000/api.doc/lib/handlebars-4.0.5.js  
2017-11-22 01:53:44.005 +02:00 [Information] Request starting HTTP/1.1 GET http://localhost:17000/api.doc/lib/lodash.min.js  
2017-11-22 01:53:44.005 +02:00 [Information] Sending file. Request path: '"/lib/handlebars-4.0.5.js"'. Physical path: '"N/A"'
2017-11-22 01:53:44.005 +02:00 [Information] Sending file. Request path: '"/lib/lodash.min.js"'. Physical path: '"N/A"'
2017-11-22 01:53:44.007 +02:00 [Information] Request starting HTTP/1.1 GET http://localhost:17000/api.doc/lib/backbone-min.js  
2017-11-22 01:53:44.007 +02:00 [Information] Sending file. Request path: '"/lib/backbone-min.js"'. Physical path: '"N/A"'
2017-11-22 01:53:44.032 +02:00 [Information] Request finished in 24.8857ms 200 application/javascript
2017-11-22 01:53:44.033 +02:00 [Information] Request starting HTTP/1.1 GET http://localhost:17000/api.doc/swagger-ui.min.js  
2017-11-22 01:53:44.033 +02:00 [Information] Sending file. Request path: '"/swagger-ui.min.js"'. Physical path: '"N/A"'
2017-11-22 01:53:44.043 +02:00 [Information] Request finished in 119.6059ms 200 application/javascript
2017-11-22 01:53:44.044 +02:00 [Information] Request finished in 38.8941ms 200 application/javascript
2017-11-22 01:53:44.044 +02:00 [Information] Request starting HTTP/1.1 GET http://localhost:17000/api.doc/lib/highlight.9.1.0.pack.js  
2017-11-22 01:53:44.045 +02:00 [Information] Request finished in 39.2218ms 200 application/javascript
2017-11-22 01:53:44.045 +02:00 [Information] Request starting HTTP/1.1 GET http://localhost:17000/api.doc/lib/highlight.9.1.0.pack_extended.js  
2017-11-22 01:53:44.046 +02:00 [Information] Sending file. Request path: '"/lib/highlight.9.1.0.pack.js"'. Physical path: '"N/A"'
2017-11-22 01:53:44.046 +02:00 [Information] Sending file. Request path: '"/lib/highlight.9.1.0.pack_extended.js"'. Physical path: '"N/A"'
2017-11-22 01:53:44.046 +02:00 [Information] Request finished in 1.6358ms 200 application/javascript
2017-11-22 01:53:44.051 +02:00 [Information] Request finished in 1.2428ms 200 application/javascript
2017-11-22 01:53:44.064 +02:00 [Information] Request starting HTTP/1.1 GET http://localhost:17000/api.doc/lib/marked.js  
2017-11-22 01:53:44.064 +02:00 [Information] Sending file. Request path: '"/lib/marked.js"'. Physical path: '"N/A"'
2017-11-22 01:53:44.064 +02:00 [Information] Request finished in 1.0299ms 200 application/javascript
2017-11-22 01:53:44.069 +02:00 [Information] Request starting HTTP/1.1 GET http://localhost:17000/api.doc/lib/swagger-oauth.js  
2017-11-22 01:53:44.069 +02:00 [Information] Sending file. Request path: '"/lib/swagger-oauth.js"'. Physical path: '"N/A"'
2017-11-22 01:53:44.069 +02:00 [Information] Request finished in 0.6088ms 200 application/javascript
2017-11-22 01:53:44.071 +02:00 [Information] Request starting HTTP/1.1 GET http://localhost:17000/api.doc/lib/jsoneditor.min.js  
2017-11-22 01:53:44.071 +02:00 [Information] Sending file. Request path: '"/lib/jsoneditor.min.js"'. Physical path: '"N/A"'
2017-11-22 01:53:44.151 +02:00 [Information] Request finished in 81.1124ms 200 application/javascript
2017-11-22 01:53:44.161 +02:00 [Information] Request starting HTTP/1.1 GET http://localhost:17000/api.doc/images/logo_small.png  
2017-11-22 01:53:44.161 +02:00 [Information] Sending file. Request path: '"/images/logo_small.png"'. Physical path: '"N/A"'
2017-11-22 01:53:44.166 +02:00 [Information] Request finished in 4.4228ms 200 image/png
2017-11-22 01:53:44.172 +02:00 [Information] Request starting HTTP/1.1 GET http://localhost:17000/api.doc/css/print.css  
2017-11-22 01:53:44.172 +02:00 [Information] Sending file. Request path: '"/css/print.css"'. Physical path: '"N/A"'
2017-11-22 01:53:44.174 +02:00 [Information] Request finished in 1.8146ms 200 text/css
2017-11-22 01:53:44.180 +02:00 [Information] Request finished in 147.4224ms 200 application/javascript
2017-11-22 01:53:44.345 +02:00 [Information] Request starting HTTP/1.1 GET http://localhost:17000/swagger/v1/swagger.json  
2017-11-22 01:53:44.347 +02:00 [Information] Request finished in 1.8039ms 200 application/json
2017-11-22 01:53:44.481 +02:00 [Information] Request starting HTTP/1.1 GET http://localhost:17000/api.doc/images/favicon-32x32.png  
2017-11-22 01:53:44.482 +02:00 [Information] Sending file. Request path: '"/images/favicon-32x32.png"'. Physical path: '"N/A"'
2017-11-22 01:53:44.482 +02:00 [Information] Request finished in 0.7552ms 200 image/png
2017-11-22 01:53:44.495 +02:00 [Information] Request starting HTTP/1.1 GET http://localhost:17000/api.doc/images/favicon-16x16.png  
2017-11-22 01:53:44.495 +02:00 [Information] Sending file. Request path: '"/images/favicon-16x16.png"'. Physical path: '"N/A"'
2017-11-22 01:53:44.495 +02:00 [Information] Request finished in 0.4556ms 200 image/png
2017-11-22 01:55:40.031 +02:00 [Information] Request starting HTTP/1.1 GET http://localhost:17000/api.doc/  
2017-11-22 01:55:40.032 +02:00 [Information] Sending file. Request path: '"/index.html"'. Physical path: '"N/A"'
2017-11-22 01:55:40.043 +02:00 [Information] Request finished in 3.7427ms 200 text/html
2017-11-22 01:55:40.043 +02:00 [Information] Request starting HTTP/1.1 GET http://localhost:17000/api.doc/css/typography.css  
2017-11-22 01:55:40.043 +02:00 [Information] Sending file. Request path: '"/css/typography.css"'. Physical path: '"N/A"'
2017-11-22 01:55:40.044 +02:00 [Information] Request finished in 0.3737ms 200 text/css
2017-11-22 01:55:40.044 +02:00 [Information] Request starting HTTP/1.1 GET http://localhost:17000/api.doc/lib/object-assign-pollyfill.js  
2017-11-22 01:55:40.044 +02:00 [Information] Sending file. Request path: '"/lib/object-assign-pollyfill.js"'. Physical path: '"N/A"'
2017-11-22 01:55:40.044 +02:00 [Information] Request finished in 0.3899ms 200 application/javascript
2017-11-22 01:55:40.045 +02:00 [Information] Request starting HTTP/1.1 GET http://localhost:17000/api.doc/css/print.css  
2017-11-22 01:55:40.046 +02:00 [Information] Sending file. Request path: '"/css/print.css"'. Physical path: '"N/A"'
2017-11-22 01:55:40.046 +02:00 [Information] Request finished in 0.4902ms 200 text/css
2017-11-22 01:55:40.047 +02:00 [Information] Request starting HTTP/1.1 GET http://localhost:17000/api.doc/css/reset.css  
2017-11-22 01:55:40.047 +02:00 [Information] Sending file. Request path: '"/css/reset.css"'. Physical path: '"N/A"'
2017-11-22 01:55:40.047 +02:00 [Information] Request finished in 0.5333ms 200 text/css
2017-11-22 01:55:40.049 +02:00 [Information] Request starting HTTP/1.1 GET http://localhost:17000/api.doc/css/screen.css  
2017-11-22 01:55:40.049 +02:00 [Information] Sending file. Request path: '"/css/screen.css"'. Physical path: '"N/A"'
2017-11-22 01:55:40.049 +02:00 [Information] Request finished in 0.4667ms 200 text/css
2017-11-22 01:55:40.050 +02:00 [Information] Request starting HTTP/1.1 GET http://localhost:17000/api.doc/lib/jquery-1.8.0.min.js  
2017-11-22 01:55:40.050 +02:00 [Information] Sending file. Request path: '"/lib/jquery-1.8.0.min.js"'. Physical path: '"N/A"'
2017-11-22 01:55:40.052 +02:00 [Information] Request starting HTTP/1.1 GET http://localhost:17000/api.doc/lib/jquery.slideto.min.js  
2017-11-22 01:55:40.053 +02:00 [Information] Sending file. Request path: '"/lib/jquery.slideto.min.js"'. Physical path: '"N/A"'
2017-11-22 01:55:40.069 +02:00 [Information] Request finished in 8.4181ms 200 application/javascript
2017-11-22 01:55:40.072 +02:00 [Information] Request starting HTTP/1.1 GET http://localhost:17000/api.doc/lib/jquery.ba-bbq.min.js  
2017-11-22 01:55:40.073 +02:00 [Information] Sending file. Request path: '"/lib/jquery.ba-bbq.min.js"'. Physical path: '"N/A"'
2017-11-22 01:55:40.073 +02:00 [Information] Request finished in 16.5883ms 200 application/javascript
2017-11-22 01:55:40.074 +02:00 [Information] Request starting HTTP/1.1 GET http://localhost:17000/api.doc/lib/jquery.wiggle.min.js  
2017-11-22 01:55:40.075 +02:00 [Information] Sending file. Request path: '"/lib/jquery.wiggle.min.js"'. Physical path: '"N/A"'
2017-11-22 01:55:40.075 +02:00 [Information] Request finished in 0.5277ms 200 application/javascript
2017-11-22 01:55:40.080 +02:00 [Information] Request starting HTTP/1.1 GET http://localhost:17000/api.doc/lib/handlebars-4.0.5.js  
2017-11-22 01:55:40.081 +02:00 [Information] Sending file. Request path: '"/lib/handlebars-4.0.5.js"'. Physical path: '"N/A"'
2017-11-22 01:55:40.088 +02:00 [Information] Request starting HTTP/1.1 GET http://localhost:17000/api.doc/lib/lodash.min.js  
2017-11-22 01:55:40.088 +02:00 [Information] Sending file. Request path: '"/lib/lodash.min.js"'. Physical path: '"N/A"'
2017-11-22 01:55:40.089 +02:00 [Information] Request finished in 0.5303ms 200 application/javascript
2017-11-22 01:55:40.090 +02:00 [Information] Request finished in 10.1516ms 200 application/javascript
2017-11-22 01:55:40.091 +02:00 [Information] Request starting HTTP/1.1 GET http://localhost:17000/api.doc/swagger-ui.min.js  
2017-11-22 01:55:40.092 +02:00 [Information] Sending file. Request path: '"/swagger-ui.min.js"'. Physical path: '"N/A"'
2017-11-22 01:55:40.097 +02:00 [Information] Request starting HTTP/1.1 GET http://localhost:17000/api.doc/lib/highlight.9.1.0.pack.js  
2017-11-22 01:55:40.097 +02:00 [Information] Sending file. Request path: '"/lib/highlight.9.1.0.pack.js"'. Physical path: '"N/A"'
2017-11-22 01:55:40.097 +02:00 [Information] Request finished in 0.4701ms 200 application/javascript
2017-11-22 01:55:40.106 +02:00 [Information] Request finished in 33.8355ms 200 application/javascript
2017-11-22 01:55:40.107 +02:00 [Information] Request starting HTTP/1.1 GET http://localhost:17000/api.doc/lib/backbone-min.js  
2017-11-22 01:55:40.108 +02:00 [Information] Sending file. Request path: '"/lib/backbone-min.js"'. Physical path: '"N/A"'
2017-11-22 01:55:40.108 +02:00 [Information] Request finished in 1.4839ms 200 application/javascript
2017-11-22 01:55:40.119 +02:00 [Information] Request finished in 27.8263ms 200 application/javascript
2017-11-22 01:55:40.132 +02:00 [Information] Request starting HTTP/1.1 GET http://localhost:17000/api.doc/lib/highlight.9.1.0.pack_extended.js  
2017-11-22 01:55:40.132 +02:00 [Information] Request starting HTTP/1.1 GET http://localhost:17000/api.doc/lib/jsoneditor.min.js  
2017-11-22 01:55:40.132 +02:00 [Information] Sending file. Request path: '"/lib/highlight.9.1.0.pack_extended.js"'. Physical path: '"N/A"'
2017-11-22 01:55:40.132 +02:00 [Information] Request finished in 8.8541ms 200 application/javascript
2017-11-22 01:55:40.135 +02:00 [Information] Sending file. Request path: '"/lib/jsoneditor.min.js"'. Physical path: '"N/A"'
2017-11-22 01:55:40.143 +02:00 [Information] Request starting HTTP/1.1 GET http://localhost:17000/api.doc/lib/marked.js  
2017-11-22 01:55:40.145 +02:00 [Information] Sending file. Request path: '"/lib/marked.js"'. Physical path: '"N/A"'
2017-11-22 01:55:40.147 +02:00 [Information] Request finished in 3.6902ms 200 application/javascript
2017-11-22 01:55:40.151 +02:00 [Information] Request finished in 19.3113ms 200 application/javascript
2017-11-22 01:55:40.153 +02:00 [Information] Request starting HTTP/1.1 GET http://localhost:17000/api.doc/lib/swagger-oauth.js  
2017-11-22 01:55:40.153 +02:00 [Information] Sending file. Request path: '"/lib/swagger-oauth.js"'. Physical path: '"N/A"'
2017-11-22 01:55:40.153 +02:00 [Information] Request finished in 0.8418ms 200 application/javascript
2017-11-22 01:55:40.155 +02:00 [Information] Request starting HTTP/1.1 GET http://localhost:17000/api.doc/images/logo_small.png  
2017-11-22 01:55:40.156 +02:00 [Information] Sending file. Request path: '"/images/logo_small.png"'. Physical path: '"N/A"'
2017-11-22 01:55:40.156 +02:00 [Information] Request finished in 0.4987ms 200 image/png
2017-11-22 01:55:40.429 +02:00 [Information] Request starting HTTP/1.1 GET http://localhost:17000/swagger/v1/swagger.json  
2017-11-22 01:55:40.430 +02:00 [Information] Request finished in 1.4592ms 200 application/json
2017-11-22 01:55:40.444 +02:00 [Information] Request starting HTTP/1.1 GET http://localhost:17000/api.doc/images/favicon-32x32.png  
2017-11-22 01:55:40.451 +02:00 [Information] Sending file. Request path: '"/images/favicon-32x32.png"'. Physical path: '"N/A"'
2017-11-22 01:55:40.451 +02:00 [Information] Request finished in 7.0784ms 200 image/png
2017-11-22 01:56:55.140 +02:00 [Information] Request starting HTTP/1.1 GET http://localhost:17000/api.doc/images/throbber.gif  
2017-11-22 01:56:55.167 +02:00 [Information] Sending file. Request path: '"/images/throbber.gif"'. Physical path: '"N/A"'
2017-11-22 01:56:55.167 +02:00 [Information] Request finished in 28.9399ms 200 image/gif
2017-11-22 02:16:24.894 +02:00 [Information] Request starting HTTP/1.1 GET http://localhost:17000/api.doc/  
2017-11-22 02:16:24.986 +02:00 [Information] Sending file. Request path: '"/index.html"'. Physical path: '"N/A"'
2017-11-22 02:16:25.071 +02:00 [Information] Request starting HTTP/1.1 GET http://localhost:17000/api.doc/css/reset.css  
2017-11-22 02:16:25.077 +02:00 [Information] The file "/css/reset.css" was not modified
2017-11-22 02:16:25.078 +02:00 [Information] Request finished in 274.7617ms 200 text/html
2017-11-22 02:16:25.098 +02:00 [Information] Request finished in 14.9367ms 304 text/css
2017-11-22 02:16:25.105 +02:00 [Information] Request starting HTTP/1.1 GET http://localhost:17000/api.doc/css/typography.css  
2017-11-22 02:16:25.105 +02:00 [Information] Request starting HTTP/1.1 GET http://localhost:17000/api.doc/css/screen.css  
2017-11-22 02:16:25.106 +02:00 [Information] The file "/css/typography.css" was not modified
2017-11-22 02:16:25.106 +02:00 [Information] Request finished in 1.2936ms 304 text/css
2017-11-22 02:16:25.129 +02:00 [Information] The file "/css/screen.css" was not modified
2017-11-22 02:16:25.130 +02:00 [Information] Request finished in 24.3976ms 304 text/css
2017-11-22 02:16:25.132 +02:00 [Information] Request starting HTTP/1.1 GET http://localhost:17000/api.doc/lib/jquery-1.8.0.min.js  
2017-11-22 02:16:25.133 +02:00 [Information] Request starting HTTP/1.1 GET http://localhost:17000/api.doc/lib/object-assign-pollyfill.js  
2017-11-22 02:16:25.134 +02:00 [Information] The file "/lib/jquery-1.8.0.min.js" was not modified
2017-11-22 02:16:25.135 +02:00 [Information] Request finished in 3.3932ms 304 application/javascript
2017-11-22 02:16:25.136 +02:00 [Information] Request starting HTTP/1.1 GET http://localhost:17000/api.doc/lib/jquery.slideto.min.js  
2017-11-22 02:16:25.137 +02:00 [Information] The file "/lib/jquery.slideto.min.js" was not modified
2017-11-22 02:16:25.138 +02:00 [Information] The file "/lib/object-assign-pollyfill.js" was not modified
2017-11-22 02:16:25.139 +02:00 [Information] Request finished in 10.1495ms 304 application/javascript
2017-11-22 02:16:25.143 +02:00 [Information] Request finished in 1.9242ms 304 application/javascript
2017-11-22 02:16:25.147 +02:00 [Information] Request starting HTTP/1.1 GET http://localhost:17000/api.doc/lib/jquery.ba-bbq.min.js  
2017-11-22 02:16:25.148 +02:00 [Information] Request starting HTTP/1.1 GET http://localhost:17000/api.doc/lib/jquery.wiggle.min.js  
2017-11-22 02:16:25.149 +02:00 [Information] The file "/lib/jquery.wiggle.min.js" was not modified
2017-11-22 02:16:25.152 +02:00 [Information] The file "/lib/jquery.ba-bbq.min.js" was not modified
2017-11-22 02:16:25.155 +02:00 [Information] Request finished in 8.4168ms 304 application/javascript
2017-11-22 02:16:25.156 +02:00 [Information] Request starting HTTP/1.1 GET http://localhost:17000/api.doc/lib/lodash.min.js  
2017-11-22 02:16:25.159 +02:00 [Information] Request finished in 5.3708ms 304 application/javascript
2017-11-22 02:16:25.160 +02:00 [Information] Request starting HTTP/1.1 GET http://localhost:17000/api.doc/lib/handlebars-4.0.5.js  
2017-11-22 02:16:25.160 +02:00 [Information] The file "/lib/handlebars-4.0.5.js" was not modified
2017-11-22 02:16:25.161 +02:00 [Information] The file "/lib/lodash.min.js" was not modified
2017-11-22 02:16:25.184 +02:00 [Information] Request finished in 6.8829ms 304 application/javascript
2017-11-22 02:16:25.187 +02:00 [Information] Request starting HTTP/1.1 GET http://localhost:17000/api.doc/swagger-ui.min.js  
2017-11-22 02:16:25.191 +02:00 [Information] The file "/swagger-ui.min.js" was not modified
2017-11-22 02:16:25.194 +02:00 [Information] Request finished in 1.6285ms 304 application/javascript
2017-11-22 02:16:25.196 +02:00 [Information] Request starting HTTP/1.1 GET http://localhost:17000/api.doc/lib/backbone-min.js  
2017-11-22 02:16:25.198 +02:00 [Information] Request finished in 6.5523ms 304 application/javascript
2017-11-22 02:16:25.199 +02:00 [Information] Request starting HTTP/1.1 GET http://localhost:17000/api.doc/lib/highlight.9.1.0.pack.js  
2017-11-22 02:16:25.201 +02:00 [Information] The file "/lib/highlight.9.1.0.pack.js" was not modified
2017-11-22 02:16:25.206 +02:00 [Information] The file "/lib/backbone-min.js" was not modified
2017-11-22 02:16:25.207 +02:00 [Information] Request finished in 3.0365ms 304 application/javascript
2017-11-22 02:16:25.208 +02:00 [Information] Request starting HTTP/1.1 GET http://localhost:17000/api.doc/lib/highlight.9.1.0.pack_extended.js  
2017-11-22 02:16:25.208 +02:00 [Information] The file "/lib/highlight.9.1.0.pack_extended.js" was not modified
2017-11-22 02:16:25.209 +02:00 [Information] Request finished in 1.3414ms 304 application/javascript
2017-11-22 02:16:25.210 +02:00 [Information] Request finished in 11.9317ms 304 application/javascript
2017-11-22 02:16:25.274 +02:00 [Information] Request starting HTTP/1.1 GET http://localhost:17000/api.doc/lib/jsoneditor.min.js  
2017-11-22 02:16:25.275 +02:00 [Information] The file "/lib/jsoneditor.min.js" was not modified
2017-11-22 02:16:25.276 +02:00 [Information] Request finished in 22.1239ms 304 application/javascript
2017-11-22 02:16:25.276 +02:00 [Information] Request starting HTTP/1.1 GET http://localhost:17000/api.doc/lib/marked.js  
2017-11-22 02:16:25.277 +02:00 [Information] The file "/lib/marked.js" was not modified
2017-11-22 02:16:25.278 +02:00 [Information] Request finished in 21.3623ms 304 application/javascript
2017-11-22 02:16:25.300 +02:00 [Information] Request starting HTTP/1.1 GET http://localhost:17000/api.doc/lib/swagger-oauth.js  
2017-11-22 02:16:25.301 +02:00 [Information] The file "/lib/swagger-oauth.js" was not modified
2017-11-22 02:16:25.301 +02:00 [Information] Request finished in 3.837ms 304 application/javascript
2017-11-22 02:16:25.304 +02:00 [Information] Request starting HTTP/1.1 GET http://localhost:17000/api.doc/images/logo_small.png  
2017-11-22 02:16:25.305 +02:00 [Information] The file "/images/logo_small.png" was not modified
2017-11-22 02:16:25.305 +02:00 [Information] Request finished in 1.7079ms 304 image/png
2017-11-22 02:16:25.307 +02:00 [Information] Request starting HTTP/1.1 GET http://localhost:17000/api.doc/css/print.css  
2017-11-22 02:16:25.308 +02:00 [Information] The file "/css/print.css" was not modified
2017-11-22 02:16:25.309 +02:00 [Information] Request finished in 1.3589ms 304 text/css
2017-11-22 02:16:25.474 +02:00 [Information] Request starting HTTP/1.1 GET http://localhost:17000/swagger/v1/swagger.json  
2017-11-22 02:16:25.801 +02:00 [Information] Request finished in 327.4393ms 200 application/json
2017-11-22 02:24:01.157 +02:00 [Information] Request starting HTTP/1.1 GET http://localhost:17000/api.doc/images/throbber.gif  
2017-11-22 02:24:01.159 +02:00 [Information] Sending file. Request path: '"/images/throbber.gif"'. Physical path: '"N/A"'
2017-11-22 02:24:01.160 +02:00 [Information] Request finished in 3.9846ms 200 image/gif
