2017-12-10 12:44:45.458 +02:00 [Information] Request starting HTTP/1.1 GET http://localhost:17000/api.doc/  
2017-12-10 12:44:45.644 +02:00 [Information] Sending file. Request path: '"/index.html"'. Physical path: '"N/A"'
2017-12-10 12:44:45.750 +02:00 [Information] Request starting HTTP/1.1 GET http://localhost:17000/api.doc/css/reset.css  
2017-12-10 12:44:45.761 +02:00 [Information] The file "/css/reset.css" was not modified
2017-12-10 12:44:45.763 +02:00 [Information] Request finished in 362.1333ms 200 text/html
2017-12-10 12:44:45.767 +02:00 [Information] Request finished in 14.0633ms 304 text/css
2017-12-10 12:44:45.773 +02:00 [Information] Request starting HTTP/1.1 GET http://localhost:17000/api.doc/css/typography.css  
2017-12-10 12:44:45.774 +02:00 [Information] The file "/css/typography.css" was not modified
2017-12-10 12:44:45.774 +02:00 [Information] Request finished in 1.0901ms 304 text/css
2017-12-10 12:44:45.830 +02:00 [Information] Request starting HTTP/1.1 GET http://localhost:17000/api.doc/css/screen.css  
2017-12-10 12:44:45.831 +02:00 [Information] The file "/css/screen.css" was not modified
2017-12-10 12:44:45.834 +02:00 [Information] Request finished in 5.1763ms 304 text/css
2017-12-10 12:44:45.834 +02:00 [Information] Request starting HTTP/1.1 GET http://localhost:17000/api.doc/lib/object-assign-pollyfill.js  
2017-12-10 12:44:45.837 +02:00 [Information] Request starting HTTP/1.1 GET http://localhost:17000/api.doc/lib/jquery-1.8.0.min.js  
2017-12-10 12:44:45.848 +02:00 [Information] The file "/lib/object-assign-pollyfill.js" was not modified
2017-12-10 12:44:45.849 +02:00 [Information] The file "/lib/jquery-1.8.0.min.js" was not modified
2017-12-10 12:44:45.851 +02:00 [Information] Request finished in 19.1543ms 304 application/javascript
2017-12-10 12:44:45.855 +02:00 [Information] Request finished in 15.3612ms 304 application/javascript
2017-12-10 12:44:45.868 +02:00 [Information] Request starting HTTP/1.1 GET http://localhost:17000/api.doc/lib/jquery.slideto.min.js  
2017-12-10 12:44:45.870 +02:00 [Information] The file "/lib/jquery.slideto.min.js" was not modified
2017-12-10 12:44:45.873 +02:00 [Information] Request starting HTTP/1.1 GET http://localhost:17000/api.doc/lib/jquery.wiggle.min.js  
2017-12-10 12:44:45.874 +02:00 [Information] Request finished in 8.4019ms 304 application/javascript
2017-12-10 12:44:45.874 +02:00 [Information] The file "/lib/jquery.wiggle.min.js" was not modified
2017-12-10 12:44:45.875 +02:00 [Information] Request finished in 12.7535ms 304 application/javascript
2017-12-10 12:44:45.938 +02:00 [Information] Request starting HTTP/1.1 GET http://localhost:17000/api.doc/lib/jquery.ba-bbq.min.js  
2017-12-10 12:44:45.938 +02:00 [Information] Request starting HTTP/1.1 GET http://localhost:17000/api.doc/lib/handlebars-4.0.5.js  
2017-12-10 12:44:45.940 +02:00 [Information] The file "/lib/jquery.ba-bbq.min.js" was not modified
2017-12-10 12:44:45.941 +02:00 [Information] Request finished in 11.6544ms 304 application/javascript
2017-12-10 12:44:45.943 +02:00 [Information] The file "/lib/handlebars-4.0.5.js" was not modified
2017-12-10 12:44:45.944 +02:00 [Information] Request finished in 7.4039ms 304 application/javascript
2017-12-10 12:44:45.992 +02:00 [Information] Request starting HTTP/1.1 GET http://localhost:17000/api.doc/lib/lodash.min.js  
2017-12-10 12:44:45.993 +02:00 [Information] The file "/lib/lodash.min.js" was not modified
2017-12-10 12:44:45.994 +02:00 [Information] Request finished in 18.7942ms 304 application/javascript
2017-12-10 12:44:45.996 +02:00 [Information] Request starting HTTP/1.1 GET http://localhost:17000/api.doc/lib/backbone-min.js  
2017-12-10 12:44:45.998 +02:00 [Information] The file "/lib/backbone-min.js" was not modified
2017-12-10 12:44:45.999 +02:00 [Information] Request finished in 19.8519ms 304 application/javascript
2017-12-10 12:44:46.050 +02:00 [Information] Request starting HTTP/1.1 GET http://localhost:17000/api.doc/swagger-ui.min.js  
2017-12-10 12:44:46.057 +02:00 [Information] The file "/swagger-ui.min.js" was not modified
2017-12-10 12:44:46.057 +02:00 [Information] Request finished in 19.3736ms 304 application/javascript
2017-12-10 12:44:46.060 +02:00 [Information] Request starting HTTP/1.1 GET http://localhost:17000/api.doc/lib/highlight.9.1.0.pack.js  
2017-12-10 12:44:46.061 +02:00 [Information] The file "/lib/highlight.9.1.0.pack.js" was not modified
2017-12-10 12:44:46.063 +02:00 [Information] Request finished in 24.3072ms 304 application/javascript
2017-12-10 12:44:46.081 +02:00 [Information] Request starting HTTP/1.1 GET http://localhost:17000/api.doc/lib/highlight.9.1.0.pack_extended.js  
2017-12-10 12:44:46.083 +02:00 [Information] Request starting HTTP/1.1 GET http://localhost:17000/api.doc/lib/jsoneditor.min.js  
2017-12-10 12:44:46.083 +02:00 [Information] The file "/lib/jsoneditor.min.js" was not modified
2017-12-10 12:44:46.084 +02:00 [Information] Request finished in 2.9201ms 304 application/javascript
2017-12-10 12:44:46.085 +02:00 [Information] The file "/lib/highlight.9.1.0.pack_extended.js" was not modified
2017-12-10 12:44:46.086 +02:00 [Information] Request finished in 5.9733ms 304 application/javascript
2017-12-10 12:44:46.126 +02:00 [Information] Request starting HTTP/1.1 GET http://localhost:17000/api.doc/lib/marked.js  
2017-12-10 12:44:46.127 +02:00 [Information] The file "/lib/marked.js" was not modified
2017-12-10 12:44:46.128 +02:00 [Information] Request finished in 1.8572ms 304 application/javascript
2017-12-10 12:44:46.130 +02:00 [Information] Request starting HTTP/1.1 GET http://localhost:17000/api.doc/lib/swagger-oauth.js  
2017-12-10 12:44:46.131 +02:00 [Information] The file "/lib/swagger-oauth.js" was not modified
2017-12-10 12:44:46.132 +02:00 [Information] Request finished in 6.1585ms 304 application/javascript
2017-12-10 12:44:46.194 +02:00 [Information] Request starting HTTP/1.1 GET http://localhost:17000/api.doc/images/logo_small.png  
2017-12-10 12:44:46.195 +02:00 [Information] The file "/images/logo_small.png" was not modified
2017-12-10 12:44:46.196 +02:00 [Information] Request finished in 3.06ms 304 image/png
2017-12-10 12:44:46.198 +02:00 [Information] Request starting HTTP/1.1 GET http://localhost:17000/api.doc/css/print.css  
2017-12-10 12:44:46.199 +02:00 [Information] The file "/css/print.css" was not modified
2017-12-10 12:44:46.199 +02:00 [Information] Request finished in 1.684ms 304 text/css
2017-12-10 12:44:46.654 +02:00 [Information] Request starting HTTP/1.1 GET http://localhost:17000/swagger/v1/swagger.json  
2017-12-10 12:44:47.462 +02:00 [Information] Request finished in 807.6085ms 200 application/json
2017-12-10 12:47:16.104 +02:00 [Information] Request starting HTTP/1.1 GET http://localhost:17000/api.doc/images/throbber.gif  
2017-12-10 12:47:16.118 +02:00 [Information] The file "/images/throbber.gif" was not modified
2017-12-10 12:47:16.119 +02:00 [Information] Request finished in 15.1236ms 304 image/gif
2017-12-10 13:04:38.554 +02:00 [Information] Request starting HTTP/1.1 POST http://localhost:17000/api/Account/Register application/json 75
2017-12-10 13:04:40.872 +02:00 [Information] Executing action method "WebApi.Controllers.AccountController.Register (WebApi)" with arguments (["Common.DTO.AccountDTO.CreateAccount"]) - ModelState is Valid
2017-12-10 13:04:44.594 +02:00 [Information] Executed DbCommand (654ms) [Parameters=[@__createAccount_Nike_0='?' (Size = 4000)], CommandType='Text', CommandTimeout='30']
SELECT TOP(1) [p].[Id], [p].[Nike], [p].[Password], [p].[Role]
FROM [Users] AS [p]
WHERE [p].[Nike] = @__createAccount_Nike_0
2017-12-10 13:04:45.675 +02:00 [Information] Executed DbCommand (395ms) [Parameters=[@p0='?' (Size = 450), @p1='?', @p2='?' (Size = 450), @p3='?' (Size = 4000), @p4='?' (Size = 450), @p5='?' (Size = 4000), @p6='?' (Size = 4000), @p7='?'], CommandType='Text', CommandTimeout='30']
SET NOCOUNT ON;
INSERT INTO [Tokens] ([Id], [ExpirationDateTime], [UserId], [UsserId])
VALUES (@p0, @p1, @p2, @p3);
INSERT INTO [Users] ([Id], [Nike], [Password], [Role])
VALUES (@p4, @p5, @p6, @p7);
2017-12-10 13:04:45.735 +02:00 [Information] Executing ObjectResult, writing value "Microsoft.AspNetCore.Mvc.ControllerContext".
2017-12-10 13:04:45.806 +02:00 [Information] Executed action "WebApi.Controllers.AccountController.Register (WebApi)" in 5807.186ms
2017-12-10 13:04:45.818 +02:00 [Information] Request finished in 7447.7454ms 200 application/json; charset=utf-8
2017-12-10 13:05:28.591 +02:00 [Information] Request starting HTTP/1.1 POST http://localhost:17000/api/Account/LogIn application/json 63
2017-12-10 13:05:28.640 +02:00 [Information] Executing action method "WebApi.Controllers.AccountController.LogIn (WebApi)" with arguments (["Common.DTO.AccountDTO.LogInAccount"]) - ModelState is Valid
2017-12-10 13:05:28.781 +02:00 [Information] Executed DbCommand (83ms) [Parameters=[@__userNike_0='?' (Size = 4000), @__encrypt_1='?' (Size = 4000), @__userRole_2='?'], CommandType='Text', CommandTimeout='30']
SELECT TOP(1) [p].[Id], [p].[Nike], [p].[Password], [p].[Role]
FROM [Users] AS [p]
WHERE (([p].[Nike] = @__userNike_0) AND ([p].[Password] = @__encrypt_1)) AND ([p].[Role] = @__userRole_2)
2017-12-10 13:05:28.968 +02:00 [Information] Executed DbCommand (110ms) [Parameters=[@__logIn_Nike_0='?' (Size = 4000), @__logIn_Password_1='?' (Size = 4000)], CommandType='Text', CommandTimeout='30']
SELECT CASE
    WHEN EXISTS (
        SELECT 1
        FROM [Users] AS [p]
        WHERE ([p].[Nike] = @__logIn_Nike_0) AND ([p].[Password] = @__logIn_Password_1))
    THEN CAST(1 AS BIT) ELSE CAST(0 AS BIT)
END
2017-12-10 13:05:29.167 +02:00 [Information] Executing ObjectResult, writing value "Microsoft.AspNetCore.Mvc.ControllerContext".
2017-12-10 13:05:29.208 +02:00 [Information] Executed action "WebApi.Controllers.AccountController.LogIn (WebApi)" in 590.4348ms
2017-12-10 13:05:29.209 +02:00 [Information] Request finished in 621.8725ms 200 application/json; charset=utf-8
2017-12-10 13:55:10.162 +02:00 [Information] Request starting HTTP/1.1 GET http://localhost:17000/api.doc/  
2017-12-10 13:55:10.272 +02:00 [Information] Sending file. Request path: '"/index.html"'. Physical path: '"N/A"'
2017-12-10 13:55:10.380 +02:00 [Information] Request starting HTTP/1.1 GET http://localhost:17000/api.doc/css/reset.css  
2017-12-10 13:55:10.381 +02:00 [Information] Request finished in 213.3344ms 200 text/html
2017-12-10 13:55:10.385 +02:00 [Information] The file "/css/reset.css" was not modified
2017-12-10 13:55:10.388 +02:00 [Information] Request starting HTTP/1.1 GET http://localhost:17000/api.doc/css/typography.css  
2017-12-10 13:55:10.389 +02:00 [Information] The file "/css/typography.css" was not modified
2017-12-10 13:55:10.389 +02:00 [Information] Request finished in 29.7391ms 304 text/css
2017-12-10 13:55:10.413 +02:00 [Information] Request finished in 1.7301ms 304 text/css
2017-12-10 13:55:10.414 +02:00 [Information] Request starting HTTP/1.1 GET http://localhost:17000/api.doc/css/screen.css  
2017-12-10 13:55:10.415 +02:00 [Information] The file "/css/screen.css" was not modified
2017-12-10 13:55:10.416 +02:00 [Information] Request finished in 23.1782ms 304 text/css
2017-12-10 13:55:10.423 +02:00 [Information] Request starting HTTP/1.1 GET http://localhost:17000/api.doc/lib/object-assign-pollyfill.js  
2017-12-10 13:55:10.424 +02:00 [Information] The file "/lib/object-assign-pollyfill.js" was not modified
2017-12-10 13:55:10.425 +02:00 [Information] Request finished in 9.9268ms 304 application/javascript
2017-12-10 13:55:10.427 +02:00 [Information] Request starting HTTP/1.1 GET http://localhost:17000/api.doc/lib/jquery-1.8.0.min.js  
2017-12-10 13:55:10.427 +02:00 [Information] The file "/lib/jquery-1.8.0.min.js" was not modified
2017-12-10 13:55:10.428 +02:00 [Information] Request finished in 4.7125ms 304 application/javascript
2017-12-10 13:55:10.434 +02:00 [Information] Request starting HTTP/1.1 GET http://localhost:17000/api.doc/lib/jquery.wiggle.min.js  
2017-12-10 13:55:10.435 +02:00 [Information] The file "/lib/jquery.wiggle.min.js" was not modified
2017-12-10 13:55:10.436 +02:00 [Information] Request finished in 3.0169ms 304 application/javascript
2017-12-10 13:55:10.438 +02:00 [Information] Request starting HTTP/1.1 GET http://localhost:17000/api.doc/lib/jquery.slideto.min.js  
2017-12-10 13:55:10.438 +02:00 [Information] The file "/lib/jquery.slideto.min.js" was not modified
2017-12-10 13:55:10.439 +02:00 [Information] Request finished in 6.237ms 304 application/javascript
2017-12-10 13:55:10.445 +02:00 [Information] Request starting HTTP/1.1 GET http://localhost:17000/api.doc/lib/jquery.ba-bbq.min.js  
2017-12-10 13:55:10.445 +02:00 [Information] Request starting HTTP/1.1 GET http://localhost:17000/api.doc/lib/handlebars-4.0.5.js  
2017-12-10 13:55:10.446 +02:00 [Information] The file "/lib/handlebars-4.0.5.js" was not modified
2017-12-10 13:55:10.447 +02:00 [Information] Request finished in 2.9636ms 304 application/javascript
2017-12-10 13:55:10.451 +02:00 [Information] The file "/lib/jquery.ba-bbq.min.js" was not modified
2017-12-10 13:55:10.452 +02:00 [Information] Request finished in 8.0396ms 304 application/javascript
2017-12-10 13:55:10.462 +02:00 [Information] Request starting HTTP/1.1 GET http://localhost:17000/api.doc/lib/lodash.min.js  
2017-12-10 13:55:10.463 +02:00 [Information] The file "/lib/lodash.min.js" was not modified
2017-12-10 13:55:10.463 +02:00 [Information] Request finished in 2.0727ms 304 application/javascript
2017-12-10 13:55:10.465 +02:00 [Information] Request starting HTTP/1.1 GET http://localhost:17000/api.doc/lib/backbone-min.js  
2017-12-10 13:55:10.466 +02:00 [Information] The file "/lib/backbone-min.js" was not modified
2017-12-10 13:55:10.467 +02:00 [Information] Request finished in 5.0496ms 304 application/javascript
2017-12-10 13:55:10.479 +02:00 [Information] Request starting HTTP/1.1 GET http://localhost:17000/api.doc/swagger-ui.min.js  
2017-12-10 13:55:10.479 +02:00 [Information] Request starting HTTP/1.1 GET http://localhost:17000/api.doc/lib/highlight.9.1.0.pack.js  
2017-12-10 13:55:10.480 +02:00 [Information] The file "/swagger-ui.min.js" was not modified
2017-12-10 13:55:10.481 +02:00 [Information] The file "/lib/highlight.9.1.0.pack.js" was not modified
2017-12-10 13:55:10.482 +02:00 [Information] Request finished in 5.7873ms 304 application/javascript
2017-12-10 13:55:10.545 +02:00 [Information] Request starting HTTP/1.1 GET http://localhost:17000/api.doc/lib/jsoneditor.min.js  
2017-12-10 13:55:10.546 +02:00 [Information] Request finished in 4.8635ms 304 application/javascript
2017-12-10 13:55:10.547 +02:00 [Information] Request starting HTTP/1.1 GET http://localhost:17000/api.doc/lib/highlight.9.1.0.pack_extended.js  
2017-12-10 13:55:10.548 +02:00 [Information] The file "/lib/highlight.9.1.0.pack_extended.js" was not modified
2017-12-10 13:55:10.551 +02:00 [Information] Request finished in 2.353ms 304 application/javascript
2017-12-10 13:55:10.554 +02:00 [Information] Request starting HTTP/1.1 GET http://localhost:17000/api.doc/lib/marked.js  
2017-12-10 13:55:10.555 +02:00 [Information] The file "/lib/jsoneditor.min.js" was not modified
2017-12-10 13:55:10.558 +02:00 [Information] Request finished in 41.9699ms 304 application/javascript
2017-12-10 13:55:10.559 +02:00 [Information] Request starting HTTP/1.1 GET http://localhost:17000/api.doc/lib/swagger-oauth.js  
2017-12-10 13:55:10.561 +02:00 [Information] The file "/lib/swagger-oauth.js" was not modified
2017-12-10 13:55:10.562 +02:00 [Information] Request finished in 3.0566ms 304 application/javascript
2017-12-10 13:55:10.564 +02:00 [Information] The file "/lib/marked.js" was not modified
2017-12-10 13:55:10.568 +02:00 [Information] Request finished in 13.082ms 304 application/javascript
2017-12-10 13:55:10.589 +02:00 [Information] Request starting HTTP/1.1 GET http://localhost:17000/api.doc/images/logo_small.png  
2017-12-10 13:55:10.590 +02:00 [Information] The file "/images/logo_small.png" was not modified
2017-12-10 13:55:10.592 +02:00 [Information] Request finished in 1.5125ms 304 image/png
2017-12-10 13:55:10.593 +02:00 [Information] Request starting HTTP/1.1 GET http://localhost:17000/api.doc/css/print.css  
2017-12-10 13:55:10.595 +02:00 [Information] The file "/css/print.css" was not modified
2017-12-10 13:55:10.596 +02:00 [Information] Request finished in 3.0924ms 304 text/css
2017-12-10 13:55:10.958 +02:00 [Information] Request starting HTTP/1.1 GET http://localhost:17000/swagger/v1/swagger.json  
2017-12-10 13:55:11.313 +02:00 [Information] Request finished in 355.5806ms 200 application/json
2017-12-10 13:56:17.293 +02:00 [Information] Request starting HTTP/1.1 GET http://localhost:17000/api.doc/images/throbber.gif  
2017-12-10 13:56:17.295 +02:00 [Information] The file "/images/throbber.gif" was not modified
2017-12-10 13:56:17.296 +02:00 [Information] Request finished in 3.2507ms 304 image/gif
2017-12-10 13:59:43.358 +02:00 [Information] Request starting HTTP/1.1 GET http://localhost:17000/api.doc/  
2017-12-10 13:59:43.464 +02:00 [Information] Sending file. Request path: '"/index.html"'. Physical path: '"N/A"'
2017-12-10 13:59:43.542 +02:00 [Information] Request starting HTTP/1.1 GET http://localhost:17000/api.doc/css/reset.css  
2017-12-10 13:59:43.544 +02:00 [Information] Request finished in 217.9381ms 200 text/html
2017-12-10 13:59:43.547 +02:00 [Information] The file "/css/reset.css" was not modified
2017-12-10 13:59:43.555 +02:00 [Information] Request starting HTTP/1.1 GET http://localhost:17000/api.doc/css/typography.css  
2017-12-10 13:59:43.555 +02:00 [Information] Request finished in 10.7686ms 304 text/css
2017-12-10 13:59:43.556 +02:00 [Information] Request starting HTTP/1.1 GET http://localhost:17000/api.doc/css/screen.css  
2017-12-10 13:59:43.557 +02:00 [Information] The file "/css/typography.css" was not modified
2017-12-10 13:59:43.557 +02:00 [Information] The file "/css/screen.css" was not modified
2017-12-10 13:59:43.558 +02:00 [Information] Request finished in 2.1009ms 304 text/css
2017-12-10 13:59:43.563 +02:00 [Information] Request finished in 6.6133ms 304 text/css
2017-12-10 13:59:43.570 +02:00 [Information] Request starting HTTP/1.1 GET http://localhost:17000/api.doc/lib/jquery-1.8.0.min.js  
2017-12-10 13:59:43.571 +02:00 [Information] The file "/lib/jquery-1.8.0.min.js" was not modified
2017-12-10 13:59:43.573 +02:00 [Information] Request finished in 9.3512ms 304 application/javascript
2017-12-10 13:59:43.574 +02:00 [Information] Request starting HTTP/1.1 GET http://localhost:17000/api.doc/lib/jquery.slideto.min.js  
2017-12-10 13:59:43.575 +02:00 [Information] The file "/lib/jquery.slideto.min.js" was not modified
2017-12-10 13:59:43.577 +02:00 [Information] Request finished in 1.9302ms 304 application/javascript
2017-12-10 13:59:43.579 +02:00 [Information] Request starting HTTP/1.1 GET http://localhost:17000/api.doc/lib/jquery.wiggle.min.js  
2017-12-10 13:59:43.580 +02:00 [Information] The file "/lib/jquery.wiggle.min.js" was not modified
2017-12-10 13:59:43.583 +02:00 [Information] Request finished in 2.4913ms 304 application/javascript
2017-12-10 13:59:43.583 +02:00 [Information] Request starting HTTP/1.1 GET http://localhost:17000/api.doc/lib/jquery.ba-bbq.min.js  
2017-12-10 13:59:43.584 +02:00 [Information] The file "/lib/jquery.ba-bbq.min.js" was not modified
2017-12-10 13:59:43.588 +02:00 [Information] Request finished in 1.9238ms 304 application/javascript
2017-12-10 13:59:43.589 +02:00 [Information] Request starting HTTP/1.1 GET http://localhost:17000/api.doc/lib/object-assign-pollyfill.js  
2017-12-10 13:59:43.590 +02:00 [Information] The file "/lib/object-assign-pollyfill.js" was not modified
2017-12-10 13:59:43.594 +02:00 [Information] Request finished in 21.3047ms 304 application/javascript
2017-12-10 13:59:43.596 +02:00 [Information] Request starting HTTP/1.1 GET http://localhost:17000/api.doc/lib/lodash.min.js  
2017-12-10 13:59:43.596 +02:00 [Information] The file "/lib/lodash.min.js" was not modified
2017-12-10 13:59:43.598 +02:00 [Information] Request finished in 2.1508ms 304 application/javascript
2017-12-10 13:59:43.598 +02:00 [Information] Request starting HTTP/1.1 GET http://localhost:17000/api.doc/lib/backbone-min.js  
2017-12-10 13:59:43.599 +02:00 [Information] Request starting HTTP/1.1 GET http://localhost:17000/api.doc/lib/handlebars-4.0.5.js  
2017-12-10 13:59:43.600 +02:00 [Information] The file "/lib/backbone-min.js" was not modified
2017-12-10 13:59:43.600 +02:00 [Information] The file "/lib/handlebars-4.0.5.js" was not modified
2017-12-10 13:59:43.602 +02:00 [Information] Request finished in 1.9357ms 304 application/javascript
2017-12-10 13:59:43.603 +02:00 [Information] Request starting HTTP/1.1 GET http://localhost:17000/api.doc/swagger-ui.min.js  
2017-12-10 13:59:43.604 +02:00 [Information] The file "/swagger-ui.min.js" was not modified
2017-12-10 13:59:43.605 +02:00 [Information] Request finished in 12.6715ms 304 application/javascript
2017-12-10 13:59:43.606 +02:00 [Information] Request starting HTTP/1.1 GET http://localhost:17000/api.doc/lib/highlight.9.1.0.pack.js  
2017-12-10 13:59:43.607 +02:00 [Information] The file "/lib/highlight.9.1.0.pack.js" was not modified
2017-12-10 13:59:43.614 +02:00 [Information] Request finished in 3.0165ms 304 application/javascript
2017-12-10 13:59:43.615 +02:00 [Information] Request starting HTTP/1.1 GET http://localhost:17000/api.doc/lib/jsoneditor.min.js  
2017-12-10 13:59:43.617 +02:00 [Information] The file "/lib/jsoneditor.min.js" was not modified
2017-12-10 13:59:43.624 +02:00 [Information] Request finished in 5.3188ms 304 application/javascript
2017-12-10 13:59:43.626 +02:00 [Information] Request starting HTTP/1.1 GET http://localhost:17000/api.doc/lib/marked.js  
2017-12-10 13:59:43.628 +02:00 [Information] The file "/lib/marked.js" was not modified
2017-12-10 13:59:43.648 +02:00 [Information] Request finished in 1.6951ms 304 application/javascript
2017-12-10 13:59:43.652 +02:00 [Information] Request starting HTTP/1.1 GET http://localhost:17000/api.doc/lib/highlight.9.1.0.pack_extended.js  
2017-12-10 13:59:43.654 +02:00 [Information] The file "/lib/highlight.9.1.0.pack_extended.js" was not modified
2017-12-10 13:59:43.656 +02:00 [Information] Request finished in 6.1999ms 304 application/javascript
2017-12-10 13:59:43.658 +02:00 [Information] Request finished in 3.9146ms 304 application/javascript
2017-12-10 13:59:43.659 +02:00 [Information] Request starting HTTP/1.1 GET http://localhost:17000/api.doc/lib/swagger-oauth.js  
2017-12-10 13:59:43.660 +02:00 [Information] The file "/lib/swagger-oauth.js" was not modified
2017-12-10 13:59:43.663 +02:00 [Information] Request starting HTTP/1.1 GET http://localhost:17000/api.doc/images/logo_small.png  
2017-12-10 13:59:43.665 +02:00 [Information] The file "/images/logo_small.png" was not modified
2017-12-10 13:59:43.669 +02:00 [Information] Request finished in 3.1543ms 304 application/javascript
2017-12-10 13:59:43.671 +02:00 [Information] Request finished in 9.3981ms 304 image/png
2017-12-10 13:59:43.671 +02:00 [Information] Request starting HTTP/1.1 GET http://localhost:17000/api.doc/css/print.css  
2017-12-10 13:59:43.672 +02:00 [Information] The file "/css/print.css" was not modified
2017-12-10 13:59:43.674 +02:00 [Information] Request finished in 1.6802ms 304 text/css
2017-12-10 13:59:43.880 +02:00 [Information] Request starting HTTP/1.1 GET http://localhost:17000/swagger/v1/swagger.json  
2017-12-10 13:59:44.452 +02:00 [Information] Request finished in 575.932ms 200 application/json
2017-12-10 13:59:54.965 +02:00 [Information] Request starting HTTP/1.1 GET http://localhost:17000/api.doc/images/throbber.gif  
2017-12-10 13:59:54.965 +02:00 [Information] The file "/images/throbber.gif" was not modified
2017-12-10 13:59:54.966 +02:00 [Information] Request finished in 2.8996ms 304 image/gif
2017-12-10 15:03:03.298 +02:00 [Information] Request starting HTTP/1.1 GET http://192.168.0.102:17000/api.doc  
2017-12-10 15:03:03.349 +02:00 [Information] Request finished in 118.8016ms 301 
2017-12-10 15:03:03.371 +02:00 [Information] Request starting HTTP/1.1 GET http://192.168.0.102:17000/api.doc/  
2017-12-10 15:03:03.378 +02:00 [Information] Sending file. Request path: '"/index.html"'. Physical path: '"N/A"'
2017-12-10 15:03:03.390 +02:00 [Information] Request finished in 20.064ms 200 text/html
2017-12-10 15:03:03.466 +02:00 [Information] Request starting HTTP/1.1 GET http://192.168.0.102:17000/api.doc/css/typography.css  
2017-12-10 15:03:03.489 +02:00 [Information] Sending file. Request path: '"/css/typography.css"'. Physical path: '"N/A"'
2017-12-10 15:03:03.490 +02:00 [Information] Request starting HTTP/1.1 GET http://192.168.0.102:17000/api.doc/lib/object-assign-pollyfill.js  
2017-12-10 15:03:03.491 +02:00 [Information] Request finished in 24.2048ms 200 text/css
2017-12-10 15:03:03.491 +02:00 [Information] Request starting HTTP/1.1 GET http://192.168.0.102:17000/api.doc/css/screen.css  
2017-12-10 15:03:03.492 +02:00 [Information] Sending file. Request path: '"/lib/object-assign-pollyfill.js"'. Physical path: '"N/A"'
2017-12-10 15:03:03.493 +02:00 [Information] Request starting HTTP/1.1 GET http://192.168.0.102:17000/api.doc/css/reset.css  
2017-12-10 15:03:03.494 +02:00 [Information] Sending file. Request path: '"/css/reset.css"'. Physical path: '"N/A"'
2017-12-10 15:03:03.495 +02:00 [Information] Sending file. Request path: '"/css/screen.css"'. Physical path: '"N/A"'
2017-12-10 15:03:03.497 +02:00 [Information] Request starting HTTP/1.1 GET http://192.168.0.102:17000/api.doc/lib/jquery-1.8.0.min.js  
2017-12-10 15:03:03.499 +02:00 [Information] Sending file. Request path: '"/lib/jquery-1.8.0.min.js"'. Physical path: '"N/A"'
2017-12-10 15:03:03.499 +02:00 [Information] Request finished in 3.1436ms 200 application/javascript
2017-12-10 15:03:03.502 +02:00 [Information] Request finished in 25.7194ms 200 text/css
2017-12-10 15:03:03.525 +02:00 [Information] Request starting HTTP/1.1 GET http://192.168.0.102:17000/api.doc/lib/jquery.slideto.min.js  
2017-12-10 15:03:03.525 +02:00 [Information] Sending file. Request path: '"/lib/jquery.slideto.min.js"'. Physical path: '"N/A"'
2017-12-10 15:03:03.526 +02:00 [Information] Request finished in 1.434ms 200 application/javascript
2017-12-10 15:03:03.579 +02:00 [Information] Request finished in 88.0397ms 200 text/css
2017-12-10 15:03:03.612 +02:00 [Information] Request finished in 115.1365ms 200 application/javascript
2017-12-10 15:03:03.712 +02:00 [Information] Request starting HTTP/1.1 GET http://192.168.0.102:17000/api.doc/lib/jquery.wiggle.min.js  
2017-12-10 15:03:03.714 +02:00 [Information] Sending file. Request path: '"/lib/jquery.wiggle.min.js"'. Physical path: '"N/A"'
2017-12-10 15:03:03.714 +02:00 [Information] Request finished in 2.2502ms 200 application/javascript
2017-12-10 15:03:03.717 +02:00 [Information] Request starting HTTP/1.1 GET http://192.168.0.102:17000/api.doc/lib/jquery.ba-bbq.min.js  
2017-12-10 15:03:03.717 +02:00 [Information] Sending file. Request path: '"/lib/jquery.ba-bbq.min.js"'. Physical path: '"N/A"'
2017-12-10 15:03:03.718 +02:00 [Information] Request finished in 4.5568ms 200 application/javascript
2017-12-10 15:03:03.740 +02:00 [Information] Request starting HTTP/1.1 GET http://192.168.0.102:17000/api.doc/lib/handlebars-4.0.5.js  
2017-12-10 15:03:03.741 +02:00 [Information] Sending file. Request path: '"/lib/handlebars-4.0.5.js"'. Physical path: '"N/A"'
2017-12-10 15:03:03.743 +02:00 [Information] Request finished in 2.9725ms 200 application/javascript
2017-12-10 15:03:03.773 +02:00 [Information] Request starting HTTP/1.1 GET http://192.168.0.102:17000/api.doc/lib/backbone-min.js  
2017-12-10 15:03:03.774 +02:00 [Information] Sending file. Request path: '"/lib/backbone-min.js"'. Physical path: '"N/A"'
2017-12-10 15:03:03.776 +02:00 [Information] Request finished in 3.3809ms 200 application/javascript
2017-12-10 15:03:03.779 +02:00 [Information] Request starting HTTP/1.1 GET http://192.168.0.102:17000/api.doc/swagger-ui.min.js  
2017-12-10 15:03:03.779 +02:00 [Information] Sending file. Request path: '"/swagger-ui.min.js"'. Physical path: '"N/A"'
2017-12-10 15:03:03.780 +02:00 [Information] Request starting HTTP/1.1 GET http://192.168.0.102:17000/api.doc/lib/lodash.min.js  
2017-12-10 15:03:03.781 +02:00 [Information] Sending file. Request path: '"/lib/lodash.min.js"'. Physical path: '"N/A"'
2017-12-10 15:03:03.784 +02:00 [Information] Request starting HTTP/1.1 GET http://192.168.0.102:17000/api.doc/lib/highlight.9.1.0.pack.js  
2017-12-10 15:03:03.784 +02:00 [Information] Sending file. Request path: '"/lib/highlight.9.1.0.pack.js"'. Physical path: '"N/A"'
2017-12-10 15:03:03.785 +02:00 [Information] Request finished in 4.5666ms 200 application/javascript
2017-12-10 15:03:03.795 +02:00 [Information] Request starting HTTP/1.1 GET http://192.168.0.102:17000/api.doc/lib/highlight.9.1.0.pack_extended.js  
2017-12-10 15:03:03.795 +02:00 [Information] Sending file. Request path: '"/lib/highlight.9.1.0.pack_extended.js"'. Physical path: '"N/A"'
2017-12-10 15:03:03.796 +02:00 [Information] Request finished in 1.3704ms 200 application/javascript
2017-12-10 15:03:03.805 +02:00 [Information] Request finished in 32.7603ms 200 application/javascript
2017-12-10 15:03:03.864 +02:00 [Information] Request starting HTTP/1.1 GET http://192.168.0.102:17000/api.doc/lib/jsoneditor.min.js  
2017-12-10 15:03:03.864 +02:00 [Information] Sending file. Request path: '"/lib/jsoneditor.min.js"'. Physical path: '"N/A"'
2017-12-10 15:03:03.867 +02:00 [Information] Request starting HTTP/1.1 GET http://192.168.0.102:17000/api.doc/lib/marked.js  
2017-12-10 15:03:03.867 +02:00 [Information] Sending file. Request path: '"/lib/marked.js"'. Physical path: '"N/A"'
2017-12-10 15:03:03.869 +02:00 [Information] Request starting HTTP/1.1 GET http://192.168.0.102:17000/api.doc/lib/swagger-oauth.js  
2017-12-10 15:03:03.870 +02:00 [Information] Sending file. Request path: '"/lib/swagger-oauth.js"'. Physical path: '"N/A"'
2017-12-10 15:03:03.893 +02:00 [Information] Request finished in 29.172ms 200 application/javascript
2017-12-10 15:03:03.894 +02:00 [Information] Request finished in 30.3403ms 200 application/javascript
2017-12-10 15:03:03.896 +02:00 [Information] Request finished in 32.2556ms 200 application/javascript
2017-12-10 15:03:03.940 +02:00 [Information] Request finished in 163.3047ms 200 application/javascript
2017-12-10 15:03:04.001 +02:00 [Information] Request starting HTTP/1.1 GET http://192.168.0.102:17000/api.doc/images/logo_small.png  
2017-12-10 15:03:04.002 +02:00 [Information] Sending file. Request path: '"/images/logo_small.png"'. Physical path: '"N/A"'
2017-12-10 15:03:04.002 +02:00 [Information] Request finished in 1.4643ms 200 image/png
2017-12-10 15:03:04.013 +02:00 [Information] Request starting HTTP/1.1 GET http://192.168.0.102:17000/api.doc/css/print.css  
2017-12-10 15:03:04.014 +02:00 [Information] Sending file. Request path: '"/css/print.css"'. Physical path: '"N/A"'
2017-12-10 15:03:04.053 +02:00 [Information] Request finished in 39.5319ms 200 text/css
2017-12-10 15:03:04.328 +02:00 [Information] Request starting HTTP/1.1 GET http://192.168.0.102:17000/swagger/v1/swagger.json  
2017-12-10 15:03:04.415 +02:00 [Information] Request starting HTTP/1.1 GET http://192.168.0.102:17000/api.doc/images/favicon-32x32.png  
2017-12-10 15:03:04.415 +02:00 [Information] Sending file. Request path: '"/images/favicon-32x32.png"'. Physical path: '"N/A"'
2017-12-10 15:03:04.416 +02:00 [Information] Request finished in 0.8917ms 200 image/png
2017-12-10 15:03:04.438 +02:00 [Information] Request finished in 109.842ms 200 application/json
2017-12-10 15:03:04.449 +02:00 [Information] Request starting HTTP/1.1 GET http://192.168.0.102:17000/api.doc/images/favicon-16x16.png  
2017-12-10 15:03:04.449 +02:00 [Information] Sending file. Request path: '"/images/favicon-16x16.png"'. Physical path: '"N/A"'
2017-12-10 15:03:04.450 +02:00 [Information] Request finished in 1.1323ms 200 image/png
2017-12-10 15:38:04.885 +02:00 [Information] Request starting HTTP/1.1 GET http://192.168.0.102:17000/api.doc/  
2017-12-10 15:38:04.889 +02:00 [Information] Sending file. Request path: '"/index.html"'. Physical path: '"N/A"'
2017-12-10 15:38:04.891 +02:00 [Information] Request finished in 98.1065ms 200 text/html
2017-12-10 15:38:05.203 +02:00 [Information] Request starting HTTP/1.1 GET http://192.168.0.102:17000/api.doc/css/typography.css  
2017-12-10 15:38:05.205 +02:00 [Information] The file "/css/typography.css" was not modified
2017-12-10 15:38:05.207 +02:00 [Information] Request finished in 5.0201ms 304 text/css
2017-12-10 15:38:05.218 +02:00 [Information] Request starting HTTP/1.1 GET http://192.168.0.102:17000/api.doc/css/reset.css  
2017-12-10 15:38:05.220 +02:00 [Information] The file "/css/reset.css" was not modified
2017-12-10 15:38:05.221 +02:00 [Information] Request finished in 4.6562ms 304 text/css
2017-12-10 15:38:05.234 +02:00 [Information] Request starting HTTP/1.1 GET http://192.168.0.102:17000/api.doc/css/screen.css  
2017-12-10 15:38:05.237 +02:00 [Information] The file "/css/screen.css" was not modified
2017-12-10 15:38:05.238 +02:00 [Information] Request finished in 5.213ms 304 text/css
2017-12-10 15:38:05.243 +02:00 [Information] Request starting HTTP/1.1 GET http://192.168.0.102:17000/api.doc/lib/object-assign-pollyfill.js  
2017-12-10 15:38:05.245 +02:00 [Information] The file "/lib/object-assign-pollyfill.js" was not modified
2017-12-10 15:38:05.247 +02:00 [Information] Request finished in 5.1221ms 304 application/javascript
2017-12-10 15:38:05.254 +02:00 [Information] Request starting HTTP/1.1 GET http://192.168.0.102:17000/api.doc/lib/jquery-1.8.0.min.js  
2017-12-10 15:38:05.257 +02:00 [Information] The file "/lib/jquery-1.8.0.min.js" was not modified
2017-12-10 15:38:05.258 +02:00 [Information] Request finished in 5.3649ms 304 application/javascript
2017-12-10 15:38:05.265 +02:00 [Information] Request starting HTTP/1.1 GET http://192.168.0.102:17000/api.doc/lib/jquery.slideto.min.js  
2017-12-10 15:38:05.267 +02:00 [Information] The file "/lib/jquery.slideto.min.js" was not modified
2017-12-10 15:38:05.268 +02:00 [Information] Request finished in 4.1689ms 304 application/javascript
2017-12-10 15:38:05.274 +02:00 [Information] Request starting HTTP/1.1 GET http://192.168.0.102:17000/api.doc/lib/jquery.wiggle.min.js  
2017-12-10 15:38:05.276 +02:00 [Information] The file "/lib/jquery.wiggle.min.js" was not modified
2017-12-10 15:38:05.278 +02:00 [Information] Request finished in 5.2983ms 304 application/javascript
2017-12-10 15:38:05.281 +02:00 [Information] Request starting HTTP/1.1 GET http://192.168.0.102:17000/api.doc/lib/jquery.ba-bbq.min.js  
2017-12-10 15:38:05.282 +02:00 [Information] The file "/lib/jquery.ba-bbq.min.js" was not modified
2017-12-10 15:38:05.284 +02:00 [Information] Request finished in 3.0216ms 304 application/javascript
2017-12-10 15:38:05.288 +02:00 [Information] Request starting HTTP/1.1 GET http://192.168.0.102:17000/api.doc/lib/handlebars-4.0.5.js  
2017-12-10 15:38:05.289 +02:00 [Information] The file "/lib/handlebars-4.0.5.js" was not modified
2017-12-10 15:38:05.290 +02:00 [Information] Request finished in 3.019ms 304 application/javascript
2017-12-10 15:38:05.296 +02:00 [Information] Request starting HTTP/1.1 GET http://192.168.0.102:17000/api.doc/lib/lodash.min.js  
2017-12-10 15:38:05.297 +02:00 [Information] The file "/lib/lodash.min.js" was not modified
2017-12-10 15:38:05.299 +02:00 [Information] Request finished in 3.7277ms 304 application/javascript
2017-12-10 15:38:05.305 +02:00 [Information] Request starting HTTP/1.1 GET http://192.168.0.102:17000/api.doc/lib/backbone-min.js  
2017-12-10 15:38:05.306 +02:00 [Information] The file "/lib/backbone-min.js" was not modified
2017-12-10 15:38:05.308 +02:00 [Information] Request finished in 3.9424ms 304 application/javascript
2017-12-10 15:38:05.314 +02:00 [Information] Request starting HTTP/1.1 GET http://192.168.0.102:17000/api.doc/swagger-ui.min.js  
2017-12-10 15:38:05.317 +02:00 [Information] The file "/swagger-ui.min.js" was not modified
2017-12-10 15:38:05.318 +02:00 [Information] Request finished in 6.9115ms 304 application/javascript
2017-12-10 15:38:05.328 +02:00 [Information] Request starting HTTP/1.1 GET http://192.168.0.102:17000/api.doc/lib/highlight.9.1.0.pack.js  
2017-12-10 15:38:05.329 +02:00 [Information] The file "/lib/highlight.9.1.0.pack.js" was not modified
2017-12-10 15:38:05.329 +02:00 [Information] Request finished in 2.0936ms 304 application/javascript
2017-12-10 15:38:05.344 +02:00 [Information] Request starting HTTP/1.1 GET http://192.168.0.102:17000/api.doc/lib/highlight.9.1.0.pack_extended.js  
2017-12-10 15:38:05.347 +02:00 [Information] The file "/lib/highlight.9.1.0.pack_extended.js" was not modified
2017-12-10 15:38:05.348 +02:00 [Information] Request finished in 2.999ms 304 application/javascript
2017-12-10 15:38:05.358 +02:00 [Information] Request starting HTTP/1.1 GET http://192.168.0.102:17000/api.doc/lib/jsoneditor.min.js  
2017-12-10 15:38:05.358 +02:00 [Information] The file "/lib/jsoneditor.min.js" was not modified
2017-12-10 15:38:05.359 +02:00 [Information] Request finished in 1.1204ms 304 application/javascript
2017-12-10 15:38:05.363 +02:00 [Information] Request starting HTTP/1.1 GET http://192.168.0.102:17000/api.doc/lib/marked.js  
2017-12-10 15:38:05.364 +02:00 [Information] The file "/lib/marked.js" was not modified
2017-12-10 15:38:05.364 +02:00 [Information] Request finished in 1.1037ms 304 application/javascript
2017-12-10 15:38:05.371 +02:00 [Information] Request starting HTTP/1.1 GET http://192.168.0.102:17000/api.doc/lib/swagger-oauth.js  
2017-12-10 15:38:05.372 +02:00 [Information] The file "/lib/swagger-oauth.js" was not modified
2017-12-10 15:38:05.372 +02:00 [Information] Request finished in 1.2006ms 304 application/javascript
2017-12-10 15:38:05.385 +02:00 [Information] Request starting HTTP/1.1 GET http://192.168.0.102:17000/api.doc/images/logo_small.png  
2017-12-10 15:38:05.388 +02:00 [Information] The file "/images/logo_small.png" was not modified
2017-12-10 15:38:05.388 +02:00 [Information] Request finished in 2.9461ms 304 image/png
2017-12-10 15:38:05.401 +02:00 [Information] Request starting HTTP/1.1 GET http://192.168.0.102:17000/api.doc/css/print.css  
2017-12-10 15:38:05.403 +02:00 [Information] The file "/css/print.css" was not modified
2017-12-10 15:38:05.404 +02:00 [Information] Request finished in 2.955ms 304 text/css
2017-12-10 15:38:05.715 +02:00 [Information] Request starting HTTP/1.1 GET http://192.168.0.102:17000/swagger/v1/swagger.json  
2017-12-10 15:38:05.737 +02:00 [Information] Request finished in 22.8787ms 200 application/json
2017-12-10 15:38:11.059 +02:00 [Information] Request starting HTTP/1.1 GET http://192.168.0.102:17000/api.doc/images/throbber.gif  
2017-12-10 15:38:11.060 +02:00 [Information] Sending file. Request path: '"/images/throbber.gif"'. Physical path: '"N/A"'
2017-12-10 15:38:11.078 +02:00 [Information] Request finished in 18.3104ms 200 image/gif
2017-12-10 16:09:25.507 +02:00 [Information] Request starting HTTP/1.1 GET http://localhost:17000/api.doc/  
2017-12-10 16:09:25.617 +02:00 [Information] Sending file. Request path: '"/index.html"'. Physical path: '"N/A"'
2017-12-10 16:09:25.724 +02:00 [Information] Request starting HTTP/1.1 GET http://localhost:17000/api.doc/css/reset.css  
2017-12-10 16:09:25.729 +02:00 [Information] Request finished in 234.3525ms 200 text/html
2017-12-10 16:09:25.731 +02:00 [Information] The file "/css/reset.css" was not modified
2017-12-10 16:09:25.735 +02:00 [Information] Request finished in 15.3395ms 304 text/css
2017-12-10 16:09:25.744 +02:00 [Information] Request starting HTTP/1.1 GET http://localhost:17000/api.doc/css/typography.css  
2017-12-10 16:09:25.746 +02:00 [Information] The file "/css/typography.css" was not modified
2017-12-10 16:09:25.750 +02:00 [Information] Request finished in 6.1772ms 304 text/css
2017-12-10 16:09:25.751 +02:00 [Information] Request starting HTTP/1.1 GET http://localhost:17000/api.doc/lib/object-assign-pollyfill.js  
2017-12-10 16:09:25.752 +02:00 [Information] Request starting HTTP/1.1 GET http://localhost:17000/api.doc/css/screen.css  
2017-12-10 16:09:25.753 +02:00 [Information] The file "/css/screen.css" was not modified
2017-12-10 16:09:25.754 +02:00 [Information] The file "/lib/object-assign-pollyfill.js" was not modified
2017-12-10 16:09:25.756 +02:00 [Information] Request finished in 11.2772ms 304 text/css
2017-12-10 16:09:25.756 +02:00 [Information] Request starting HTTP/1.1 GET http://localhost:17000/api.doc/lib/jquery-1.8.0.min.js  
2017-12-10 16:09:25.757 +02:00 [Information] The file "/lib/jquery-1.8.0.min.js" was not modified
2017-12-10 16:09:25.758 +02:00 [Information] Request finished in 1.2369ms 304 application/javascript
2017-12-10 16:09:25.758 +02:00 [Information] Request finished in 4.2402ms 304 application/javascript
2017-12-10 16:09:25.796 +02:00 [Information] Request starting HTTP/1.1 GET http://localhost:17000/api.doc/lib/jquery.slideto.min.js  
2017-12-10 16:09:25.799 +02:00 [Information] The file "/lib/jquery.slideto.min.js" was not modified
2017-12-10 16:09:25.804 +02:00 [Information] Request starting HTTP/1.1 GET http://localhost:17000/api.doc/lib/jquery.wiggle.min.js  
2017-12-10 16:09:25.806 +02:00 [Information] The file "/lib/jquery.wiggle.min.js" was not modified
2017-12-10 16:09:25.809 +02:00 [Information] Request finished in 6.0061ms 304 application/javascript
2017-12-10 16:09:25.811 +02:00 [Information] Request finished in 12.0908ms 304 application/javascript
2017-12-10 16:09:25.833 +02:00 [Information] Request starting HTTP/1.1 GET http://localhost:17000/api.doc/lib/jquery.ba-bbq.min.js  
2017-12-10 16:09:25.834 +02:00 [Information] The file "/lib/jquery.ba-bbq.min.js" was not modified
2017-12-10 16:09:25.835 +02:00 [Information] Request finished in 7.0835ms 304 application/javascript
2017-12-10 16:09:25.837 +02:00 [Information] Request starting HTTP/1.1 GET http://localhost:17000/api.doc/lib/lodash.min.js  
2017-12-10 16:09:25.838 +02:00 [Information] The file "/lib/lodash.min.js" was not modified
2017-12-10 16:09:25.839 +02:00 [Information] Request finished in 2.9806ms 304 application/javascript
2017-12-10 16:09:25.840 +02:00 [Information] Request starting HTTP/1.1 GET http://localhost:17000/api.doc/lib/backbone-min.js  
2017-12-10 16:09:25.840 +02:00 [Information] The file "/lib/backbone-min.js" was not modified
2017-12-10 16:09:25.852 +02:00 [Information] Request starting HTTP/1.1 GET http://localhost:17000/api.doc/lib/handlebars-4.0.5.js  
2017-12-10 16:09:25.853 +02:00 [Information] The file "/lib/handlebars-4.0.5.js" was not modified
2017-12-10 16:09:25.875 +02:00 [Information] Request finished in 1.6806ms 304 application/javascript
2017-12-10 16:09:25.876 +02:00 [Information] Request finished in 25.9434ms 304 application/javascript
2017-12-10 16:09:25.878 +02:00 [Information] Request starting HTTP/1.1 GET http://localhost:17000/api.doc/lib/highlight.9.1.0.pack.js  
2017-12-10 16:09:25.879 +02:00 [Information] The file "/lib/highlight.9.1.0.pack.js" was not modified
2017-12-10 16:09:25.881 +02:00 [Information] Request finished in 3.6147ms 304 application/javascript
2017-12-10 16:09:25.882 +02:00 [Information] Request starting HTTP/1.1 GET http://localhost:17000/api.doc/lib/highlight.9.1.0.pack_extended.js  
2017-12-10 16:09:25.883 +02:00 [Information] Request starting HTTP/1.1 GET http://localhost:17000/api.doc/swagger-ui.min.js  
2017-12-10 16:09:25.884 +02:00 [Information] The file "/swagger-ui.min.js" was not modified
2017-12-10 16:09:25.887 +02:00 [Information] Request finished in 5.6277ms 304 application/javascript
2017-12-10 16:09:25.888 +02:00 [Information] Request starting HTTP/1.1 GET http://localhost:17000/api.doc/lib/jsoneditor.min.js  
2017-12-10 16:09:25.889 +02:00 [Information] The file "/lib/jsoneditor.min.js" was not modified
2017-12-10 16:09:25.890 +02:00 [Information] Request finished in 1.7813ms 304 application/javascript
2017-12-10 16:09:25.892 +02:00 [Information] The file "/lib/highlight.9.1.0.pack_extended.js" was not modified
2017-12-10 16:09:25.893 +02:00 [Information] Request finished in 10.7874ms 304 application/javascript
2017-12-10 16:09:25.931 +02:00 [Information] Request starting HTTP/1.1 GET http://localhost:17000/api.doc/lib/marked.js  
2017-12-10 16:09:25.932 +02:00 [Information] The file "/lib/marked.js" was not modified
2017-12-10 16:09:25.933 +02:00 [Information] Request starting HTTP/1.1 GET http://localhost:17000/api.doc/lib/swagger-oauth.js  
2017-12-10 16:09:25.933 +02:00 [Information] Request finished in 4.4224ms 304 application/javascript
2017-12-10 16:09:25.934 +02:00 [Information] The file "/lib/swagger-oauth.js" was not modified
2017-12-10 16:09:25.935 +02:00 [Information] Request finished in 5.7506ms 304 application/javascript
2017-12-10 16:09:25.977 +02:00 [Information] Request starting HTTP/1.1 GET http://localhost:17000/api.doc/images/logo_small.png  
2017-12-10 16:09:25.978 +02:00 [Information] The file "/images/logo_small.png" was not modified
2017-12-10 16:09:25.980 +02:00 [Information] Request finished in 7.2512ms 304 image/png
2017-12-10 16:09:25.981 +02:00 [Information] Request starting HTTP/1.1 GET http://localhost:17000/api.doc/css/print.css  
2017-12-10 16:09:25.982 +02:00 [Information] The file "/css/print.css" was not modified
2017-12-10 16:09:25.983 +02:00 [Information] Request finished in 1.6059ms 304 text/css
2017-12-10 16:09:26.138 +02:00 [Information] Request starting HTTP/1.1 GET http://localhost:17000/swagger/v1/swagger.json  
2017-12-10 16:09:26.792 +02:00 [Information] Request finished in 654.1ms 200 application/json
2017-12-10 16:10:22.910 +02:00 [Information] Request starting HTTP/1.1 GET http://localhost:17000/api.doc/images/throbber.gif  
2017-12-10 16:10:22.911 +02:00 [Information] The file "/images/throbber.gif" was not modified
2017-12-10 16:10:22.912 +02:00 [Information] Request finished in 1.9319ms 304 image/gif
