2017-11-21 12:03:40.084 +02:00 [Information] Request starting HTTP/1.1 GET http://localhost:17000/api.doc/  
2017-11-21 12:03:40.269 +02:00 [Information] Sending file. Request path: '"/index.html"'. Physical path: '"N/A"'
2017-11-21 12:03:40.424 +02:00 [Information] Request starting HTTP/1.1 GET http://localhost:17000/api.doc/css/screen.css  
2017-11-21 12:03:40.424 +02:00 [Information] Request starting HTTP/1.1 GET http://localhost:17000/api.doc/lib/jquery-1.8.0.min.js  
2017-11-21 12:03:40.426 +02:00 [Information] Request starting HTTP/1.1 GET http://localhost:17000/api.doc/lib/jquery.slideto.min.js  
2017-11-21 12:03:40.427 +02:00 [Information] Request finished in 370.1884ms 200 text/html
2017-11-21 12:03:40.434 +02:00 [Information] Request starting HTTP/1.1 GET http://localhost:17000/api.doc/css/typography.css  
2017-11-21 12:03:40.437 +02:00 [Information] The file "/lib/jquery.slideto.min.js" was not modified
2017-11-21 12:03:40.437 +02:00 [Information] The file "/lib/jquery-1.8.0.min.js" was not modified
2017-11-21 12:03:40.441 +02:00 [Information] Request finished in 14.8966ms 304 application/javascript
2017-11-21 12:03:40.441 +02:00 [Information] Request finished in 17.2454ms 304 application/javascript
2017-11-21 12:03:40.441 +02:00 [Information] Request starting HTTP/1.1 GET http://localhost:17000/api.doc/lib/object-assign-pollyfill.js  
2017-11-21 12:03:40.442 +02:00 [Information] Request starting HTTP/1.1 GET http://localhost:17000/api.doc/css/reset.css  
2017-11-21 12:03:40.447 +02:00 [Information] The file "/css/screen.css" was not modified
2017-11-21 12:03:40.447 +02:00 [Information] The file "/css/reset.css" was not modified
2017-11-21 12:03:40.447 +02:00 [Information] Request finished in 23.1705ms 304 text/css
2017-11-21 12:03:40.447 +02:00 [Information] Request finished in 5.8752ms 304 text/css
2017-11-21 12:03:40.447 +02:00 [Information] Request starting HTTP/1.1 GET http://localhost:17000/api.doc/lib/jquery.wiggle.min.js  
2017-11-21 12:03:40.447 +02:00 [Information] Request starting HTTP/1.1 GET http://localhost:17000/api.doc/lib/jquery.ba-bbq.min.js  
2017-11-21 12:03:40.448 +02:00 [Information] The file "/lib/jquery.wiggle.min.js" was not modified
2017-11-21 12:03:40.448 +02:00 [Information] Request finished in 0.3515ms 304 application/javascript
2017-11-21 12:03:40.451 +02:00 [Information] The file "/lib/object-assign-pollyfill.js" was not modified
2017-11-21 12:03:40.451 +02:00 [Information] Request finished in 9.629ms 304 application/javascript
2017-11-21 12:03:40.456 +02:00 [Information] Request starting HTTP/1.1 GET http://localhost:17000/api.doc/lib/lodash.min.js  
2017-11-21 12:03:40.456 +02:00 [Information] The file "/css/typography.css" was not modified
2017-11-21 12:03:40.459 +02:00 [Information] The file "/lib/jquery.ba-bbq.min.js" was not modified
2017-11-21 12:03:40.459 +02:00 [Information] Request finished in 11.3002ms 304 application/javascript
2017-11-21 12:03:40.459 +02:00 [Information] The file "/lib/lodash.min.js" was not modified
2017-11-21 12:03:40.459 +02:00 [Information] Request finished in 4.6165ms 304 application/javascript
2017-11-21 12:03:40.462 +02:00 [Information] Request starting HTTP/1.1 GET http://localhost:17000/api.doc/swagger-ui.min.js  
2017-11-21 12:03:40.466 +02:00 [Information] Request finished in 22.1504ms 304 text/css
2017-11-21 12:03:40.466 +02:00 [Information] Request starting HTTP/1.1 GET http://localhost:17000/api.doc/lib/highlight.9.1.0.pack.js  
2017-11-21 12:03:40.466 +02:00 [Information] The file "/lib/highlight.9.1.0.pack.js" was not modified
2017-11-21 12:03:40.467 +02:00 [Information] Request finished in 0.4505ms 304 application/javascript
2017-11-21 12:03:40.811 +02:00 [Information] Request starting HTTP/1.1 GET http://localhost:17000/api.doc/lib/backbone-min.js  
2017-11-21 12:03:40.839 +02:00 [Information] Request starting HTTP/1.1 GET http://localhost:17000/api.doc/lib/handlebars-4.0.5.js  
2017-11-21 12:03:40.843 +02:00 [Information] Request starting HTTP/1.1 GET http://localhost:17000/api.doc/lib/highlight.9.1.0.pack_extended.js  
2017-11-21 12:03:40.847 +02:00 [Information] Request starting HTTP/1.1 GET http://localhost:17000/api.doc/lib/jsoneditor.min.js  
2017-11-21 12:03:40.848 +02:00 [Information] The file "/swagger-ui.min.js" was not modified
2017-11-21 12:03:40.848 +02:00 [Information] Request finished in 385.984ms 304 application/javascript
2017-11-21 12:03:40.854 +02:00 [Information] The file "/lib/jsoneditor.min.js" was not modified
2017-11-21 12:03:40.854 +02:00 [Information] Request finished in 380.6439ms 304 application/javascript
2017-11-21 12:03:40.854 +02:00 [Information] Request starting HTTP/1.1 GET http://localhost:17000/api.doc/lib/marked.js  
2017-11-21 12:03:40.855 +02:00 [Information] The file "/lib/marked.js" was not modified
2017-11-21 12:03:40.855 +02:00 [Information] Request finished in 6.7878ms 304 application/javascript
2017-11-21 12:03:40.855 +02:00 [Information] The file "/lib/backbone-min.js" was not modified
2017-11-21 12:03:40.855 +02:00 [Information] Request finished in 388.6669ms 304 application/javascript
2017-11-21 12:03:40.869 +02:00 [Information] The file "/lib/highlight.9.1.0.pack_extended.js" was not modified
2017-11-21 12:03:40.869 +02:00 [Information] Request finished in 397.2143ms 304 application/javascript
2017-11-21 12:03:40.869 +02:00 [Information] The file "/lib/handlebars-4.0.5.js" was not modified
2017-11-21 12:03:40.874 +02:00 [Information] Request finished in 402.6262ms 304 application/javascript
2017-11-21 12:03:40.880 +02:00 [Information] Request starting HTTP/1.1 GET http://localhost:17000/api.doc/lib/swagger-oauth.js  
2017-11-21 12:03:40.893 +02:00 [Information] The file "/lib/swagger-oauth.js" was not modified
2017-11-21 12:03:40.893 +02:00 [Information] Request finished in 14.4708ms 304 application/javascript
2017-11-21 12:03:40.900 +02:00 [Information] Request starting HTTP/1.1 GET http://localhost:17000/api.doc/images/logo_small.png  
2017-11-21 12:03:40.902 +02:00 [Information] The file "/images/logo_small.png" was not modified
2017-11-21 12:03:40.902 +02:00 [Information] Request finished in 2.3278ms 304 image/png
2017-11-21 12:03:40.905 +02:00 [Information] Request starting HTTP/1.1 GET http://localhost:17000/api.doc/css/print.css  
2017-11-21 12:03:40.905 +02:00 [Information] The file "/css/print.css" was not modified
2017-11-21 12:03:40.906 +02:00 [Information] Request finished in 0.433ms 304 text/css
2017-11-21 12:03:41.121 +02:00 [Information] Request starting HTTP/1.1 GET http://localhost:17000/swagger/v1/swagger.json  
2017-11-21 12:03:41.805 +02:00 [Information] Request finished in 684.9591ms 200 application/json
2017-11-21 12:04:08.870 +02:00 [Information] Request starting HTTP/1.1 GET http://localhost:17000/api.doc/images/throbber.gif  
2017-11-21 12:04:08.897 +02:00 [Information] The file "/images/throbber.gif" was not modified
2017-11-21 12:04:08.898 +02:00 [Information] Request finished in 27.8869ms 304 image/gif
2017-11-21 12:07:12.208 +02:00 [Information] Request starting HTTP/1.1 POST http://localhost:17000/api/Account/api/Account/Register application/json 93
2017-11-21 12:07:12.849 +02:00 [Information] Executing action method "WebApi.Controllers.AccountController.Register (WebApi)" with arguments (["Common.DTO.AccountDTO.CreateAccount"]) - ModelState is Valid
2017-11-21 12:07:56.216 +02:00 [Information] Executed DbCommand (31ms) [Parameters=[@__createAccount_Nike_0='?' (Size = 128)], CommandType='Text', CommandTimeout='30']
SELECT TOP(1) [p].[Id], [p].[Nike], [p].[Password], [p].[Role]
FROM [Users] AS [p]
WHERE [p].[Nike] = @__createAccount_Nike_0
2017-11-21 12:12:10.273 +02:00 [Information] Request starting HTTP/1.1 GET http://localhost:17000/api.doc/  
2017-11-21 12:12:10.405 +02:00 [Information] Sending file. Request path: '"/index.html"'. Physical path: '"N/A"'
2017-11-21 12:12:10.489 +02:00 [Information] Request starting HTTP/1.1 GET http://localhost:17000/api.doc/lib/object-assign-pollyfill.js  
2017-11-21 12:12:10.490 +02:00 [Information] Request starting HTTP/1.1 GET http://localhost:17000/api.doc/lib/jquery.slideto.min.js  
2017-11-21 12:12:10.492 +02:00 [Information] Request starting HTTP/1.1 GET http://localhost:17000/api.doc/css/typography.css  
2017-11-21 12:12:10.494 +02:00 [Information] Request finished in 239.4554ms 200 text/html
2017-11-21 12:12:10.494 +02:00 [Information] The file "/lib/jquery.slideto.min.js" was not modified
2017-11-21 12:12:10.495 +02:00 [Information] The file "/lib/object-assign-pollyfill.js" was not modified
2017-11-21 12:12:10.495 +02:00 [Information] The file "/css/typography.css" was not modified
2017-11-21 12:12:10.498 +02:00 [Information] Request finished in 9.0107ms 304 application/javascript
2017-11-21 12:12:10.502 +02:00 [Information] Request finished in 10.3479ms 304 text/css
2017-11-21 12:12:10.502 +02:00 [Information] Request starting HTTP/1.1 GET http://localhost:17000/api.doc/css/reset.css  
2017-11-21 12:12:10.502 +02:00 [Information] Request finished in 13.0799ms 304 application/javascript
2017-11-21 12:12:10.502 +02:00 [Information] The file "/css/reset.css" was not modified
2017-11-21 12:12:10.502 +02:00 [Information] Request finished in 0.5111ms 304 text/css
2017-11-21 12:12:10.510 +02:00 [Information] Request starting HTTP/1.1 GET http://localhost:17000/api.doc/lib/jquery-1.8.0.min.js  
2017-11-21 12:12:10.516 +02:00 [Information] Request starting HTTP/1.1 GET http://localhost:17000/api.doc/lib/jquery.wiggle.min.js  
2017-11-21 12:12:10.516 +02:00 [Information] Request starting HTTP/1.1 GET http://localhost:17000/api.doc/css/screen.css  
2017-11-21 12:12:10.516 +02:00 [Information] Request starting HTTP/1.1 GET http://localhost:17000/api.doc/lib/handlebars-4.0.5.js  
2017-11-21 12:12:10.516 +02:00 [Information] The file "/lib/jquery.wiggle.min.js" was not modified
2017-11-21 12:12:10.517 +02:00 [Information] Request finished in 0.4996ms 304 application/javascript
2017-11-21 12:12:10.517 +02:00 [Information] The file "/lib/handlebars-4.0.5.js" was not modified
2017-11-21 12:12:10.517 +02:00 [Information] The file "/css/screen.css" was not modified
2017-11-21 12:12:10.517 +02:00 [Information] Request finished in 0.5376ms 304 text/css
2017-11-21 12:12:10.517 +02:00 [Information] Request finished in 0.4983ms 304 application/javascript
2017-11-21 12:12:10.522 +02:00 [Information] Request starting HTTP/1.1 GET http://localhost:17000/api.doc/lib/lodash.min.js  
2017-11-21 12:12:10.522 +02:00 [Information] Request starting HTTP/1.1 GET http://localhost:17000/api.doc/lib/jquery.ba-bbq.min.js  
2017-11-21 12:12:10.522 +02:00 [Information] The file "/lib/jquery.ba-bbq.min.js" was not modified
2017-11-21 12:12:10.522 +02:00 [Information] Request finished in 4.9813ms 304 application/javascript
2017-11-21 12:12:10.522 +02:00 [Information] The file "/lib/lodash.min.js" was not modified
2017-11-21 12:12:10.524 +02:00 [Information] Request starting HTTP/1.1 GET http://localhost:17000/api.doc/lib/backbone-min.js  
2017-11-21 12:12:10.524 +02:00 [Information] Request finished in 7.4487ms 304 application/javascript
2017-11-21 12:12:10.524 +02:00 [Information] The file "/lib/backbone-min.js" was not modified
2017-11-21 12:12:10.526 +02:00 [Information] Request starting HTTP/1.1 GET http://localhost:17000/api.doc/lib/highlight.9.1.0.pack.js  
2017-11-21 12:12:10.526 +02:00 [Information] The file "/lib/highlight.9.1.0.pack.js" was not modified
2017-11-21 12:12:10.526 +02:00 [Information] Request finished in 1.8363ms 304 application/javascript
2017-11-21 12:12:10.531 +02:00 [Information] Request finished in 6.5984ms 304 application/javascript
2017-11-21 12:12:10.531 +02:00 [Information] Request starting HTTP/1.1 GET http://localhost:17000/api.doc/lib/highlight.9.1.0.pack_extended.js  
2017-11-21 12:12:10.531 +02:00 [Information] The file "/lib/highlight.9.1.0.pack_extended.js" was not modified
2017-11-21 12:12:10.531 +02:00 [Information] Request finished in 0.5077ms 304 application/javascript
2017-11-21 12:12:10.532 +02:00 [Information] The file "/lib/jquery-1.8.0.min.js" was not modified
2017-11-21 12:12:10.532 +02:00 [Information] Request finished in 22.8616ms 304 application/javascript
2017-11-21 12:12:10.524 +02:00 [Information] Request starting HTTP/1.1 GET http://localhost:17000/api.doc/swagger-ui.min.js  
2017-11-21 12:12:10.537 +02:00 [Information] The file "/swagger-ui.min.js" was not modified
2017-11-21 12:12:10.537 +02:00 [Information] Request finished in 13.5526ms 304 application/javascript
2017-11-21 12:12:10.559 +02:00 [Information] Request starting HTTP/1.1 GET http://localhost:17000/api.doc/lib/marked.js  
2017-11-21 12:12:10.560 +02:00 [Information] The file "/lib/marked.js" was not modified
2017-11-21 12:12:10.560 +02:00 [Information] Request finished in 0.9224ms 304 application/javascript
2017-11-21 12:12:10.574 +02:00 [Information] Request starting HTTP/1.1 GET http://localhost:17000/api.doc/lib/jsoneditor.min.js  
2017-11-21 12:12:10.574 +02:00 [Information] Request starting HTTP/1.1 GET http://localhost:17000/api.doc/lib/swagger-oauth.js  
2017-11-21 12:12:10.574 +02:00 [Information] The file "/lib/jsoneditor.min.js" was not modified
2017-11-21 12:12:10.574 +02:00 [Information] The file "/lib/swagger-oauth.js" was not modified
2017-11-21 12:12:10.575 +02:00 [Information] Request finished in 0.4782ms 304 application/javascript
2017-11-21 12:12:10.591 +02:00 [Information] Request finished in 16.5371ms 304 application/javascript
2017-11-21 12:12:10.602 +02:00 [Information] Request starting HTTP/1.1 GET http://localhost:17000/api.doc/images/logo_small.png  
2017-11-21 12:12:10.603 +02:00 [Information] The file "/images/logo_small.png" was not modified
2017-11-21 12:12:10.603 +02:00 [Information] Request finished in 0.5798ms 304 image/png
2017-11-21 12:12:10.607 +02:00 [Information] Request starting HTTP/1.1 GET http://localhost:17000/api.doc/css/print.css  
2017-11-21 12:12:10.607 +02:00 [Information] The file "/css/print.css" was not modified
2017-11-21 12:12:10.607 +02:00 [Information] Request finished in 0.5529ms 304 text/css
2017-11-21 12:12:10.893 +02:00 [Information] Request starting HTTP/1.1 GET http://localhost:17000/swagger/v1/swagger.json  
2017-11-21 12:12:11.399 +02:00 [Information] Request finished in 506.2577ms 200 application/json
2017-11-21 12:12:14.637 +02:00 [Information] Request starting HTTP/1.1 GET http://localhost:17000/api.doc/images/throbber.gif  
2017-11-21 12:12:14.637 +02:00 [Information] The file "/images/throbber.gif" was not modified
2017-11-21 12:12:14.638 +02:00 [Information] Request finished in 0.6604ms 304 image/gif
2017-11-21 12:12:37.159 +02:00 [Information] Request starting HTTP/1.1 POST http://localhost:17000/api/Account/api/Account/Register application/json 97
2017-11-21 12:12:37.476 +02:00 [Information] Executing action method "WebApi.Controllers.AccountController.Register (WebApi)" with arguments (["Common.DTO.AccountDTO.CreateAccount"]) - ModelState is Valid
2017-11-21 12:12:48.119 +02:00 [Information] Executed DbCommand (2ms) [Parameters=[@__createAccount_Nike_0='?' (Size = 4000)], CommandType='Text', CommandTimeout='30']
SELECT TOP(1) [p].[Id], [p].[Nike], [p].[Password], [p].[Role]
FROM [Users] AS [p]
WHERE [p].[Nike] = @__createAccount_Nike_0
2017-11-21 12:22:18.017 +02:00 [Information] Request starting HTTP/1.1 GET http://localhost:17000/api.doc/  
2017-11-21 12:22:18.117 +02:00 [Information] Sending file. Request path: '"/index.html"'. Physical path: '"N/A"'
2017-11-21 12:22:18.233 +02:00 [Information] Request starting HTTP/1.1 GET http://localhost:17000/api.doc/css/reset.css  
2017-11-21 12:22:18.241 +02:00 [Information] Request finished in 245.2734ms 200 text/html
2017-11-21 12:22:18.245 +02:00 [Information] The file "/css/reset.css" was not modified
2017-11-21 12:22:18.257 +02:00 [Information] Request starting HTTP/1.1 GET http://localhost:17000/api.doc/css/typography.css  
2017-11-21 12:22:18.257 +02:00 [Information] Request finished in 20.7027ms 304 text/css
2017-11-21 12:22:18.257 +02:00 [Information] Request starting HTTP/1.1 GET http://localhost:17000/api.doc/css/screen.css  
2017-11-21 12:22:18.257 +02:00 [Information] The file "/css/screen.css" was not modified
2017-11-21 12:22:18.257 +02:00 [Information] Request finished in 1.0338ms 304 text/css
2017-11-21 12:22:18.281 +02:00 [Information] The file "/css/typography.css" was not modified
2017-11-21 12:22:18.285 +02:00 [Information] Request finished in 32.1792ms 304 text/css
2017-11-21 12:22:18.293 +02:00 [Information] Request starting HTTP/1.1 GET http://localhost:17000/api.doc/lib/jquery-1.8.0.min.js  
2017-11-21 12:22:18.301 +02:00 [Information] The file "/lib/jquery-1.8.0.min.js" was not modified
2017-11-21 12:22:18.305 +02:00 [Information] Request finished in 13.4494ms 304 application/javascript
2017-11-21 12:22:18.313 +02:00 [Information] Request starting HTTP/1.1 GET http://localhost:17000/api.doc/lib/object-assign-pollyfill.js  
2017-11-21 12:22:18.313 +02:00 [Information] Request starting HTTP/1.1 GET http://localhost:17000/api.doc/lib/jquery.slideto.min.js  
2017-11-21 12:22:18.313 +02:00 [Information] The file "/lib/object-assign-pollyfill.js" was not modified
2017-11-21 12:22:18.329 +02:00 [Information] The file "/lib/jquery.slideto.min.js" was not modified
2017-11-21 12:22:18.345 +02:00 [Information] Request finished in 24.9066ms 304 application/javascript
2017-11-21 12:22:18.357 +02:00 [Information] Request starting HTTP/1.1 GET http://localhost:17000/api.doc/lib/jquery.ba-bbq.min.js  
2017-11-21 12:22:18.361 +02:00 [Information] The file "/lib/jquery.ba-bbq.min.js" was not modified
2017-11-21 12:22:18.361 +02:00 [Information] Request finished in 53.3342ms 304 application/javascript
2017-11-21 12:22:18.361 +02:00 [Information] Request starting HTTP/1.1 GET http://localhost:17000/api.doc/lib/jquery.wiggle.min.js  
2017-11-21 12:22:18.369 +02:00 [Information] Request finished in 17.3657ms 304 application/javascript
2017-11-21 12:22:18.373 +02:00 [Information] Request starting HTTP/1.1 GET http://localhost:17000/api.doc/lib/handlebars-4.0.5.js  
2017-11-21 12:22:18.373 +02:00 [Information] The file "/lib/handlebars-4.0.5.js" was not modified
2017-11-21 12:22:18.373 +02:00 [Information] Request finished in 2.0693ms 304 application/javascript
2017-11-21 12:22:18.377 +02:00 [Information] Request starting HTTP/1.1 GET http://localhost:17000/api.doc/lib/lodash.min.js  
2017-11-21 12:22:18.377 +02:00 [Information] The file "/lib/lodash.min.js" was not modified
2017-11-21 12:22:18.377 +02:00 [Information] Request finished in 2.9533ms 304 application/javascript
2017-11-21 12:22:18.385 +02:00 [Information] The file "/lib/jquery.wiggle.min.js" was not modified
2017-11-21 12:22:18.433 +02:00 [Information] Request finished in 22.3667ms 304 application/javascript
2017-11-21 12:22:18.457 +02:00 [Information] Request starting HTTP/1.1 GET http://localhost:17000/api.doc/swagger-ui.min.js  
2017-11-21 12:22:18.461 +02:00 [Information] Request starting HTTP/1.1 GET http://localhost:17000/api.doc/lib/backbone-min.js  
2017-11-21 12:22:18.461 +02:00 [Information] The file "/swagger-ui.min.js" was not modified
2017-11-21 12:22:18.461 +02:00 [Information] The file "/lib/backbone-min.js" was not modified
2017-11-21 12:22:18.465 +02:00 [Information] Request finished in 80.7749ms 304 application/javascript
2017-11-21 12:22:18.533 +02:00 [Information] Request finished in 25.8564ms 304 application/javascript
2017-11-21 12:22:18.577 +02:00 [Information] Request starting HTTP/1.1 GET http://localhost:17000/api.doc/lib/highlight.9.1.0.pack_extended.js  
2017-11-21 12:22:18.577 +02:00 [Information] Request starting HTTP/1.1 GET http://localhost:17000/api.doc/lib/jsoneditor.min.js  
2017-11-21 12:22:18.577 +02:00 [Information] The file "/lib/jsoneditor.min.js" was not modified
2017-11-21 12:22:18.581 +02:00 [Information] Request finished in 69.7012ms 304 application/javascript
2017-11-21 12:22:18.581 +02:00 [Information] Request starting HTTP/1.1 GET http://localhost:17000/api.doc/lib/highlight.9.1.0.pack.js  
2017-11-21 12:22:18.629 +02:00 [Information] Request starting HTTP/1.1 GET http://localhost:17000/api.doc/lib/swagger-oauth.js  
2017-11-21 12:22:18.629 +02:00 [Information] Request starting HTTP/1.1 GET http://localhost:17000/api.doc/lib/marked.js  
2017-11-21 12:22:18.669 +02:00 [Information] The file "/lib/swagger-oauth.js" was not modified
2017-11-21 12:22:18.681 +02:00 [Information] The file "/lib/highlight.9.1.0.pack_extended.js" was not modified
2017-11-21 12:22:18.681 +02:00 [Information] The file "/lib/highlight.9.1.0.pack.js" was not modified
2017-11-21 12:22:18.685 +02:00 [Information] Request finished in 147.5492ms 304 application/javascript
2017-11-21 12:22:18.677 +02:00 [Information] Request finished in 149.4286ms 304 application/javascript
2017-11-21 12:22:18.697 +02:00 [Information] Request finished in 211.1832ms 304 application/javascript
2017-11-21 12:22:18.709 +02:00 [Information] Request starting HTTP/1.1 GET http://localhost:17000/api.doc/images/logo_small.png  
2017-11-21 12:22:18.713 +02:00 [Information] The file "/lib/marked.js" was not modified
2017-11-21 12:22:18.713 +02:00 [Information] The file "/images/logo_small.png" was not modified
2017-11-21 12:22:18.717 +02:00 [Information] Request finished in 202.1254ms 304 application/javascript
2017-11-21 12:22:18.717 +02:00 [Information] Request finished in 16.4749ms 304 image/png
2017-11-21 12:22:18.717 +02:00 [Information] Request starting HTTP/1.1 GET http://localhost:17000/api.doc/css/print.css  
2017-11-21 12:22:18.721 +02:00 [Information] The file "/css/print.css" was not modified
2017-11-21 12:22:18.725 +02:00 [Information] Request finished in 5.9097ms 304 text/css
2017-11-21 12:22:18.777 +02:00 [Information] Request starting HTTP/1.1 GET http://localhost:17000/swagger/v1/swagger.json  
2017-11-21 12:22:19.150 +02:00 [Information] Request finished in 372.2176ms 200 application/json
2017-11-21 12:22:35.262 +02:00 [Information] Request starting HTTP/1.1 GET http://localhost:17000/api.doc/images/throbber.gif  
2017-11-21 12:22:35.263 +02:00 [Information] The file "/images/throbber.gif" was not modified
2017-11-21 12:22:35.264 +02:00 [Information] Request finished in 1.6533ms 304 image/gif
2017-11-21 12:23:06.881 +02:00 [Information] Request starting HTTP/1.1 POST http://localhost:17000/api/Account/api/Account/Register application/json 98
2017-11-21 12:23:07.170 +02:00 [Information] Executing action method "WebApi.Controllers.AccountController.Register (WebApi)" with arguments (["Common.DTO.AccountDTO.CreateAccount"]) - ModelState is Valid
2017-11-21 12:23:18.210 +02:00 [Information] Executed DbCommand (4ms) [Parameters=[@__createAccount_Nike_0='?' (Size = 4000)], CommandType='Text', CommandTimeout='30']
SELECT TOP(1) [p].[Id], [p].[Nike], [p].[Password], [p].[Role]
FROM [Users] AS [p]
WHERE [p].[Nike] = @__createAccount_Nike_0
2017-11-21 12:24:08.132 +02:00 [Information] Executing ObjectResult, writing value "Microsoft.AspNetCore.Mvc.ControllerContext".
2017-11-21 12:24:08.147 +02:00 [Information] Executed action "WebApi.Controllers.AccountController.Register (WebApi)" in 61154.0221ms
2017-11-21 12:24:08.150 +02:00 [Information] Request finished in 61271.9717ms 400 text/plain; charset=utf-8
2017-11-21 12:47:27.061 +02:00 [Information] Request starting HTTP/1.1 GET http://localhost:17000/api.doc/  
2017-11-21 12:47:27.149 +02:00 [Information] Sending file. Request path: '"/index.html"'. Physical path: '"N/A"'
2017-11-21 12:47:27.221 +02:00 [Information] Request starting HTTP/1.1 GET http://localhost:17000/api.doc/css/reset.css  
2017-11-21 12:47:27.225 +02:00 [Information] Request finished in 185.2384ms 200 text/html
2017-11-21 12:47:27.233 +02:00 [Information] Request starting HTTP/1.1 GET http://localhost:17000/api.doc/css/typography.css  
2017-11-21 12:47:27.233 +02:00 [Information] The file "/css/reset.css" was not modified
2017-11-21 12:47:27.233 +02:00 [Information] The file "/css/typography.css" was not modified
2017-11-21 12:47:27.261 +02:00 [Information] Request finished in 14.967ms 304 text/css
2017-11-21 12:47:27.261 +02:00 [Information] Request finished in 7.0493ms 304 text/css
2017-11-21 12:47:27.261 +02:00 [Information] Request starting HTTP/1.1 GET http://localhost:17000/api.doc/css/screen.css  
2017-11-21 12:47:27.261 +02:00 [Information] The file "/css/screen.css" was not modified
2017-11-21 12:47:27.265 +02:00 [Information] Request finished in 1.661ms 304 text/css
2017-11-21 12:47:27.269 +02:00 [Information] Request starting HTTP/1.1 GET http://localhost:17000/api.doc/lib/jquery-1.8.0.min.js  
2017-11-21 12:47:27.269 +02:00 [Information] The file "/lib/jquery-1.8.0.min.js" was not modified
2017-11-21 12:47:27.273 +02:00 [Information] Request finished in 2.7865ms 304 application/javascript
2017-11-21 12:47:27.273 +02:00 [Information] Request starting HTTP/1.1 GET http://localhost:17000/api.doc/lib/object-assign-pollyfill.js  
2017-11-21 12:47:27.273 +02:00 [Information] Request starting HTTP/1.1 GET http://localhost:17000/api.doc/lib/jquery.slideto.min.js  
2017-11-21 12:47:27.273 +02:00 [Information] The file "/lib/object-assign-pollyfill.js" was not modified
2017-11-21 12:47:27.277 +02:00 [Information] The file "/lib/jquery.slideto.min.js" was not modified
2017-11-21 12:47:27.277 +02:00 [Information] Request finished in 13.4284ms 304 application/javascript
2017-11-21 12:47:27.281 +02:00 [Information] Request starting HTTP/1.1 GET http://localhost:17000/api.doc/lib/jquery.wiggle.min.js  
2017-11-21 12:47:27.285 +02:00 [Information] The file "/lib/jquery.wiggle.min.js" was not modified
2017-11-21 12:47:27.285 +02:00 [Information] Request finished in 3.5387ms 304 application/javascript
2017-11-21 12:47:27.289 +02:00 [Information] Request starting HTTP/1.1 GET http://localhost:17000/api.doc/lib/handlebars-4.0.5.js  
2017-11-21 12:47:27.289 +02:00 [Information] Request finished in 4.043ms 304 application/javascript
2017-11-21 12:47:27.289 +02:00 [Information] Request starting HTTP/1.1 GET http://localhost:17000/api.doc/lib/jquery.ba-bbq.min.js  
2017-11-21 12:47:27.301 +02:00 [Information] The file "/lib/handlebars-4.0.5.js" was not modified
2017-11-21 12:47:27.301 +02:00 [Information] The file "/lib/jquery.ba-bbq.min.js" was not modified
2017-11-21 12:47:27.305 +02:00 [Information] Request finished in 13.742ms 304 application/javascript
2017-11-21 12:47:27.305 +02:00 [Information] Request starting HTTP/1.1 GET http://localhost:17000/api.doc/lib/lodash.min.js  
2017-11-21 12:47:27.313 +02:00 [Information] The file "/lib/lodash.min.js" was not modified
2017-11-21 12:47:27.321 +02:00 [Information] Request finished in 14.1627ms 304 application/javascript
2017-11-21 12:47:27.321 +02:00 [Information] Request finished in 9.847ms 304 application/javascript
2017-11-21 12:47:27.325 +02:00 [Information] Request starting HTTP/1.1 GET http://localhost:17000/api.doc/lib/backbone-min.js  
2017-11-21 12:47:27.325 +02:00 [Information] Request starting HTTP/1.1 GET http://localhost:17000/api.doc/swagger-ui.min.js  
2017-11-21 12:47:27.329 +02:00 [Information] The file "/swagger-ui.min.js" was not modified
2017-11-21 12:47:27.329 +02:00 [Information] Request finished in 6.5809ms 304 application/javascript
2017-11-21 12:47:27.329 +02:00 [Information] The file "/lib/backbone-min.js" was not modified
2017-11-21 12:47:27.333 +02:00 [Information] Request finished in 10.0949ms 304 application/javascript
2017-11-21 12:47:27.345 +02:00 [Information] Request starting HTTP/1.1 GET http://localhost:17000/api.doc/lib/highlight.9.1.0.pack.js  
2017-11-21 12:47:27.345 +02:00 [Information] Request starting HTTP/1.1 GET http://localhost:17000/api.doc/lib/highlight.9.1.0.pack_extended.js  
2017-11-21 12:47:27.345 +02:00 [Information] The file "/lib/highlight.9.1.0.pack_extended.js" was not modified
2017-11-21 12:47:27.369 +02:00 [Information] The file "/lib/highlight.9.1.0.pack.js" was not modified
2017-11-21 12:47:27.369 +02:00 [Information] Request finished in 35.1398ms 304 application/javascript
2017-11-21 12:47:27.373 +02:00 [Information] Request starting HTTP/1.1 GET http://localhost:17000/api.doc/lib/marked.js  
2017-11-21 12:47:27.381 +02:00 [Information] The file "/lib/marked.js" was not modified
2017-11-21 12:47:27.433 +02:00 [Information] Request finished in 11.6399ms 304 application/javascript
2017-11-21 12:47:27.433 +02:00 [Information] Request starting HTTP/1.1 GET http://localhost:17000/api.doc/lib/swagger-oauth.js  
2017-11-21 12:47:27.433 +02:00 [Information] Request finished in 13.1665ms 304 application/javascript
2017-11-21 12:47:27.457 +02:00 [Information] The file "/lib/swagger-oauth.js" was not modified
2017-11-21 12:47:27.461 +02:00 [Information] Request starting HTTP/1.1 GET http://localhost:17000/api.doc/lib/jsoneditor.min.js  
2017-11-21 12:47:27.461 +02:00 [Information] The file "/lib/jsoneditor.min.js" was not modified
2017-11-21 12:47:27.477 +02:00 [Information] Request finished in 26.5583ms 304 application/javascript
2017-11-21 12:47:27.493 +02:00 [Information] Request starting HTTP/1.1 GET http://localhost:17000/api.doc/images/logo_small.png  
2017-11-21 12:47:27.493 +02:00 [Information] Request finished in 28.1779ms 304 application/javascript
2017-11-21 12:47:27.493 +02:00 [Information] The file "/images/logo_small.png" was not modified
2017-11-21 12:47:27.497 +02:00 [Information] Request finished in 16.2718ms 304 image/png
2017-11-21 12:47:27.497 +02:00 [Information] Request starting HTTP/1.1 GET http://localhost:17000/api.doc/css/print.css  
2017-11-21 12:47:27.497 +02:00 [Information] The file "/css/print.css" was not modified
2017-11-21 12:47:27.501 +02:00 [Information] Request finished in 1.7378ms 304 text/css
2017-11-21 12:47:27.673 +02:00 [Information] Request starting HTTP/1.1 GET http://localhost:17000/swagger/v1/swagger.json  
2017-11-21 12:47:27.976 +02:00 [Information] Request finished in 307.6206ms 200 application/json
2017-11-21 12:47:29.658 +02:00 [Information] Request starting HTTP/1.1 GET http://localhost:17000/api.doc/images/throbber.gif  
2017-11-21 12:47:29.659 +02:00 [Information] The file "/images/throbber.gif" was not modified
2017-11-21 12:47:29.660 +02:00 [Information] Request finished in 1.7642ms 304 image/gif
2017-11-21 12:47:56.179 +02:00 [Information] Request starting HTTP/1.1 POST http://localhost:17000/api/Account/api/Account/Register application/json 95
2017-11-21 12:47:56.476 +02:00 [Information] Executing action method "WebApi.Controllers.AccountController.Register (WebApi)" with arguments (["Common.DTO.AccountDTO.CreateAccount"]) - ModelState is Valid
2017-11-21 12:48:20.355 +02:00 [Information] Executed DbCommand (3ms) [Parameters=[@__createAccount_Nike_0='?' (Size = 4000)], CommandType='Text', CommandTimeout='30']
SELECT TOP(1) [p].[Id], [p].[Nike], [p].[Password], [p].[Role]
FROM [Users] AS [p]
WHERE [p].[Nike] = @__createAccount_Nike_0
2017-11-21 12:54:54.171 +02:00 [Information] Request starting HTTP/1.1 GET http://localhost:17000/api.doc/  
2017-11-21 12:54:54.387 +02:00 [Information] Sending file. Request path: '"/index.html"'. Physical path: '"N/A"'
2017-11-21 12:54:54.531 +02:00 [Information] Request starting HTTP/1.1 GET http://localhost:17000/api.doc/css/reset.css  
2017-11-21 12:54:54.547 +02:00 [Information] The file "/css/reset.css" was not modified
2017-11-21 12:54:54.555 +02:00 [Information] Request finished in 454.9983ms 200 text/html
2017-11-21 12:54:54.555 +02:00 [Information] Request finished in 20.3669ms 304 text/css
2017-11-21 12:54:54.563 +02:00 [Information] Request starting HTTP/1.1 GET http://localhost:17000/api.doc/css/typography.css  
2017-11-21 12:54:54.567 +02:00 [Information] The file "/css/typography.css" was not modified
2017-11-21 12:54:54.571 +02:00 [Information] Request starting HTTP/1.1 GET http://localhost:17000/api.doc/css/screen.css  
2017-11-21 12:54:54.575 +02:00 [Information] Request finished in 4.2773ms 304 text/css
2017-11-21 12:54:54.579 +02:00 [Information] Request starting HTTP/1.1 GET http://localhost:17000/api.doc/lib/object-assign-pollyfill.js  
2017-11-21 12:54:54.583 +02:00 [Information] The file "/lib/object-assign-pollyfill.js" was not modified
2017-11-21 12:54:54.591 +02:00 [Information] The file "/css/screen.css" was not modified
2017-11-21 12:54:54.599 +02:00 [Information] Request finished in 5.4144ms 304 application/javascript
2017-11-21 12:54:54.603 +02:00 [Information] Request starting HTTP/1.1 GET http://localhost:17000/api.doc/lib/jquery-1.8.0.min.js  
2017-11-21 12:54:54.603 +02:00 [Information] The file "/lib/jquery-1.8.0.min.js" was not modified
2017-11-21 12:54:54.611 +02:00 [Information] Request finished in 3.4619ms 304 application/javascript
2017-11-21 12:54:54.611 +02:00 [Information] Request starting HTTP/1.1 GET http://localhost:17000/api.doc/lib/jquery.wiggle.min.js  
2017-11-21 12:54:54.615 +02:00 [Information] The file "/lib/jquery.wiggle.min.js" was not modified
2017-11-21 12:54:54.615 +02:00 [Information] Request finished in 27.5196ms 304 text/css
2017-11-21 12:54:54.619 +02:00 [Information] Request starting HTTP/1.1 GET http://localhost:17000/api.doc/lib/jquery.slideto.min.js  
2017-11-21 12:54:54.619 +02:00 [Information] The file "/lib/jquery.slideto.min.js" was not modified
2017-11-21 12:54:54.623 +02:00 [Information] Request finished in 2.8812ms 304 application/javascript
2017-11-21 12:54:54.623 +02:00 [Information] Request starting HTTP/1.1 GET http://localhost:17000/api.doc/lib/jquery.ba-bbq.min.js  
2017-11-21 12:54:54.627 +02:00 [Information] The file "/lib/jquery.ba-bbq.min.js" was not modified
2017-11-21 12:54:54.627 +02:00 [Information] Request finished in 4.6562ms 304 application/javascript
2017-11-21 12:54:54.639 +02:00 [Information] Request finished in 3.5579ms 304 application/javascript
2017-11-21 12:54:54.643 +02:00 [Information] Request starting HTTP/1.1 GET http://localhost:17000/api.doc/lib/handlebars-4.0.5.js  
2017-11-21 12:54:54.643 +02:00 [Information] The file "/lib/handlebars-4.0.5.js" was not modified
2017-11-21 12:54:54.647 +02:00 [Information] Request finished in 3.7111ms 304 application/javascript
2017-11-21 12:54:54.647 +02:00 [Information] Request starting HTTP/1.1 GET http://localhost:17000/api.doc/lib/backbone-min.js  
2017-11-21 12:54:54.651 +02:00 [Information] The file "/lib/backbone-min.js" was not modified
2017-11-21 12:54:54.719 +02:00 [Information] Request starting HTTP/1.1 GET http://localhost:17000/api.doc/lib/lodash.min.js  
2017-11-21 12:54:54.719 +02:00 [Information] The file "/lib/lodash.min.js" was not modified
2017-11-21 12:54:54.723 +02:00 [Information] Request finished in 82.5473ms 304 application/javascript
2017-11-21 12:54:54.723 +02:00 [Information] Request finished in 5.3013ms 304 application/javascript
2017-11-21 12:54:54.723 +02:00 [Information] Request starting HTTP/1.1 GET http://localhost:17000/api.doc/lib/highlight.9.1.0.pack.js  
2017-11-21 12:54:54.727 +02:00 [Information] The file "/lib/highlight.9.1.0.pack.js" was not modified
2017-11-21 12:54:54.731 +02:00 [Information] Request starting HTTP/1.1 GET http://localhost:17000/api.doc/swagger-ui.min.js  
2017-11-21 12:54:54.731 +02:00 [Information] The file "/swagger-ui.min.js" was not modified
2017-11-21 12:54:54.739 +02:00 [Information] Request finished in 5.6243ms 304 application/javascript
2017-11-21 12:54:54.739 +02:00 [Information] Request starting HTTP/1.1 GET http://localhost:17000/api.doc/lib/highlight.9.1.0.pack_extended.js  
2017-11-21 12:54:54.743 +02:00 [Information] The file "/lib/highlight.9.1.0.pack_extended.js" was not modified
2017-11-21 12:54:54.743 +02:00 [Information] Request finished in 8.983ms 304 application/javascript
2017-11-21 12:54:54.751 +02:00 [Information] Request starting HTTP/1.1 GET http://localhost:17000/api.doc/lib/jsoneditor.min.js  
2017-11-21 12:54:54.759 +02:00 [Information] Request finished in 3.1432ms 304 application/javascript
2017-11-21 12:54:54.759 +02:00 [Information] Request starting HTTP/1.1 GET http://localhost:17000/api.doc/lib/marked.js  
2017-11-21 12:54:54.759 +02:00 [Information] The file "/lib/marked.js" was not modified
2017-11-21 12:54:54.763 +02:00 [Information] Request finished in 5.6379ms 304 application/javascript
2017-11-21 12:54:54.783 +02:00 [Information] Request starting HTTP/1.1 GET http://localhost:17000/api.doc/lib/swagger-oauth.js  
2017-11-21 12:54:54.787 +02:00 [Information] The file "/lib/jsoneditor.min.js" was not modified
2017-11-21 12:54:54.791 +02:00 [Information] The file "/lib/swagger-oauth.js" was not modified
2017-11-21 12:54:54.791 +02:00 [Information] Request finished in 26.6146ms 304 application/javascript
2017-11-21 12:54:54.815 +02:00 [Information] Request finished in 41.3547ms 304 application/javascript
2017-11-21 12:54:54.819 +02:00 [Information] Request starting HTTP/1.1 GET http://localhost:17000/api.doc/images/logo_small.png  
2017-11-21 12:54:54.819 +02:00 [Information] The file "/images/logo_small.png" was not modified
2017-11-21 12:54:54.819 +02:00 [Information] Request finished in 1.9571ms 304 image/png
2017-11-21 12:54:54.823 +02:00 [Information] Request starting HTTP/1.1 GET http://localhost:17000/api.doc/css/print.css  
2017-11-21 12:54:54.823 +02:00 [Information] The file "/css/print.css" was not modified
2017-11-21 12:54:54.823 +02:00 [Information] Request finished in 1.5065ms 304 text/css
2017-11-21 12:54:55.017 +02:00 [Information] Request starting HTTP/1.1 GET http://localhost:17000/swagger/v1/swagger.json  
2017-11-21 12:54:55.399 +02:00 [Information] Request finished in 382.3544ms 200 application/json
2017-11-21 12:55:01.811 +02:00 [Information] Request starting HTTP/1.1 GET http://localhost:17000/api.doc/images/throbber.gif  
2017-11-21 12:55:01.812 +02:00 [Information] The file "/images/throbber.gif" was not modified
2017-11-21 12:55:01.812 +02:00 [Information] Request finished in 1.4946ms 304 image/gif
2017-11-21 12:55:28.908 +02:00 [Information] Request starting HTTP/1.1 POST http://localhost:17000/api/Account/api/Account/Register application/json 98
2017-11-21 12:55:29.190 +02:00 [Information] Executing action method "WebApi.Controllers.AccountController.Register (WebApi)" with arguments (["Common.DTO.AccountDTO.CreateAccount"]) - ModelState is Valid
2017-11-21 12:55:43.630 +02:00 [Information] Executed DbCommand (2ms) [Parameters=[@__createAccount_Nike_0='?' (Size = 4000)], CommandType='Text', CommandTimeout='30']
SELECT TOP(1) [p].[Id], [p].[Nike], [p].[Password], [p].[Role]
FROM [Users] AS [p]
WHERE [p].[Nike] = @__createAccount_Nike_0
2017-11-21 12:56:49.399 +02:00 [Information] Request starting HTTP/1.1 GET http://localhost:17000/api.doc/  
2017-11-21 12:56:49.499 +02:00 [Information] Sending file. Request path: '"/index.html"'. Physical path: '"N/A"'
2017-11-21 12:56:49.567 +02:00 [Information] Request starting HTTP/1.1 GET http://localhost:17000/api.doc/css/reset.css  
2017-11-21 12:56:49.571 +02:00 [Information] The file "/css/reset.css" was not modified
2017-11-21 12:56:49.571 +02:00 [Information] Request finished in 215.3474ms 200 text/html
2017-11-21 12:56:49.575 +02:00 [Information] Request finished in 9.4263ms 304 text/css
2017-11-21 12:56:49.583 +02:00 [Information] Request starting HTTP/1.1 GET http://localhost:17000/api.doc/css/typography.css  
2017-11-21 12:56:49.583 +02:00 [Information] The file "/css/typography.css" was not modified
2017-11-21 12:56:49.607 +02:00 [Information] Request finished in 1.2155ms 304 text/css
2017-11-21 12:56:49.607 +02:00 [Information] Request starting HTTP/1.1 GET http://localhost:17000/api.doc/css/screen.css  
2017-11-21 12:56:49.607 +02:00 [Information] Request starting HTTP/1.1 GET http://localhost:17000/api.doc/lib/object-assign-pollyfill.js  
2017-11-21 12:56:49.607 +02:00 [Information] The file "/lib/object-assign-pollyfill.js" was not modified
2017-11-21 12:56:49.615 +02:00 [Information] Request finished in 2.2037ms 304 application/javascript
2017-11-21 12:56:49.619 +02:00 [Information] Request starting HTTP/1.1 GET http://localhost:17000/api.doc/lib/jquery-1.8.0.min.js  
2017-11-21 12:56:49.619 +02:00 [Information] The file "/css/screen.css" was not modified
2017-11-21 12:56:49.619 +02:00 [Information] Request finished in 34.8766ms 304 text/css
2017-11-21 12:56:49.623 +02:00 [Information] Request starting HTTP/1.1 GET http://localhost:17000/api.doc/lib/jquery.slideto.min.js  
2017-11-21 12:56:49.623 +02:00 [Information] The file "/lib/jquery.slideto.min.js" was not modified
2017-11-21 12:56:49.627 +02:00 [Information] The file "/lib/jquery-1.8.0.min.js" was not modified
2017-11-21 12:56:49.635 +02:00 [Information] Request finished in 12.9839ms 304 application/javascript
2017-11-21 12:56:49.639 +02:00 [Information] Request starting HTTP/1.1 GET http://localhost:17000/api.doc/lib/jquery.ba-bbq.min.js  
2017-11-21 12:56:49.639 +02:00 [Information] The file "/lib/jquery.ba-bbq.min.js" was not modified
2017-11-21 12:56:49.659 +02:00 [Information] Request finished in 4.1877ms 304 application/javascript
2017-11-21 12:56:49.663 +02:00 [Information] Request finished in 3.1377ms 304 application/javascript
2017-11-21 12:56:49.663 +02:00 [Information] Request starting HTTP/1.1 GET http://localhost:17000/api.doc/lib/handlebars-4.0.5.js  
2017-11-21 12:56:49.667 +02:00 [Information] The file "/lib/handlebars-4.0.5.js" was not modified
2017-11-21 12:56:49.675 +02:00 [Information] Request finished in 9.8892ms 304 application/javascript
2017-11-21 12:56:49.679 +02:00 [Information] Request starting HTTP/1.1 GET http://localhost:17000/api.doc/lib/lodash.min.js  
2017-11-21 12:56:49.679 +02:00 [Information] The file "/lib/lodash.min.js" was not modified
2017-11-21 12:56:49.679 +02:00 [Information] Request finished in 1.3798ms 304 application/javascript
2017-11-21 12:56:49.683 +02:00 [Information] Request starting HTTP/1.1 GET http://localhost:17000/api.doc/lib/jquery.wiggle.min.js  
2017-11-21 12:56:49.683 +02:00 [Information] Request starting HTTP/1.1 GET http://localhost:17000/api.doc/lib/backbone-min.js  
2017-11-21 12:56:49.683 +02:00 [Information] The file "/lib/backbone-min.js" was not modified
2017-11-21 12:56:49.683 +02:00 [Information] The file "/lib/jquery.wiggle.min.js" was not modified
2017-11-21 12:56:49.687 +02:00 [Information] Request finished in 3.1257ms 304 application/javascript
2017-11-21 12:56:49.687 +02:00 [Information] Request finished in 22.9448ms 304 application/javascript
2017-11-21 12:56:49.687 +02:00 [Information] Request starting HTTP/1.1 GET http://localhost:17000/api.doc/lib/highlight.9.1.0.pack.js  
2017-11-21 12:56:49.687 +02:00 [Information] The file "/lib/highlight.9.1.0.pack.js" was not modified
2017-11-21 12:56:49.691 +02:00 [Information] Request finished in 1.3819ms 304 application/javascript
2017-11-21 12:56:49.691 +02:00 [Information] Request starting HTTP/1.1 GET http://localhost:17000/api.doc/swagger-ui.min.js  
2017-11-21 12:56:49.695 +02:00 [Information] The file "/swagger-ui.min.js" was not modified
2017-11-21 12:56:49.699 +02:00 [Information] Request finished in 7.2495ms 304 application/javascript
2017-11-21 12:56:49.699 +02:00 [Information] Request starting HTTP/1.1 GET http://localhost:17000/api.doc/lib/jsoneditor.min.js  
2017-11-21 12:56:49.703 +02:00 [Information] Request starting HTTP/1.1 GET http://localhost:17000/api.doc/lib/highlight.9.1.0.pack_extended.js  
2017-11-21 12:56:49.703 +02:00 [Information] The file "/lib/jsoneditor.min.js" was not modified
2017-11-21 12:56:49.703 +02:00 [Information] The file "/lib/highlight.9.1.0.pack_extended.js" was not modified
2017-11-21 12:56:49.715 +02:00 [Information] Request finished in 4.2688ms 304 application/javascript
2017-11-21 12:56:49.715 +02:00 [Information] Request finished in 8.0431ms 304 application/javascript
2017-11-21 12:56:49.719 +02:00 [Information] Request starting HTTP/1.1 GET http://localhost:17000/api.doc/lib/marked.js  
2017-11-21 12:56:49.719 +02:00 [Information] The file "/lib/marked.js" was not modified
2017-11-21 12:56:49.723 +02:00 [Information] Request starting HTTP/1.1 GET http://localhost:17000/api.doc/lib/swagger-oauth.js  
2017-11-21 12:56:49.727 +02:00 [Information] The file "/lib/swagger-oauth.js" was not modified
2017-11-21 12:56:49.727 +02:00 [Information] Request finished in 10.5557ms 304 application/javascript
2017-11-21 12:56:49.727 +02:00 [Information] Request finished in 4.6263ms 304 application/javascript
2017-11-21 12:56:49.731 +02:00 [Information] Request starting HTTP/1.1 GET http://localhost:17000/api.doc/images/logo_small.png  
2017-11-21 12:56:49.731 +02:00 [Information] The file "/images/logo_small.png" was not modified
2017-11-21 12:56:49.731 +02:00 [Information] Request finished in 1.8619ms 304 image/png
2017-11-21 12:56:49.731 +02:00 [Information] Request starting HTTP/1.1 GET http://localhost:17000/api.doc/css/print.css  
2017-11-21 12:56:49.735 +02:00 [Information] The file "/css/print.css" was not modified
2017-11-21 12:56:49.735 +02:00 [Information] Request finished in 1.9238ms 304 text/css
2017-11-21 12:56:50.003 +02:00 [Information] Request starting HTTP/1.1 GET http://localhost:17000/swagger/v1/swagger.json  
2017-11-21 12:56:50.407 +02:00 [Information] Request finished in 405.7788ms 200 application/json
2017-11-21 12:56:52.323 +02:00 [Information] Request starting HTTP/1.1 GET http://localhost:17000/api.doc/images/throbber.gif  
2017-11-21 12:56:52.324 +02:00 [Information] The file "/images/throbber.gif" was not modified
2017-11-21 12:56:52.325 +02:00 [Information] Request finished in 1.6046ms 304 image/gif
2017-11-21 12:57:20.052 +02:00 [Information] Request starting HTTP/1.1 POST http://localhost:17000/api/Account/api/Account/Register application/json 96
2017-11-21 12:57:20.341 +02:00 [Information] Executing action method "WebApi.Controllers.AccountController.Register (WebApi)" with arguments (["Common.DTO.AccountDTO.CreateAccount"]) - ModelState is Valid
2017-11-21 12:57:29.907 +02:00 [Information] Executed DbCommand (2ms) [Parameters=[@__createAccount_Nike_0='?' (Size = 4000)], CommandType='Text', CommandTimeout='30']
SELECT TOP(1) [p].[Id], [p].[Nike], [p].[Password], [p].[Role]
FROM [Users] AS [p]
WHERE [p].[Nike] = @__createAccount_Nike_0
2017-11-21 12:57:43.607 +02:00 [Information] Executed DbCommand (255ms) [Parameters=[@p0='?' (Size = 450), @p1='?', @p2='?' (Size = 450), @p3='?' (Size = 4000), @p4='?' (Size = 450), @p5='?' (Size = 4000), @p6='?' (Size = 4000), @p7='?'], CommandType='Text', CommandTimeout='30']
SET NOCOUNT ON;
INSERT INTO [Tokens] ([Id], [ExpirationDateTime], [UserId], [UsserId])
VALUES (@p0, @p1, @p2, @p3);
INSERT INTO [Users] ([Id], [Nike], [Password], [Role])
VALUES (@p4, @p5, @p6, @p7);
2017-11-21 12:57:52.492 +02:00 [Information] Executing ObjectResult, writing value "Microsoft.AspNetCore.Mvc.ControllerContext".
2017-11-21 12:58:02.842 +02:00 [Information] Executed action "WebApi.Controllers.AccountController.Register (WebApi)" in 42665.1255ms
2017-11-21 12:58:02.851 +02:00 [Information] Request finished in 42798.8029ms 200 application/json; charset=utf-8
2017-11-21 13:00:31.107 +02:00 [Information] Request starting HTTP/1.1 POST http://localhost:17000/api/Account/api/Account/LogIn application/json 65
2017-11-21 13:00:31.138 +02:00 [Information] Executing action method "WebApi.Controllers.AccountController.LogIn (WebApi)" with arguments (["Common.DTO.AccountDTO.LogInAccount"]) - ModelState is Valid
2017-11-21 13:01:29.525 +02:00 [Information] Executing ObjectResult, writing value "Microsoft.AspNetCore.Mvc.ControllerContext".
2017-11-21 13:01:29.534 +02:00 [Information] Executed action "WebApi.Controllers.AccountController.LogIn (WebApi)" in 58420.7339ms
2017-11-21 13:01:29.551 +02:00 [Information] Request finished in 58430.7785ms 500 application/json; charset=utf-8
2017-11-21 13:01:34.125 +02:00 [Information] Request starting HTTP/1.1 POST http://localhost:17000/api/Account/api/Account/LogIn application/json 65
2017-11-21 13:01:34.128 +02:00 [Information] Executing action method "WebApi.Controllers.AccountController.LogIn (WebApi)" with arguments (["Common.DTO.AccountDTO.LogInAccount"]) - ModelState is Valid
2017-11-21 13:01:40.356 +02:00 [Information] Executed DbCommand (236ms) [Parameters=[@__userNike_0='?' (Size = 4000), @__encrypt_1='?' (Size = 4000), @__userRole_2='?'], CommandType='Text', CommandTimeout='30']
SELECT TOP(1) [p].[Id], [p].[Nike], [p].[Password], [p].[Role]
FROM [Users] AS [p]
WHERE (([p].[Nike] = @__userNike_0) AND ([p].[Password] = @__encrypt_1)) AND ([p].[Role] = @__userRole_2)
2017-11-21 13:01:43.829 +02:00 [Information] Executed DbCommand (51ms) [Parameters=[@__logIn_Nike_0='?' (Size = 4000), @__logIn_Password_1='?' (Size = 4000)], CommandType='Text', CommandTimeout='30']
SELECT CASE
    WHEN EXISTS (
        SELECT 1
        FROM [Users] AS [p]
        WHERE (([p].[Nike] <> @__logIn_Nike_0) OR [p].[Nike] IS NULL) AND (([p].[Password] <> @__logIn_Password_1) OR [p].[Password] IS NULL))
    THEN CAST(1 AS BIT) ELSE CAST(0 AS BIT)
END
2017-11-21 13:01:57.018 +02:00 [Information] Executing ObjectResult, writing value "Microsoft.AspNetCore.Mvc.ControllerContext".
2017-11-21 13:01:59.123 +02:00 [Information] Executed action "WebApi.Controllers.AccountController.LogIn (WebApi)" in 24987.8984ms
2017-11-21 13:01:59.131 +02:00 [Information] Request finished in 25003.1116ms 200 application/json; charset=utf-8
2017-11-21 13:02:45.670 +02:00 [Information] Request starting HTTP/1.1 GET http://localhost:17000/swagger/v1/swagger.json  
2017-11-21 13:02:45.728 +02:00 [Information] Successfully validated the token.
2017-11-21 13:02:45.735 +02:00 [Information] HttpContext.User merged via AutomaticAuthentication from authenticationScheme: "Bearer".
2017-11-21 13:02:45.736 +02:00 [Information] Request finished in 66.9884ms 200 application/json
2017-11-21 13:08:29.660 +02:00 [Information] Request starting HTTP/1.1 GET http://localhost:17000/api.doc/  
2017-11-21 13:08:29.840 +02:00 [Information] Sending file. Request path: '"/index.html"'. Physical path: '"N/A"'
2017-11-21 13:08:29.940 +02:00 [Information] Request starting HTTP/1.1 GET http://localhost:17000/api.doc/css/reset.css  
2017-11-21 13:08:29.952 +02:00 [Information] The file "/css/reset.css" was not modified
2017-11-21 13:08:29.960 +02:00 [Information] Request finished in 15.9616ms 304 text/css
2017-11-21 13:08:29.960 +02:00 [Information] Request finished in 327.9048ms 200 text/html
2017-11-21 13:08:29.968 +02:00 [Information] Request starting HTTP/1.1 GET http://localhost:17000/api.doc/css/typography.css  
2017-11-21 13:08:29.968 +02:00 [Information] Request starting HTTP/1.1 GET http://localhost:17000/api.doc/css/screen.css  
2017-11-21 13:08:29.968 +02:00 [Information] The file "/css/screen.css" was not modified
2017-11-21 13:08:29.992 +02:00 [Information] Request finished in 1.2467ms 304 text/css
2017-11-21 13:08:29.992 +02:00 [Information] The file "/css/typography.css" was not modified
2017-11-21 13:08:29.992 +02:00 [Information] Request starting HTTP/1.1 GET http://localhost:17000/api.doc/lib/object-assign-pollyfill.js  
2017-11-21 13:08:29.992 +02:00 [Information] The file "/lib/object-assign-pollyfill.js" was not modified
2017-11-21 13:08:29.996 +02:00 [Information] Request finished in 2.6265ms 304 application/javascript
2017-11-21 13:08:29.996 +02:00 [Information] Request finished in 24.7266ms 304 text/css
2017-11-21 13:08:30.020 +02:00 [Information] Request starting HTTP/1.1 GET http://localhost:17000/api.doc/lib/jquery-1.8.0.min.js  
2017-11-21 13:08:30.020 +02:00 [Information] The file "/lib/jquery-1.8.0.min.js" was not modified
2017-11-21 13:08:30.020 +02:00 [Information] Request finished in 3.3804ms 304 application/javascript
2017-11-21 13:08:30.024 +02:00 [Information] Request starting HTTP/1.1 GET http://localhost:17000/api.doc/lib/jquery.slideto.min.js  
2017-11-21 13:08:30.024 +02:00 [Information] The file "/lib/jquery.slideto.min.js" was not modified
2017-11-21 13:08:30.024 +02:00 [Information] Request finished in 5.3452ms 304 application/javascript
2017-11-21 13:08:30.032 +02:00 [Information] Request starting HTTP/1.1 GET http://localhost:17000/api.doc/lib/jquery.wiggle.min.js  
2017-11-21 13:08:30.032 +02:00 [Information] The file "/lib/jquery.wiggle.min.js" was not modified
2017-11-21 13:08:30.032 +02:00 [Information] Request finished in 3.9415ms 304 application/javascript
2017-11-21 13:08:30.032 +02:00 [Information] Request starting HTTP/1.1 GET http://localhost:17000/api.doc/lib/jquery.ba-bbq.min.js  
2017-11-21 13:08:30.036 +02:00 [Information] The file "/lib/jquery.ba-bbq.min.js" was not modified
2017-11-21 13:08:30.044 +02:00 [Information] Request finished in 6.7293ms 304 application/javascript
2017-11-21 13:08:30.044 +02:00 [Information] Request starting HTTP/1.1 GET http://localhost:17000/api.doc/lib/handlebars-4.0.5.js  
2017-11-21 13:08:30.044 +02:00 [Information] The file "/lib/handlebars-4.0.5.js" was not modified
2017-11-21 13:08:30.044 +02:00 [Information] Request finished in 11.2465ms 304 application/javascript
2017-11-21 13:08:30.044 +02:00 [Information] Request starting HTTP/1.1 GET http://localhost:17000/api.doc/lib/backbone-min.js  
2017-11-21 13:08:30.048 +02:00 [Information] Request starting HTTP/1.1 GET http://localhost:17000/api.doc/lib/lodash.min.js  
2017-11-21 13:08:30.048 +02:00 [Information] The file "/lib/lodash.min.js" was not modified
2017-11-21 13:08:30.048 +02:00 [Information] Request finished in 5.4485ms 304 application/javascript
2017-11-21 13:08:30.048 +02:00 [Information] Request starting HTTP/1.1 GET http://localhost:17000/api.doc/swagger-ui.min.js  
2017-11-21 13:08:30.052 +02:00 [Information] The file "/lib/backbone-min.js" was not modified
2017-11-21 13:08:30.052 +02:00 [Information] Request finished in 5.7681ms 304 application/javascript
2017-11-21 13:08:30.052 +02:00 [Information] Request starting HTTP/1.1 GET http://localhost:17000/api.doc/lib/highlight.9.1.0.pack.js  
2017-11-21 13:08:30.052 +02:00 [Information] The file "/lib/highlight.9.1.0.pack.js" was not modified
2017-11-21 13:08:30.056 +02:00 [Information] Request finished in 1.6844ms 304 application/javascript
2017-11-21 13:08:30.056 +02:00 [Information] The file "/swagger-ui.min.js" was not modified
2017-11-21 13:08:30.060 +02:00 [Information] Request finished in 8.5819ms 304 application/javascript
2017-11-21 13:08:30.068 +02:00 [Information] Request starting HTTP/1.1 GET http://localhost:17000/api.doc/lib/highlight.9.1.0.pack_extended.js  
2017-11-21 13:08:30.068 +02:00 [Information] The file "/lib/highlight.9.1.0.pack_extended.js" was not modified
2017-11-21 13:08:30.068 +02:00 [Information] Request finished in 6.8275ms 304 application/javascript
2017-11-21 13:08:30.072 +02:00 [Information] Request starting HTTP/1.1 GET http://localhost:17000/api.doc/lib/marked.js  
2017-11-21 13:08:30.072 +02:00 [Information] Request starting HTTP/1.1 GET http://localhost:17000/api.doc/lib/jsoneditor.min.js  
2017-11-21 13:08:30.076 +02:00 [Information] The file "/lib/jsoneditor.min.js" was not modified
2017-11-21 13:08:30.076 +02:00 [Information] The file "/lib/marked.js" was not modified
2017-11-21 13:08:30.076 +02:00 [Information] Request finished in 5.8538ms 304 application/javascript
2017-11-21 13:08:30.080 +02:00 [Information] Request finished in 16.1122ms 304 application/javascript
2017-11-21 13:08:30.084 +02:00 [Information] Request starting HTTP/1.1 GET http://localhost:17000/api.doc/lib/swagger-oauth.js  
2017-11-21 13:08:30.084 +02:00 [Information] The file "/lib/swagger-oauth.js" was not modified
2017-11-21 13:08:30.088 +02:00 [Information] Request finished in 3.854ms 304 application/javascript
2017-11-21 13:08:30.088 +02:00 [Information] Request starting HTTP/1.1 GET http://localhost:17000/api.doc/images/logo_small.png  
2017-11-21 13:08:30.088 +02:00 [Information] The file "/images/logo_small.png" was not modified
2017-11-21 13:08:30.092 +02:00 [Information] Request finished in 11.0246ms 304 image/png
2017-11-21 13:08:30.092 +02:00 [Information] Request starting HTTP/1.1 GET http://localhost:17000/api.doc/css/print.css  
2017-11-21 13:08:30.092 +02:00 [Information] The file "/css/print.css" was not modified
2017-11-21 13:08:30.096 +02:00 [Information] Request finished in 1.6913ms 304 text/css
2017-11-21 13:08:30.388 +02:00 [Information] Request starting HTTP/1.1 GET http://localhost:17000/swagger/v1/swagger.json  
2017-11-21 13:08:30.739 +02:00 [Information] Request finished in 359.2234ms 200 application/json
2017-11-21 13:10:57.393 +02:00 [Information] Request starting HTTP/1.1 GET http://localhost:17000/api.doc/  
2017-11-21 13:10:57.525 +02:00 [Information] Sending file. Request path: '"/index.html"'. Physical path: '"N/A"'
2017-11-21 13:10:57.589 +02:00 [Information] Request starting HTTP/1.1 GET http://localhost:17000/api.doc/css/reset.css  
2017-11-21 13:10:57.605 +02:00 [Information] The file "/css/reset.css" was not modified
2017-11-21 13:10:57.605 +02:00 [Information] Request finished in 234.5713ms 200 text/html
2017-11-21 13:10:57.609 +02:00 [Information] Request finished in 19.6194ms 304 text/css
2017-11-21 13:10:57.613 +02:00 [Information] Request starting HTTP/1.1 GET http://localhost:17000/api.doc/css/typography.css  
2017-11-21 13:10:57.613 +02:00 [Information] The file "/css/typography.css" was not modified
2017-11-21 13:10:57.621 +02:00 [Information] Request finished in 0.9177ms 304 text/css
2017-11-21 13:10:57.621 +02:00 [Information] Request starting HTTP/1.1 GET http://localhost:17000/api.doc/lib/object-assign-pollyfill.js  
2017-11-21 13:10:57.625 +02:00 [Information] The file "/lib/object-assign-pollyfill.js" was not modified
2017-11-21 13:10:57.629 +02:00 [Information] Request starting HTTP/1.1 GET http://localhost:17000/api.doc/css/screen.css  
2017-11-21 13:10:57.629 +02:00 [Information] The file "/css/screen.css" was not modified
2017-11-21 13:10:57.633 +02:00 [Information] Request finished in 10.6355ms 304 text/css
2017-11-21 13:10:57.633 +02:00 [Information] Request starting HTTP/1.1 GET http://localhost:17000/api.doc/lib/jquery.slideto.min.js  
2017-11-21 13:10:57.633 +02:00 [Information] Request finished in 4.6984ms 304 application/javascript
2017-11-21 13:10:57.633 +02:00 [Information] Request starting HTTP/1.1 GET http://localhost:17000/api.doc/lib/jquery-1.8.0.min.js  
2017-11-21 13:10:57.637 +02:00 [Information] The file "/lib/jquery-1.8.0.min.js" was not modified
2017-11-21 13:10:57.641 +02:00 [Information] The file "/lib/jquery.slideto.min.js" was not modified
2017-11-21 13:10:57.649 +02:00 [Information] Request finished in 3.645ms 304 application/javascript
2017-11-21 13:10:57.649 +02:00 [Information] Request finished in 10.8552ms 304 application/javascript
2017-11-21 13:10:57.653 +02:00 [Information] Request starting HTTP/1.1 GET http://localhost:17000/api.doc/lib/jquery.ba-bbq.min.js  
2017-11-21 13:10:57.653 +02:00 [Information] The file "/lib/jquery.ba-bbq.min.js" was not modified
2017-11-21 13:10:57.653 +02:00 [Information] Request starting HTTP/1.1 GET http://localhost:17000/api.doc/lib/jquery.wiggle.min.js  
2017-11-21 13:10:57.665 +02:00 [Information] Request finished in 3.8242ms 304 application/javascript
2017-11-21 13:10:57.665 +02:00 [Information] Request starting HTTP/1.1 GET http://localhost:17000/api.doc/lib/handlebars-4.0.5.js  
2017-11-21 13:10:57.665 +02:00 [Information] The file "/lib/handlebars-4.0.5.js" was not modified
2017-11-21 13:10:57.669 +02:00 [Information] Request finished in 2.6321ms 304 application/javascript
2017-11-21 13:10:57.673 +02:00 [Information] Request starting HTTP/1.1 GET http://localhost:17000/api.doc/lib/lodash.min.js  
2017-11-21 13:10:57.673 +02:00 [Information] The file "/lib/lodash.min.js" was not modified
2017-11-21 13:10:57.685 +02:00 [Information] The file "/lib/jquery.wiggle.min.js" was not modified
2017-11-21 13:10:57.685 +02:00 [Information] Request finished in 2.9132ms 304 application/javascript
2017-11-21 13:10:57.689 +02:00 [Information] Request starting HTTP/1.1 GET http://localhost:17000/api.doc/lib/backbone-min.js  
2017-11-21 13:10:57.693 +02:00 [Information] The file "/lib/backbone-min.js" was not modified
2017-11-21 13:10:57.697 +02:00 [Information] Request finished in 38.2434ms 304 application/javascript
2017-11-21 13:10:57.697 +02:00 [Information] Request finished in 7.0387ms 304 application/javascript
2017-11-21 13:10:57.769 +02:00 [Information] Request starting HTTP/1.1 GET http://localhost:17000/api.doc/swagger-ui.min.js  
2017-11-21 13:10:57.769 +02:00 [Information] The file "/swagger-ui.min.js" was not modified
2017-11-21 13:10:57.777 +02:00 [Information] Request finished in 39.7171ms 304 application/javascript
2017-11-21 13:10:57.777 +02:00 [Information] Request starting HTTP/1.1 GET http://localhost:17000/api.doc/lib/highlight.9.1.0.pack.js  
2017-11-21 13:10:57.777 +02:00 [Information] The file "/lib/highlight.9.1.0.pack.js" was not modified
2017-11-21 13:10:57.781 +02:00 [Information] Request finished in 49.4921ms 304 application/javascript
2017-11-21 13:10:57.781 +02:00 [Information] Request starting HTTP/1.1 GET http://localhost:17000/api.doc/lib/jsoneditor.min.js  
2017-11-21 13:10:57.781 +02:00 [Information] The file "/lib/jsoneditor.min.js" was not modified
2017-11-21 13:10:57.785 +02:00 [Information] Request finished in 2.1802ms 304 application/javascript
2017-11-21 13:10:57.789 +02:00 [Information] Request starting HTTP/1.1 GET http://localhost:17000/api.doc/lib/marked.js  
2017-11-21 13:10:57.789 +02:00 [Information] The file "/lib/marked.js" was not modified
2017-11-21 13:10:57.793 +02:00 [Information] Request finished in 2.5096ms 304 application/javascript
2017-11-21 13:10:57.793 +02:00 [Information] Request starting HTTP/1.1 GET http://localhost:17000/api.doc/lib/swagger-oauth.js  
2017-11-21 13:10:57.793 +02:00 [Information] The file "/lib/swagger-oauth.js" was not modified
2017-11-21 13:10:57.797 +02:00 [Information] Request finished in 4.2956ms 304 application/javascript
2017-11-21 13:10:57.797 +02:00 [Information] Request starting HTTP/1.1 GET http://localhost:17000/api.doc/images/logo_small.png  
2017-11-21 13:10:57.805 +02:00 [Information] The file "/images/logo_small.png" was not modified
2017-11-21 13:10:57.809 +02:00 [Information] Request finished in 8.0435ms 304 image/png
2017-11-21 13:10:57.809 +02:00 [Information] Request starting HTTP/1.1 GET http://localhost:17000/api.doc/css/print.css  
2017-11-21 13:10:57.809 +02:00 [Information] The file "/css/print.css" was not modified
2017-11-21 13:10:57.817 +02:00 [Information] Request finished in 5.2271ms 304 text/css
2017-11-21 13:10:57.821 +02:00 [Information] Request starting HTTP/1.1 GET http://localhost:17000/api.doc/lib/highlight.9.1.0.pack_extended.js  
2017-11-21 13:10:57.821 +02:00 [Information] The file "/lib/highlight.9.1.0.pack_extended.js" was not modified
2017-11-21 13:10:57.825 +02:00 [Information] Request finished in 47.3191ms 304 application/javascript
2017-11-21 13:10:58.053 +02:00 [Information] Request starting HTTP/1.1 GET http://localhost:17000/swagger/v1/swagger.json  
2017-11-21 13:10:58.461 +02:00 [Information] Request finished in 408.5423ms 200 application/json
2017-11-21 13:13:11.476 +02:00 [Information] Request starting HTTP/1.1 GET http://localhost:17000/api.doc/  
2017-11-21 13:13:11.612 +02:00 [Information] Sending file. Request path: '"/index.html"'. Physical path: '"N/A"'
2017-11-21 13:13:11.729 +02:00 [Information] Request starting HTTP/1.1 GET http://localhost:17000/api.doc/css/reset.css  
2017-11-21 13:13:11.736 +02:00 [Information] Request finished in 340.5188ms 200 text/html
2017-11-21 13:13:11.739 +02:00 [Information] The file "/css/reset.css" was not modified
2017-11-21 13:13:11.747 +02:00 [Information] Request finished in 20.18ms 304 text/css
2017-11-21 13:13:11.747 +02:00 [Information] Request starting HTTP/1.1 GET http://localhost:17000/api.doc/css/typography.css  
2017-11-21 13:13:11.747 +02:00 [Information] Request starting HTTP/1.1 GET http://localhost:17000/api.doc/css/screen.css  
2017-11-21 13:13:11.748 +02:00 [Information] The file "/css/typography.css" was not modified
2017-11-21 13:13:11.771 +02:00 [Information] Request finished in 2.4512ms 304 text/css
2017-11-21 13:13:11.771 +02:00 [Information] The file "/css/screen.css" was not modified
2017-11-21 13:13:11.772 +02:00 [Information] Request finished in 24.2086ms 304 text/css
2017-11-21 13:13:11.773 +02:00 [Information] Request starting HTTP/1.1 GET http://localhost:17000/api.doc/lib/object-assign-pollyfill.js  
2017-11-21 13:13:11.774 +02:00 [Information] Request starting HTTP/1.1 GET http://localhost:17000/api.doc/lib/jquery-1.8.0.min.js  
2017-11-21 13:13:11.775 +02:00 [Information] The file "/lib/jquery-1.8.0.min.js" was not modified
2017-11-21 13:13:11.778 +02:00 [Information] Request finished in 3.0502ms 304 application/javascript
2017-11-21 13:13:11.778 +02:00 [Information] Request starting HTTP/1.1 GET http://localhost:17000/api.doc/lib/jquery.slideto.min.js  
2017-11-21 13:13:11.779 +02:00 [Information] The file "/lib/jquery.slideto.min.js" was not modified
2017-11-21 13:13:11.780 +02:00 [Information] Request finished in 1.3085ms 304 application/javascript
2017-11-21 13:13:11.781 +02:00 [Information] Request starting HTTP/1.1 GET http://localhost:17000/api.doc/lib/jquery.wiggle.min.js  
2017-11-21 13:13:11.781 +02:00 [Information] The file "/lib/jquery.wiggle.min.js" was not modified
2017-11-21 13:13:11.783 +02:00 [Information] Request finished in 1.7152ms 304 application/javascript
2017-11-21 13:13:11.784 +02:00 [Information] Request starting HTTP/1.1 GET http://localhost:17000/api.doc/lib/jquery.ba-bbq.min.js  
2017-11-21 13:13:11.785 +02:00 [Information] The file "/lib/jquery.ba-bbq.min.js" was not modified
2017-11-21 13:13:11.786 +02:00 [Information] Request finished in 2.1687ms 304 application/javascript
2017-11-21 13:13:11.787 +02:00 [Information] Request starting HTTP/1.1 GET http://localhost:17000/api.doc/lib/handlebars-4.0.5.js  
2017-11-21 13:13:11.797 +02:00 [Information] The file "/lib/object-assign-pollyfill.js" was not modified
2017-11-21 13:13:11.806 +02:00 [Information] Request finished in 26.5869ms 304 application/javascript
2017-11-21 13:13:11.808 +02:00 [Information] Request starting HTTP/1.1 GET http://localhost:17000/api.doc/lib/lodash.min.js  
2017-11-21 13:13:11.810 +02:00 [Information] The file "/lib/lodash.min.js" was not modified
2017-11-21 13:13:11.813 +02:00 [Information] Request finished in 3.5959ms 304 application/javascript
2017-11-21 13:13:11.814 +02:00 [Information] Request starting HTTP/1.1 GET http://localhost:17000/api.doc/lib/backbone-min.js  
2017-11-21 13:13:11.817 +02:00 [Information] The file "/lib/backbone-min.js" was not modified
2017-11-21 13:13:11.820 +02:00 [Information] Request finished in 4.2069ms 304 application/javascript
2017-11-21 13:13:11.822 +02:00 [Information] Request starting HTTP/1.1 GET http://localhost:17000/api.doc/swagger-ui.min.js  
2017-11-21 13:13:11.824 +02:00 [Information] The file "/swagger-ui.min.js" was not modified
2017-11-21 13:13:11.831 +02:00 [Information] Request finished in 6.3074ms 304 application/javascript
2017-11-21 13:13:11.833 +02:00 [Information] Request starting HTTP/1.1 GET http://localhost:17000/api.doc/lib/highlight.9.1.0.pack.js  
2017-11-21 13:13:11.835 +02:00 [Information] The file "/lib/highlight.9.1.0.pack.js" was not modified
2017-11-21 13:13:11.835 +02:00 [Information] The file "/lib/handlebars-4.0.5.js" was not modified
2017-11-21 13:13:11.859 +02:00 [Information] Request finished in 4.0064ms 304 application/javascript
2017-11-21 13:13:11.859 +02:00 [Information] Request starting HTTP/1.1 GET http://localhost:17000/api.doc/lib/highlight.9.1.0.pack_extended.js  
2017-11-21 13:13:11.861 +02:00 [Information] The file "/lib/highlight.9.1.0.pack_extended.js" was not modified
2017-11-21 13:13:11.862 +02:00 [Information] Request finished in 49.606ms 304 application/javascript
2017-11-21 13:13:11.862 +02:00 [Information] Request starting HTTP/1.1 GET http://localhost:17000/api.doc/lib/jsoneditor.min.js  
2017-11-21 13:13:11.863 +02:00 [Information] The file "/lib/jsoneditor.min.js" was not modified
2017-11-21 13:13:11.864 +02:00 [Information] Request finished in 1.2087ms 304 application/javascript
2017-11-21 13:13:11.867 +02:00 [Information] Request finished in 3.2904ms 304 application/javascript
2017-11-21 13:13:11.889 +02:00 [Information] Request starting HTTP/1.1 GET http://localhost:17000/api.doc/lib/marked.js  
2017-11-21 13:13:11.890 +02:00 [Information] Request starting HTTP/1.1 GET http://localhost:17000/api.doc/lib/swagger-oauth.js  
2017-11-21 13:13:11.890 +02:00 [Information] The file "/lib/marked.js" was not modified
2017-11-21 13:13:11.891 +02:00 [Information] The file "/lib/swagger-oauth.js" was not modified
2017-11-21 13:13:11.891 +02:00 [Information] Request finished in 5.0393ms 304 application/javascript
2017-11-21 13:13:11.892 +02:00 [Information] Request finished in 4.509ms 304 application/javascript
2017-11-21 13:13:11.900 +02:00 [Information] Request starting HTTP/1.1 GET http://localhost:17000/api.doc/images/logo_small.png  
2017-11-21 13:13:11.901 +02:00 [Information] The file "/images/logo_small.png" was not modified
2017-11-21 13:13:11.902 +02:00 [Information] Request finished in 2.5096ms 304 image/png
2017-11-21 13:13:11.903 +02:00 [Information] Request starting HTTP/1.1 GET http://localhost:17000/api.doc/css/print.css  
2017-11-21 13:13:11.904 +02:00 [Information] The file "/css/print.css" was not modified
2017-11-21 13:13:11.905 +02:00 [Information] Request finished in 1.3943ms 304 text/css
2017-11-21 13:13:12.195 +02:00 [Information] Request starting HTTP/1.1 GET http://localhost:17000/swagger/v1/swagger.json  
2017-11-21 13:13:12.622 +02:00 [Information] Request finished in 433.4422ms 200 application/json
2017-11-21 13:22:54.921 +02:00 [Information] Request starting HTTP/1.1 GET http://localhost:17000/api.doc/  
2017-11-21 13:22:55.019 +02:00 [Information] Sending file. Request path: '"/index.html"'. Physical path: '"N/A"'
2017-11-21 13:22:55.105 +02:00 [Information] Request finished in 199.2621ms 200 text/html
2017-11-21 13:22:55.110 +02:00 [Information] Request starting HTTP/1.1 GET http://localhost:17000/api.doc/css/reset.css  
2017-11-21 13:22:55.112 +02:00 [Information] Request starting HTTP/1.1 GET http://localhost:17000/api.doc/css/typography.css  
2017-11-21 13:22:55.115 +02:00 [Information] The file "/css/typography.css" was not modified
2017-11-21 13:22:55.115 +02:00 [Information] The file "/css/reset.css" was not modified
2017-11-21 13:22:55.119 +02:00 [Information] Request finished in 7.1513ms 304 text/css
2017-11-21 13:22:55.122 +02:00 [Information] Request starting HTTP/1.1 GET http://localhost:17000/api.doc/css/screen.css  
2017-11-21 13:22:55.123 +02:00 [Information] The file "/css/screen.css" was not modified
2017-11-21 13:22:55.124 +02:00 [Information] Request finished in 2.1026ms 304 text/css
2017-11-21 13:22:55.125 +02:00 [Information] Request starting HTTP/1.1 GET http://localhost:17000/api.doc/lib/jquery-1.8.0.min.js  
2017-11-21 13:22:55.126 +02:00 [Information] The file "/lib/jquery-1.8.0.min.js" was not modified
2017-11-21 13:22:55.127 +02:00 [Information] Request finished in 1.8995ms 304 application/javascript
2017-11-21 13:22:55.128 +02:00 [Information] Request starting HTTP/1.1 GET http://localhost:17000/api.doc/lib/jquery.slideto.min.js  
2017-11-21 13:22:55.129 +02:00 [Information] The file "/lib/jquery.slideto.min.js" was not modified
2017-11-21 13:22:55.130 +02:00 [Information] Request finished in 1.757ms 304 application/javascript
2017-11-21 13:22:55.131 +02:00 [Information] Request starting HTTP/1.1 GET http://localhost:17000/api.doc/lib/jquery.wiggle.min.js  
2017-11-21 13:22:55.132 +02:00 [Information] The file "/lib/jquery.wiggle.min.js" was not modified
2017-11-21 13:22:55.132 +02:00 [Information] Request finished in 13.4984ms 304 text/css
2017-11-21 13:22:55.133 +02:00 [Information] Request finished in 1.4826ms 304 application/javascript
2017-11-21 13:22:55.134 +02:00 [Information] Request starting HTTP/1.1 GET http://localhost:17000/api.doc/lib/object-assign-pollyfill.js  
2017-11-21 13:22:55.134 +02:00 [Information] The file "/lib/object-assign-pollyfill.js" was not modified
2017-11-21 13:22:55.135 +02:00 [Information] Request finished in 2.0748ms 304 application/javascript
2017-11-21 13:22:55.136 +02:00 [Information] Request starting HTTP/1.1 GET http://localhost:17000/api.doc/lib/handlebars-4.0.5.js  
2017-11-21 13:22:55.137 +02:00 [Information] Request starting HTTP/1.1 GET http://localhost:17000/api.doc/lib/jquery.ba-bbq.min.js  
2017-11-21 13:22:55.145 +02:00 [Information] The file "/lib/handlebars-4.0.5.js" was not modified
2017-11-21 13:22:55.146 +02:00 [Information] Request finished in 10.0002ms 304 application/javascript
2017-11-21 13:22:55.147 +02:00 [Information] Request starting HTTP/1.1 GET http://localhost:17000/api.doc/lib/lodash.min.js  
2017-11-21 13:22:55.148 +02:00 [Information] The file "/lib/lodash.min.js" was not modified
2017-11-21 13:22:55.148 +02:00 [Information] Request finished in 1.5509ms 304 application/javascript
2017-11-21 13:22:55.149 +02:00 [Information] The file "/lib/jquery.ba-bbq.min.js" was not modified
2017-11-21 13:22:55.150 +02:00 [Information] Request finished in 16.0115ms 304 application/javascript
2017-11-21 13:22:55.150 +02:00 [Information] Request starting HTTP/1.1 GET http://localhost:17000/api.doc/lib/backbone-min.js  
2017-11-21 13:22:55.151 +02:00 [Information] The file "/lib/backbone-min.js" was not modified
2017-11-21 13:22:55.152 +02:00 [Information] Request starting HTTP/1.1 GET http://localhost:17000/api.doc/swagger-ui.min.js  
2017-11-21 13:22:55.152 +02:00 [Information] The file "/swagger-ui.min.js" was not modified
2017-11-21 13:22:55.153 +02:00 [Information] Request finished in 1.7489ms 304 application/javascript
2017-11-21 13:22:55.155 +02:00 [Information] Request finished in 2.5881ms 304 application/javascript
2017-11-21 13:22:55.169 +02:00 [Information] Request starting HTTP/1.1 GET http://localhost:17000/api.doc/lib/highlight.9.1.0.pack.js  
2017-11-21 13:22:55.170 +02:00 [Information] The file "/lib/highlight.9.1.0.pack.js" was not modified
2017-11-21 13:22:55.171 +02:00 [Information] Request finished in 1.6546ms 304 application/javascript
2017-11-21 13:22:55.172 +02:00 [Information] Request starting HTTP/1.1 GET http://localhost:17000/api.doc/lib/highlight.9.1.0.pack_extended.js  
2017-11-21 13:22:55.173 +02:00 [Information] The file "/lib/highlight.9.1.0.pack_extended.js" was not modified
2017-11-21 13:22:55.174 +02:00 [Information] Request finished in 1.8363ms 304 application/javascript
2017-11-21 13:22:55.180 +02:00 [Information] Request starting HTTP/1.1 GET http://localhost:17000/api.doc/lib/jsoneditor.min.js  
2017-11-21 13:22:55.180 +02:00 [Information] The file "/lib/jsoneditor.min.js" was not modified
2017-11-21 13:22:55.181 +02:00 [Information] Request finished in 1.655ms 304 application/javascript
2017-11-21 13:22:55.183 +02:00 [Information] Request starting HTTP/1.1 GET http://localhost:17000/api.doc/lib/marked.js  
2017-11-21 13:22:55.190 +02:00 [Information] Request starting HTTP/1.1 GET http://localhost:17000/api.doc/lib/swagger-oauth.js  
2017-11-21 13:22:55.190 +02:00 [Information] The file "/lib/swagger-oauth.js" was not modified
2017-11-21 13:22:55.191 +02:00 [Information] Request finished in 7.5737ms 304 application/javascript
2017-11-21 13:22:55.192 +02:00 [Information] The file "/lib/marked.js" was not modified
2017-11-21 13:22:55.193 +02:00 [Information] Request finished in 11.9159ms 304 application/javascript
2017-11-21 13:22:55.194 +02:00 [Information] Request starting HTTP/1.1 GET http://localhost:17000/api.doc/images/logo_small.png  
2017-11-21 13:22:55.195 +02:00 [Information] The file "/images/logo_small.png" was not modified
2017-11-21 13:22:55.195 +02:00 [Information] Request finished in 1.5445ms 304 image/png
2017-11-21 13:22:55.216 +02:00 [Information] Request starting HTTP/1.1 GET http://localhost:17000/api.doc/css/print.css  
2017-11-21 13:22:55.217 +02:00 [Information] The file "/css/print.css" was not modified
2017-11-21 13:22:55.218 +02:00 [Information] Request finished in 1.9571ms 304 text/css
2017-11-21 13:22:55.504 +02:00 [Information] Request starting HTTP/1.1 GET http://localhost:17000/swagger/v1/swagger.json  
2017-11-21 13:22:55.837 +02:00 [Information] Request finished in 335.284ms 200 application/json
2017-11-21 13:27:13.765 +02:00 [Information] Request starting HTTP/1.1 GET http://localhost:17000/api.doc  
2017-11-21 13:27:13.937 +02:00 [Information] Request finished in 187.7156ms 301 
2017-11-21 13:27:13.981 +02:00 [Information] Request starting HTTP/1.1 GET http://localhost:17000/api.doc/  
2017-11-21 13:27:14.011 +02:00 [Information] Sending file. Request path: '"/index.html"'. Physical path: '"N/A"'
2017-11-21 13:27:14.030 +02:00 [Information] Request finished in 46.4828ms 200 text/html
2017-11-21 13:27:14.040 +02:00 [Information] Request starting HTTP/1.1 GET http://localhost:17000/api.doc/css/typography.css  
2017-11-21 13:27:14.041 +02:00 [Information] Request starting HTTP/1.1 GET http://localhost:17000/api.doc/css/reset.css  
2017-11-21 13:27:14.042 +02:00 [Information] Sending file. Request path: '"/css/typography.css"'. Physical path: '"N/A"'
2017-11-21 13:27:14.044 +02:00 [Information] Sending file. Request path: '"/css/reset.css"'. Physical path: '"N/A"'
2017-11-21 13:27:14.067 +02:00 [Information] Request finished in 3.4641ms 200 text/css
2017-11-21 13:27:14.067 +02:00 [Information] Request finished in 4.9446ms 200 text/css
2017-11-21 13:27:14.068 +02:00 [Information] Request starting HTTP/1.1 GET http://localhost:17000/api.doc/lib/object-assign-pollyfill.js  
2017-11-21 13:27:14.068 +02:00 [Information] Sending file. Request path: '"/lib/object-assign-pollyfill.js"'. Physical path: '"N/A"'
2017-11-21 13:27:14.069 +02:00 [Information] Request finished in 1.309ms 200 application/javascript
2017-11-21 13:27:14.072 +02:00 [Information] Request starting HTTP/1.1 GET http://localhost:17000/api.doc/lib/jquery-1.8.0.min.js  
2017-11-21 13:27:14.072 +02:00 [Information] Sending file. Request path: '"/lib/jquery-1.8.0.min.js"'. Physical path: '"N/A"'
2017-11-21 13:27:14.073 +02:00 [Information] Request starting HTTP/1.1 GET http://localhost:17000/api.doc/css/screen.css  
2017-11-21 13:27:14.074 +02:00 [Information] Sending file. Request path: '"/css/screen.css"'. Physical path: '"N/A"'
2017-11-21 13:27:14.106 +02:00 [Information] Request finished in 33.6717ms 200 application/javascript
2017-11-21 13:27:14.107 +02:00 [Information] Request starting HTTP/1.1 GET http://localhost:17000/api.doc/lib/jquery.slideto.min.js  
2017-11-21 13:27:14.109 +02:00 [Information] Sending file. Request path: '"/lib/jquery.slideto.min.js"'. Physical path: '"N/A"'
2017-11-21 13:27:14.110 +02:00 [Information] Request finished in 2.941ms 200 application/javascript
2017-11-21 13:27:14.125 +02:00 [Information] Request finished in 43.2248ms 200 text/css
2017-11-21 13:27:14.127 +02:00 [Information] Request starting HTTP/1.1 GET http://localhost:17000/api.doc/lib/jquery.wiggle.min.js  
2017-11-21 13:27:14.133 +02:00 [Information] Request starting HTTP/1.1 GET http://localhost:17000/api.doc/lib/jquery.ba-bbq.min.js  
2017-11-21 13:27:14.137 +02:00 [Information] Sending file. Request path: '"/lib/jquery.ba-bbq.min.js"'. Physical path: '"N/A"'
2017-11-21 13:27:14.140 +02:00 [Information] Request finished in 12.2526ms 200 application/javascript
2017-11-21 13:27:14.142 +02:00 [Information] Sending file. Request path: '"/lib/jquery.wiggle.min.js"'. Physical path: '"N/A"'
2017-11-21 13:27:14.149 +02:00 [Information] Request finished in 31.7773ms 200 application/javascript
2017-11-21 13:27:14.152 +02:00 [Information] Request starting HTTP/1.1 GET http://localhost:17000/api.doc/lib/lodash.min.js  
2017-11-21 13:27:14.153 +02:00 [Information] Sending file. Request path: '"/lib/lodash.min.js"'. Physical path: '"N/A"'
2017-11-21 13:27:14.154 +02:00 [Information] Request starting HTTP/1.1 GET http://localhost:17000/api.doc/lib/handlebars-4.0.5.js  
2017-11-21 13:27:14.156 +02:00 [Information] Request finished in 4.7872ms 200 application/javascript
2017-11-21 13:27:14.171 +02:00 [Information] Request starting HTTP/1.1 GET http://localhost:17000/api.doc/lib/backbone-min.js  
2017-11-21 13:27:14.177 +02:00 [Information] Sending file. Request path: '"/lib/backbone-min.js"'. Physical path: '"N/A"'
2017-11-21 13:27:14.182 +02:00 [Information] Request finished in 23.1556ms 200 application/javascript
2017-11-21 13:27:14.183 +02:00 [Information] Request starting HTTP/1.1 GET http://localhost:17000/api.doc/swagger-ui.min.js  
2017-11-21 13:27:14.184 +02:00 [Information] Sending file. Request path: '"/swagger-ui.min.js"'. Physical path: '"N/A"'
2017-11-21 13:27:14.185 +02:00 [Information] Sending file. Request path: '"/lib/handlebars-4.0.5.js"'. Physical path: '"N/A"'
2017-11-21 13:27:14.204 +02:00 [Information] Request finished in 60.2172ms 200 application/javascript
2017-11-21 13:27:14.205 +02:00 [Information] Request starting HTTP/1.1 GET http://localhost:17000/api.doc/lib/highlight.9.1.0.pack.js  
2017-11-21 13:27:14.206 +02:00 [Information] Sending file. Request path: '"/lib/highlight.9.1.0.pack.js"'. Physical path: '"N/A"'
2017-11-21 13:27:14.208 +02:00 [Information] Request finished in 1.8376ms 200 application/javascript
2017-11-21 13:27:14.209 +02:00 [Information] Request starting HTTP/1.1 GET http://localhost:17000/api.doc/lib/highlight.9.1.0.pack_extended.js  
2017-11-21 13:27:14.210 +02:00 [Information] Sending file. Request path: '"/lib/highlight.9.1.0.pack_extended.js"'. Physical path: '"N/A"'
2017-11-21 13:27:14.211 +02:00 [Information] Request finished in 2.0091ms 200 application/javascript
2017-11-21 13:27:14.238 +02:00 [Information] Request starting HTTP/1.1 GET http://localhost:17000/api.doc/lib/jsoneditor.min.js  
2017-11-21 13:27:14.239 +02:00 [Information] Sending file. Request path: '"/lib/jsoneditor.min.js"'. Physical path: '"N/A"'
2017-11-21 13:27:14.293 +02:00 [Information] Request finished in 32.6592ms 200 application/javascript
2017-11-21 13:27:14.300 +02:00 [Information] Request starting HTTP/1.1 GET http://localhost:17000/api.doc/lib/marked.js  
2017-11-21 13:27:14.300 +02:00 [Information] Sending file. Request path: '"/lib/marked.js"'. Physical path: '"N/A"'
2017-11-21 13:27:14.304 +02:00 [Information] Request finished in 7.2985ms 200 application/javascript
2017-11-21 13:27:14.305 +02:00 [Information] Request finished in 115.1476ms 200 application/javascript
2017-11-21 13:27:14.305 +02:00 [Information] Request starting HTTP/1.1 GET http://localhost:17000/api.doc/lib/swagger-oauth.js  
2017-11-21 13:27:14.306 +02:00 [Information] Sending file. Request path: '"/lib/swagger-oauth.js"'. Physical path: '"N/A"'
2017-11-21 13:27:14.307 +02:00 [Information] Request finished in 1.4788ms 200 application/javascript
2017-11-21 13:27:14.325 +02:00 [Information] Request starting HTTP/1.1 GET http://localhost:17000/api.doc/images/logo_small.png  
2017-11-21 13:27:14.326 +02:00 [Information] Sending file. Request path: '"/images/logo_small.png"'. Physical path: '"N/A"'
2017-11-21 13:27:14.326 +02:00 [Information] Request finished in 1.4417ms 200 image/png
2017-11-21 13:27:14.328 +02:00 [Information] Request starting HTTP/1.1 GET http://localhost:17000/api.doc/css/print.css  
2017-11-21 13:27:14.329 +02:00 [Information] Sending file. Request path: '"/css/print.css"'. Physical path: '"N/A"'
2017-11-21 13:27:14.338 +02:00 [Information] Request finished in 2.4162ms 200 text/css
2017-11-21 13:27:14.580 +02:00 [Information] Request starting HTTP/1.1 GET http://localhost:17000/swagger/v1/swagger.json  
2017-11-21 13:27:14.647 +02:00 [Information] Request starting HTTP/1.1 GET http://localhost:17000/api.doc/images/favicon-32x32.png  
2017-11-21 13:27:14.648 +02:00 [Information] Sending file. Request path: '"/images/favicon-32x32.png"'. Physical path: '"N/A"'
2017-11-21 13:27:14.649 +02:00 [Information] Request finished in 2.5403ms 200 image/png
2017-11-21 13:27:14.657 +02:00 [Information] Request starting HTTP/1.1 GET http://localhost:17000/api.doc/images/favicon-16x16.png  
2017-11-21 13:27:14.658 +02:00 [Information] Sending file. Request path: '"/images/favicon-16x16.png"'. Physical path: '"N/A"'
2017-11-21 13:27:14.659 +02:00 [Information] Request finished in 1.6763ms 200 image/png
2017-11-21 13:27:15.014 +02:00 [Information] Request finished in 419.2713ms 200 application/json
